 
                                                    \ /               
                                              ..-'''-*-               
                                              \.-'''\ \               
      _____ _____      _                             | |              
     |  ___/  __ \    | |                         __/ /               
     | |_  | /  \/ ___| | __ _ ___ ___  ___  ___ |_  '.               
     |  _| | |    / __| |/ _` / __/ __|/ _ \/ __|   `.  \             
     | |   | \__/\ (__| | (_| \__ \__ \  __/\__ \     \ '.            
     \_|    \____/\___|_|\__,_|___/___/\___||___/      , |            
                                                       | |            
                                                      / ,'            
                                              -....--'  /             
                                              `.. __..-'              
                                                                      
 ********************************************************* 
   FCCLASSES3:                                             
   A code for vibronic simulations                         
                                                           
                                                           
 ********************************************************* 


 GIT VERSION INFO
  Commit id  : v3.0.4-0-gc73a9b5
  Commit date: 2024-08-01 12:00:32 +0200

 CURRENT RUN INFO
  Date&Time  : 2026-06-09, 08:20:28
  Input file : fcc.inp
  Input type : NEW



 INPUT OPTIONS:
-------------------------------
$$$
;GENERAL OPTIONS:
; NAT        = (read from structure files)
; NVIB       = (determined vibrational analysis)
PROPERTY     =   IC    
MODEL        =   AH   
NAC_REF      =   ICi  
TEMP         =   298.15
DE           =  (read)
BROADFUN     =   LOR  
HWHM         =   0.0100
RESOL        =   0.0010  ; (default: HWHM/10)
METHOD       =   TD   
ROT          =   2
SPCMIN       =  (estimated)
SPCMAX       =  (estimated)
;VIBRATIONAL ANALYSIS
NORMALMODES  =   COMPUTE  
RM_COORD     =   NONE    
COORDS       =   INTERNAL   
RED2NONRED   =   REIMERS
IC_FORM      =   ALL    
FORCE_REAL   =   NO   
;INPUT DATA FILES
STATE1_FILE  =   S2.fcc
STATE2_FILE  =   S0.fcc
MASS_FILE    =   
ELDIP_FILE   =   
MAGDIP_FILE  =   
NAC_FILE     =   nac_S2_fchk
NRCOUP_FILE  =   
HESS1_FILE   =   S2.fcc
HESS2_FILE   =   S0.fcc
GRAD1_FILE   =   S2.fcc
GRAD2_COORD  =   CARTESIAN
GRAD2_FILE   =   S0.fcc
NAC_COORD  =   CARTESIAN
;VERBOSE LEVEL
VERBOSE      =   1
  
-------------------------------



 ==> State 1 <==

 Geometry file: S2.fcc


 Energy file: S2.fcc
 Gradient file: S2.fcc

NOTE: The calculation for this State will assume stationary point since the gradient is                   
      small (maximum atomic gradient:   0.000045 a.u.)                                                    
 
 Hessian file: S2.fcc



 ---------------------------------------
  Check effect of symmetry operations
  on Hessian elements (or gs^t\beta)
 ---------------------------------------

 Using input geometry instead of rotating to principal axis of intertia to detect symmetry


NOTE: Cannot determine symmetry. Set to C1 (no symmetric atoms)                                           
 
 
 ---------------------------------------



 =========================
  ANALYSIS OF DOFs
 =========================

 => STATE 1 <=
 Geometry (Angstroms)
 29    # Nr. of atoms
   Atom       X         Y         Z      Mass
O          1.3474    9.8408    0.8977   15.9949
O         -4.8535    9.7443   -0.2456   15.9949
N         -2.1107   12.9210    0.3606   14.0031
H         -2.4304   13.8745    0.3218    1.0078
C         -2.6842   10.6165    0.2193   12.0000
C         -0.7796   12.7134    0.5481   12.0000
C         -3.0670   11.9317    0.1604   12.0000
C         -3.5900    9.5621    0.0214   12.0000
C         -1.2475   10.2559    0.5280   12.0000
H         -1.1946    9.6986    1.4684    1.0078
H         -0.8660    9.5663   -0.2276    1.0078
C         -0.3034   11.4372    0.6058   12.0000
C          1.0841   11.0377    0.7739   12.0000
C         -4.4313   12.4690   -0.0912   12.0000
H         -4.4387   13.1451   -0.9512    1.0078
H         -5.1433   11.6690   -0.2966    1.0078
H         -4.8058   13.0250    0.7739    1.0078
C         -3.2686    8.0911    0.1004   12.0000
H         -3.4688    7.6026   -0.8562    1.0078
H         -2.2225    7.9585    0.3587    1.0078
H         -3.8884    7.6060    0.8580    1.0078
C          2.2405   12.0117    0.7854   12.0000
H          2.1994   12.7219   -0.0372    1.0078
H          2.2657   12.5776    1.7173    1.0078
H          3.1580   11.4330    0.7131    1.0078
C         -0.0027   13.9934    0.6634   12.0000
H          0.6797   13.9827    1.5070    1.0078
H          0.5769   14.1877   -0.2386    1.0078
H         -0.6839   14.8314    0.8033    1.0078
 

 ------------------------------------------------
   INERTIA TENSOR (to be multiplied by 10**5)
 ------------------------------------------------

             1           2           3
  
    1     9.96108    -3.30626    -2.71434
    2    -3.30626    18.03775    -0.56499
    3    -2.71434    -0.56499    26.82205
 ------------------------------------------------


 ------------------------------------------------
   ROTATIONAL CONSTANTS (AND ROTATION MATRIX)
 ------------------------------------------------

 ROOT NO.    1           2           3

    ************************************
  
    1     0.93319     0.32779     0.14732
    2     0.32465    -0.94474     0.04559
    3    -0.15412    -0.00528     0.98804
 ------------------------------------------------

  Rotational constants (GHz)
     1.10050     0.47979     0.33809
  Rotational temperatures (K)
     0.05282     0.02303     0.01623


 -------------------
  DOF   Dimension
 -------------------
  Vib    81
  Rot    3
  Tra    3
 -------------------



 =========================
  GENERATE INTERNAL SETS
 =========================

 => STATE 1 <=

NOTE: Cannot determine symmetry. Set to C1 (no symmetric atoms)                                           
 
 

 -----------------------------------------------------------------
 COMPUTING INTERNAL SET TO DEFINE THE VIBRATIONAL SPACE
 -----------------------------------------------------------------

 ----------------------------------------------------------
  Summary of valence internal coordianate set
   Type      = ALL
   Ns        = 140
   Nic(orig) = 140
   Nbonds    = 29
   Nangles   = 51
   Ndiheds   = 60
   Nimprop   = 0
 ----------------------------------------------------------

 
 ------------------------------------------------------
   n   Coeff  type  label                 Value
 ------------------------------------------------------
   1   1.000   b    O1-C13                1.2318
   2   1.000   b    O2-C8                 1.3042
   3   1.000   b    N3-H4                 1.0063
   4   1.000   b    N3-C6                 1.3603
   5   1.000   b    N3-C7                 1.3904
   6   1.000   b    C5-C7                 1.3710
   7   1.000   b    C5-C8                 1.4041
   8   1.000   b    C5-C9                 1.5131
   9   1.000   b    C6-C12                1.3633
  10   1.000   b    C6-C26                1.5017
  11   1.000   b    C7-C14                1.4877
  12   1.000   b    C8-C18                1.5078
  13   1.000   b    C9-H10                1.0944
  14   1.000   b    C9-H11                1.0918
  15   1.000   b    C9-C12                1.5142
  16   1.000   b    C12-C13               1.4536
  17   1.000   b    C13-C22               1.5120
  18   1.000   b    C14-H15               1.0940
  19   1.000   b    C14-H16               1.0905
  20   1.000   b    C14-H17               1.0945
  21   1.000   b    C18-H19               1.0926
  22   1.000   b    C18-H20               1.0857
  23   1.000   b    C18-H21               1.0924
  24   1.000   b    C22-H23               1.0875
  25   1.000   b    C22-H24               1.0905
  26   1.000   b    C22-H25               1.0871
  27   1.000   b    C26-H27               1.0851
  28   1.000   b    C26-H28               1.0896
  29   1.000   b    C26-H29               1.0890
  30   1.000   a    O1-C13-C12           118.864
  31   1.000   a    O1-C13-C22           117.497
  32   1.000   a    O2-C8-C5             123.298
  33   1.000   a    O2-C8-C18            110.702
  34   1.000   a    N3-C6-C12            119.375
  35   1.000   a    N3-C6-C26            112.751
  36   1.000   a    N3-C7-C5             118.967
  37   1.000   a    N3-C7-C14            113.457
  38   1.000   a    H4-N3-C6             117.439
  39   1.000   a    H4-N3-C7             116.750
  40   1.000   a    C5-C7-C14            127.575
  41   1.000   a    C5-C8-C18            125.996
  42   1.000   a    C5-C9-H10            110.027
  43   1.000   a    C5-C9-H11            109.943
  44   1.000   a    C5-C9-C12            114.619
  45   1.000   a    C6-N3-C7             125.753
  46   1.000   a    C6-C12-C9            120.686
  47   1.000   a    C6-C12-C13           126.553
  48   1.000   a    C6-C26-H27           112.124
  49   1.000   a    C6-C26-H28           111.319
  50   1.000   a    C6-C26-H29           110.012
  51   1.000   a    C7-C5-C8             122.286
  52   1.000   a    C7-C5-C9             120.167
  53   1.000   a    C7-C14-H15           111.246
  54   1.000   a    C7-C14-H16           111.446
  55   1.000   a    C7-C14-H17           111.322
  56   1.000   a    C8-C5-C9             117.540
  57   1.000   a    C8-C18-H19           110.564
  58   1.000   a    C8-C18-H20           109.697
  59   1.000   a    C8-C18-H21           110.402
  60   1.000   a    C9-C12-C13           112.745
  61   1.000   a    H10-C9-H11           104.840
  62   1.000   a    H10-C9-C12           108.844
  63   1.000   a    H11-C9-C12           108.095
  64   1.000   a    C12-C6-C26           127.874
  65   1.000   a    C12-C13-C22          123.632
  66   1.000   a    C13-C22-H23          112.705
  67   1.000   a    C13-C22-H24          111.004
  68   1.000   a    C13-C22-H25          107.582
  69   1.000   a    H15-C14-H16          107.515
  70   1.000   a    H15-C14-H17          107.764
  71   1.000   a    H16-C14-H17          107.347
  72   1.000   a    H19-C18-H20          109.280
  73   1.000   a    H19-C18-H21          107.743
  74   1.000   a    H20-C18-H21          109.114
  75   1.000   a    H23-C22-H24          107.960
  76   1.000   a    H23-C22-H25          109.225
  77   1.000   a    H24-C22-H25          108.271
  78   1.000   a    H27-C26-H28          108.108
  79   1.000   a    H27-C26-H29          107.523
  80   1.000   a    H28-C26-H29          107.570
  81   1.000   d    H4-N3-C6-C12        -179.951
  82   1.000   d    H4-N3-C6-C26          -0.154
  83   1.000   d    C7-N3-C6-C12          -2.849
  84   1.000   d    C7-N3-C6-C26         176.948
  85   1.000   d    C6-N3-C7-C5            3.641
  86   1.000   d    C6-N3-C7-C14        -176.759
  87   1.000   d    H4-N3-C7-C5         -179.239
  88   1.000   d    H4-N3-C7-C14           0.361
  89   1.000   d    C8-C5-C7-N3         -179.676
  90   1.000   d    C8-C5-C7-C14           0.787
  91   1.000   d    C9-C5-C7-N3            1.328
  92   1.000   d    C9-C5-C7-C14        -178.209
  93   1.000   d    C7-C5-C8-O2            0.734
  94   1.000   d    C7-C5-C8-C18        -178.401
  95   1.000   d    C9-C5-C8-O2          179.755
  96   1.000   d    C9-C5-C8-C18           0.620
  97   1.000   d    C8-C5-C9-H11          52.775
  98   1.000   d    C8-C5-C9-C12         174.760
  99   1.000   d    C7-C5-C9-H10         116.840
 100   1.000   d    C7-C5-C9-H11        -128.183
 101   1.000   d    C7-C5-C9-C12          -6.197
 102   1.000   d    C8-C5-C9-H10         -62.202
 103   1.000   d    N3-C6-C12-C9          -2.850
 104   1.000   d    N3-C6-C12-C13        178.739
 105   1.000   d    C26-C6-C12-C9        177.388
 106   1.000   d    C26-C6-C12-C13        -1.024
 107   1.000   d    N3-C6-C26-H29         13.017
 108   1.000   d    C12-C6-C26-H27       -47.605
 109   1.000   d    C12-C6-C26-H28        73.648
 110   1.000   d    C12-C6-C26-H29      -167.207
 111   1.000   d    N3-C6-C26-H27        132.620
 112   1.000   d    N3-C6-C26-H28       -106.127
 113   1.000   d    N3-C7-C14-H15         56.959
 114   1.000   d    N3-C7-C14-H16        176.935
 115   1.000   d    N3-C7-C14-H17        -63.250
 116   1.000   d    C5-C7-C14-H15       -123.483
 117   1.000   d    C5-C7-C14-H16         -3.506
 118   1.000   d    C5-C7-C14-H17        116.309
 119   1.000   d    O2-C8-C18-H19         61.458
 120   1.000   d    O2-C8-C18-H20       -177.953
 121   1.000   d    C5-C8-C18-H19       -119.315
 122   1.000   d    O2-C8-C18-H21        -57.673
 123   1.000   d    C5-C8-C18-H20          1.274
 124   1.000   d    C5-C8-C18-H21        121.554
 125   1.000   d    H10-C9-C12-C6       -116.652
 126   1.000   d    H10-C9-C12-C13        61.964
 127   1.000   d    H11-C9-C12-C6        130.005
 128   1.000   d    H11-C9-C12-C13       -51.378
 129   1.000   d    C5-C9-C12-C6           7.019
 130   1.000   d    C5-C9-C12-C13       -174.364
 131   1.000   d    C9-C12-C13-O1         -3.369
 132   1.000   d    C9-C12-C13-C22       175.668
 133   1.000   d    C6-C12-C13-O1        175.150
 134   1.000   d    C6-C12-C13-C22        -5.813
 135   1.000   d    O1-C13-C22-H23       131.341
 136   1.000   d    C12-C13-C22-H23      -47.709
 137   1.000   d    C12-C13-C22-H24       73.536
 138   1.000   d    C12-C13-C22-H25     -168.173
 139   1.000   d    O1-C13-C22-H24      -107.414
 140   1.000   d    O1-C13-C22-H25        10.877
 ------------------------------------------------------
  b: Angstroms | a,d: degrees
 


 ========================================== 
  SUBROUTINE: WILSON_B
   Compute matrix the Wilson B matrix       
   elements for bonds, angles, dihedrals    
   and impropre dihedrals.                  
                                            
  References:                               
   Wilson,Decius&Cross, Molcular Vibrations 
 ========================================== 
 

BONDS   29

ANGLES   51

DIHEDRALS   60

IMPROPERS    0




 ========================================== 
  SUBROUTINE: redundant2nonredundant
   Get a non-redundant set from a redundant 
   one from the non-zero eigenvalues of the 
   G matrix                  
                                            
  References:                               
   Reimers, J Chem Phys, 115, 6130 (2011)   
 ========================================== 
 
 Internal-space dimension: 81



 ================================
  VIBRATIONAL ANALYSIS ON STATE1
 ================================

 -------------------------
   F MATRIX (diagonal)
 -------------------------
     1     0.49725
     2     0.62570
     3     0.46008
     4     0.41356
     5     0.33922
     6     0.02573
     7     0.04062
     8     0.30602
     9     0.36823
    10     0.02144
    11     0.08953
    12     0.22908
    13     0.33298
    14     0.40158
    15     0.35202
    16     0.35710
    17     0.34360
    18     0.02340
    19     0.40551
    20     0.34550
    21     0.03493
    22     0.31202
    23     0.28070
    24     0.34109
    25     0.30463
    26     0.25196
    27     0.20910
    28     0.11023
    29     0.11342
    30     0.20963
    31     0.17808
    32     0.13492
    33     0.12058
    34     0.19788
    35     0.22037
    36     0.08709
    37     0.19695
    38     0.20383
    39     0.18064
    40     0.22283
    41     0.05247
    42     0.01637
    43     0.05353
    44     0.01058
    45     0.01974
    46     0.13044
    47     0.13245
    48     0.13622
    49     0.13791
    50     0.02908
    51     0.05493
    52     0.13630
    53     0.09402
    54     0.18421
    55     0.26198
    56     0.26033
    57     0.27691
    58     0.27354
    59     0.26552
    60     0.27853
    61     0.27586
    62     0.28594
    63     0.33215
    64     0.33452
    65     0.32531
    66     0.34166
    67     0.32632
    68     0.46990
    69     0.06483
    70     0.10456
    71     0.13492
    72     0.12993
    73     0.13221
    74     0.13074
    75     0.12797
    76     0.11886
    77     0.12276
    78     0.09095
    79     0.05315
    80     0.06074
    81     0.01216
 -------------------------



 ==========================================   
  SUBROUTINE: GF_METHOD
   Solves GF method by orthogonalization      
                                              
  References:                                 
   Wilson,Decius&Cross, Molcular Vibrations   
 ==========================================   
 

 ------------------------
   FREQUENCIES (cm-1)
 ------------------------
     1    29.42015
     2    66.61506
     3    78.63728
     4    87.34599
     5   113.40604
     6   134.87913
     7   147.34073
     8   158.98712
     9   211.15597
    10   238.06177
    11   262.96519
    12   270.65729
    13   290.58805
    14   314.15936
    15   322.14579
    16   351.54003
    17   372.70456
    18   428.01880
    19   432.99224
    20   501.29614
    21   505.88803
    22   548.87262
    23   575.53683
    24   603.35091
    25   613.72429
    26   632.72998
    27   669.94908
    28   699.80947
    29   748.78134
    30   968.10182
    31   971.38240
    32   985.89010
    33   996.70285
    34  1005.29666
    35  1031.95765
    36  1039.69626
    37  1047.37870
    38  1057.60079
    39  1065.25535
    40  1075.08199
    41  1139.41366
    42  1175.47057
    43  1234.55884
    44  1279.13226
    45  1289.73155
    46  1329.58396
    47  1354.36091
    48  1388.67061
    49  1401.20919
    50  1413.49218
    51  1424.34387
    52  1434.90626
    53  1439.98030
    54  1451.74398
    55  1459.84775
    56  1471.71594
    57  1475.37585
    58  1478.43049
    59  1499.92057
    60  1501.92040
    61  1512.07674
    62  1521.19551
    63  1530.82653
    64  1608.77138
    65  1650.11523
    66  1689.20545
    67  3018.83757
    68  3032.47851
    69  3043.31415
    70  3069.29863
    71  3076.86716
    72  3077.96527
    73  3083.37149
    74  3090.92615
    75  3092.83457
    76  3141.40044
    77  3148.67256
    78  3172.05592
    79  3180.77813
    80  3181.23401
    81  3654.14930
 ------------------------

 =====================
  THERMOCHEMISTRY     
 =====================
  Temperature (K):  298.15
  Pressure (atm) :    1.00
 
  Rotational constants (GHz)
     1.10050     0.47979     0.33809
  Rotational temperatures (K)
     0.05282     0.02303     0.01623
 
  Partition Functions
  qt =     0.1055E+09
  qr =     0.2054E+07
  qv =     0.1887-105
 
  Contributions to entropy
  St (cm-1/K) =   14.5777
  Sr (cm-1/K) =   11.1451
  Sv (cm-1/K) =   17.5557
 
  Thermal corrections (AU)
  Zero Point Energy =   0.241203    
  Internal Energy   =   0.256533    
  Enthalpy          =   0.257477    
  Gibbs Free Energy =   0.198684    
 
  Thermal corrections (AU) - vibrational only
  Number of vibrations:      81
  V-internal Energy   =   0.253700    
  V-enthalpy          =   0.254644    
  V-gibbs Free Energy =   0.230795    


 ==> State 2 <==

 Geometry file: S0.fcc


 Energy file: S0.fcc
 Gradient file: S0.fcc

NOTE: The calculation for this State will assume stationary point since the gradient is                   
      small (maximum atomic gradient:   0.000010 a.u.)                                                    
 
 Hessian file: S0.fcc




 =========================
  ANALYSIS OF DOFs
 =========================

 => STATE 2 <=
 Geometry (Angstroms)
 29    # Nr. of atoms
   Atom       X         Y         Z      Mass
O          2.2882   -2.2765   -0.1820   15.9949
O         -3.5872   -0.2442    0.4732   15.9949
N          0.0264    1.8021   -0.2682   14.0031
H          0.0553    2.8084   -0.2616    1.0078
C         -1.2887   -0.1391   -0.0918   12.0000
C          1.2305    1.1376   -0.1514   12.0000
C         -1.2055    1.2102   -0.0884   12.0000
C         -2.5626   -0.8243    0.1337   12.0000
C         -0.0592   -0.9538   -0.4239   12.0000
H         -0.0465   -1.8792    0.1470    1.0078
H         -0.0790   -1.2704   -1.4752    1.0078
C          1.2293   -0.2135   -0.1409   12.0000
C          2.3974   -1.0782    0.0495   12.0000
C         -2.3242    2.1841    0.0996   12.0000
H         -2.0036    3.1888   -0.1768    1.0078
H         -3.1917    1.9058   -0.4913    1.0078
H         -2.6493    2.1964    1.1396    1.0078
C         -2.5914   -2.3198   -0.0669   12.0000
H         -3.6217   -2.6628   -0.0251    1.0078
H         -2.1423   -2.6069   -1.0182    1.0078
H         -2.0198   -2.8167    0.7198    1.0078
C          3.7234   -0.5711    0.5638   12.0000
H          4.3184   -0.1673   -0.2571    1.0078
H          3.6204    0.2009    1.3218    1.0078
H          4.2623   -1.4197    0.9786    1.0078
C          2.3928    2.0785   -0.0482   12.0000
H          2.6179    2.3053    0.9952    1.0078
H          3.2878    1.6879   -0.5160    1.0078
H          2.1472    3.0180   -0.5428    1.0078
 

 ------------------------------------------------
   INERTIA TENSOR (to be multiplied by 10**5)
 ------------------------------------------------

             1           2           3
  
    1     8.55193     0.27258     0.13398
    2     0.27258    18.76812     0.02314
    3     0.13398     0.02314    26.51683
 ------------------------------------------------


 ------------------------------------------------
   ROTATIONAL CONSTANTS (AND ROTATION MATRIX)
 ------------------------------------------------

 ROOT NO.    1           2           3

    ************************************
  
    1     0.99962    -0.02663    -0.00742
    2    -0.02661    -0.99964     0.00345
    3     0.00751     0.00325     0.99997
 ------------------------------------------------

  Rotational constants (GHz)
     1.07828     0.49067     0.34741
  Rotational temperatures (K)
     0.05175     0.02355     0.01667


 -------------------
  DOF   Dimension
 -------------------
  Vib    81
  Rot    3
  Tra    3
 -------------------



 =========================
  GENERATE INTERNAL SETS
 =========================

 => STATE 2 <=

NOTE: Cannot determine symmetry. Set to C1 (no symmetric atoms)                                           
 
 

 -----------------------------------------------------------------
 COMPUTING INTERNAL SET TO DEFINE THE VIBRATIONAL SPACE
 -----------------------------------------------------------------

 ----------------------------------------------------------
  Summary of valence internal coordianate set
   Type      = ALL
   Ns        = 140
   Nic(orig) = 140
   Nbonds    = 29
   Nangles   = 51
   Ndiheds   = 60
   Nimprop   = 0
 ----------------------------------------------------------

 
 ------------------------------------------------------
   n   Coeff  type  label                 Value
 ------------------------------------------------------
   1   1.000   b    O1-C13                1.2254
   2   1.000   b    O2-C8                 1.2254
   3   1.000   b    N3-H4                 1.0068
   4   1.000   b    N3-C6                 1.3802
   5   1.000   b    N3-C7                 1.3785
   6   1.000   b    C5-C7                 1.3519
   7   1.000   b    C5-C8                 1.4639
   8   1.000   b    C5-C9                 1.5119
   9   1.000   b    C6-C12                1.3512
  10   1.000   b    C6-C26                1.4989
  11   1.000   b    C7-C14                1.4951
  12   1.000   b    C8-C18                1.5092
  13   1.000   b    C9-H10                1.0875
  14   1.000   b    C9-H11                1.0981
  15   1.000   b    C9-C12                1.5127
  16   1.000   b    C12-C13               1.4657
  17   1.000   b    C13-C22               1.5100
  18   1.000   b    C14-H15               1.0902
  19   1.000   b    C14-H16               1.0859
  20   1.000   b    C14-H17               1.0898
  21   1.000   b    C18-H19               1.0868
  22   1.000   b    C18-H20               1.0905
  23   1.000   b    C18-H21               1.0920
  24   1.000   b    C22-H23               1.0913
  25   1.000   b    C22-H24               1.0869
  26   1.000   b    C22-H25               1.0874
  27   1.000   b    C26-H27               1.0912
  28   1.000   b    C26-H28               1.0828
  29   1.000   b    C26-H29               1.0897
  30   1.000   a    O1-C13-C12           118.775
  31   1.000   a    O1-C13-C22           118.096
  32   1.000   a    O2-C8-C5             123.276
  33   1.000   a    O2-C8-C18            119.340
  34   1.000   a    N3-C6-C12            118.767
  35   1.000   a    N3-C6-C26            112.337
  36   1.000   a    N3-C7-C5             118.894
  37   1.000   a    N3-C7-C14            113.919
  38   1.000   a    H4-N3-C6             117.106
  39   1.000   a    H4-N3-C7             116.996
  40   1.000   a    C5-C7-C14            127.186
  41   1.000   a    C5-C8-C18            117.384
  42   1.000   a    C5-C9-H10            110.654
  43   1.000   a    C5-C9-H11            110.550
  44   1.000   a    C5-C9-C12            112.826
  45   1.000   a    C6-N3-C7             124.190
  46   1.000   a    C6-C12-C9            119.253
  47   1.000   a    C6-C12-C13           126.169
  48   1.000   a    C6-C26-H27           110.871
  49   1.000   a    C6-C26-H28           112.628
  50   1.000   a    C6-C26-H29           109.585
  51   1.000   a    C7-C5-C8             121.355
  52   1.000   a    C7-C5-C9             119.229
  53   1.000   a    C7-C14-H15           110.389
  54   1.000   a    C7-C14-H16           111.252
  55   1.000   a    C7-C14-H17           110.521
  56   1.000   a    C8-C5-C9             119.296
  57   1.000   a    C8-C18-H19           109.008
  58   1.000   a    C8-C18-H20           111.652
  59   1.000   a    C8-C18-H21           110.194
  60   1.000   a    C9-C12-C13           114.485
  61   1.000   a    H10-C9-H11           104.915
  62   1.000   a    H10-C9-C12           107.955
  63   1.000   a    H11-C9-C12           109.611
  64   1.000   a    C12-C6-C26           128.895
  65   1.000   a    C12-C13-C22          123.096
  66   1.000   a    C13-C22-H23          110.297
  67   1.000   a    C13-C22-H24          113.128
  68   1.000   a    C13-C22-H25          107.645
  69   1.000   a    H15-C14-H16          109.459
  70   1.000   a    H15-C14-H17          108.618
  71   1.000   a    H16-C14-H17          106.492
  72   1.000   a    H19-C18-H20          109.932
  73   1.000   a    H19-C18-H21          108.960
  74   1.000   a    H20-C18-H21          107.049
  75   1.000   a    H23-C22-H24          108.265
  76   1.000   a    H23-C22-H25          107.787
  77   1.000   a    H24-C22-H25          109.589
  78   1.000   a    H27-C26-H28          108.506
  79   1.000   a    H27-C26-H29          107.539
  80   1.000   a    H28-C26-H29          107.530
  81   1.000   d    H4-N3-C6-C12         179.248
  82   1.000   d    H4-N3-C6-C26          -0.625
  83   1.000   d    C7-N3-C6-C12          14.625
  84   1.000   d    C7-N3-C6-C26        -165.249
  85   1.000   d    C6-N3-C7-C5          -15.428
  86   1.000   d    C6-N3-C7-C14         164.294
  87   1.000   d    H4-N3-C7-C5          179.933
  88   1.000   d    H4-N3-C7-C14          -0.345
  89   1.000   d    C8-C5-C7-N3          178.168
  90   1.000   d    C8-C5-C7-C14          -1.513
  91   1.000   d    C9-C5-C7-N3           -5.848
  92   1.000   d    C9-C5-C7-C14         174.470
  93   1.000   d    C7-C5-C8-O2           -7.859
  94   1.000   d    C7-C5-C8-C18         172.197
  95   1.000   d    C9-C5-C8-O2          176.160
  96   1.000   d    C9-C5-C8-C18          -3.785
  97   1.000   d    C8-C5-C9-H11          77.624
  98   1.000   d    C8-C5-C9-C12        -159.235
  99   1.000   d    C7-C5-C9-H10         145.768
 100   1.000   d    C7-C5-C9-H11         -98.443
 101   1.000   d    C7-C5-C9-C12          24.697
 102   1.000   d    C8-C5-C9-H10         -38.165
 103   1.000   d    N3-C6-C12-C9           7.353
 104   1.000   d    N3-C6-C12-C13       -176.361
 105   1.000   d    C26-C6-C12-C9       -172.798
 106   1.000   d    C26-C6-C12-C13         3.489
 107   1.000   d    N3-C6-C26-H29        -26.866
 108   1.000   d    C12-C6-C26-H27       -88.171
 109   1.000   d    C12-C6-C26-H28        33.629
 110   1.000   d    C12-C6-C26-H29       153.276
 111   1.000   d    N3-C6-C26-H27         91.687
 112   1.000   d    N3-C6-C26-H28       -146.513
 113   1.000   d    N3-C7-C14-H15         13.618
 114   1.000   d    N3-C7-C14-H16        135.346
 115   1.000   d    N3-C7-C14-H17       -106.568
 116   1.000   d    C5-C7-C14-H15       -166.687
 117   1.000   d    C5-C7-C14-H16        -44.959
 118   1.000   d    C5-C7-C14-H17         73.127
 119   1.000   d    O2-C8-C18-H19          9.198
 120   1.000   d    O2-C8-C18-H20        130.846
 121   1.000   d    C5-C8-C18-H19       -170.855
 122   1.000   d    O2-C8-C18-H21       -110.330
 123   1.000   d    C5-C8-C18-H20        -49.208
 124   1.000   d    C5-C8-C18-H21         69.616
 125   1.000   d    H10-C9-C12-C6       -148.077
 126   1.000   d    H10-C9-C12-C13        35.217
 127   1.000   d    H11-C9-C12-C6         98.177
 128   1.000   d    H11-C9-C12-C13       -78.529
 129   1.000   d    C5-C9-C12-C6         -25.483
 130   1.000   d    C5-C9-C12-C13        157.811
 131   1.000   d    C9-C12-C13-O1          8.323
 132   1.000   d    C9-C12-C13-C22      -169.550
 133   1.000   d    C6-C12-C13-O1       -168.117
 134   1.000   d    C6-C12-C13-C22        14.011
 135   1.000   d    O1-C13-C22-H23        97.293
 136   1.000   d    C12-C13-C22-H23      -84.821
 137   1.000   d    C12-C13-C22-H24       36.601
 138   1.000   d    C12-C13-C22-H25      157.828
 139   1.000   d    O1-C13-C22-H24      -141.285
 140   1.000   d    O1-C13-C22-H25       -20.058
 ------------------------------------------------------
  b: Angstroms | a,d: degrees
 

NOTE: Writing IC set to file: internal_coords_set.dat                                                     
 


 ========================================== 
  SUBROUTINE: WILSON_B
   Compute matrix the Wilson B matrix       
   elements for bonds, angles, dihedrals    
   and impropre dihedrals.                  
                                            
  References:                               
   Wilson,Decius&Cross, Molcular Vibrations 
 ========================================== 
 

BONDS   29

ANGLES   51

DIHEDRALS   60

IMPROPERS    0




 ========================================== 
  SUBROUTINE: redundant2nonredundant
   Get a non-redundant set from a redundant 
   one from the non-zero eigenvalues of the 
   G matrix                  
                                            
  References:                               
   Reimers, J Chem Phys, 115, 6130 (2011)   
 ========================================== 
 
 Internal-space dimension: 81



 ================================
  VIBRATIONAL ANALYSIS ON STATE2
 ================================

 -------------------------
   F MATRIX (diagonal)
 -------------------------
     1     0.47835
     2     0.58681
     3     0.37800
     4     0.38375
     5     0.32555
     6     0.07796
     7     0.15882
     8     0.31977
     9     0.37575
    10     0.03740
    11     0.11011
    12     0.34634
    13     0.31447
    14     0.41676
    15     0.35993
    16     0.38644
    17     0.33431
    18     0.04511
    19     0.40213
    20     0.38738
    21     0.05214
    22     0.34785
    23     0.31426
    24     0.32037
    25     0.29419
    26     0.29602
    27     0.14683
    28     0.16191
    29     0.13326
    30     0.19012
    31     0.15764
    32     0.16313
    33     0.11772
    34     0.22420
    35     0.21305
    36     0.09639
    37     0.19791
    38     0.22428
    39     0.18706
    40     0.24012
    41     0.05233
    42     0.03792
    43     0.05377
    44     0.00862
    45     0.01846
    46     0.13264
    47     0.13291
    48     0.13704
    49     0.13270
    50     0.02193
    51     0.07332
    52     0.13128
    53     0.09287
    54     0.19181
    55     0.27360
    56     0.26966
    57     0.27684
    58     0.27284
    59     0.28461
    60     0.28459
    61     0.27596
    62     0.27630
    63     0.33033
    64     0.33599
    65     0.33908
    66     0.32621
    67     0.34225
    68     0.46705
    69     0.06007
    70     0.10045
    71     0.13793
    72     0.13397
    73     0.13077
    74     0.12992
    75     0.12798
    76     0.12240
    77     0.12092
    78     0.09575
    79     0.06204
    80     0.05885
    81     0.01537
 -------------------------



 ==========================================   
  SUBROUTINE: GF_METHOD
   Solves GF method by orthogonalization      
                                              
  References:                                 
   Wilson,Decius&Cross, Molcular Vibrations   
 ==========================================   
 

 ------------------------
   FREQUENCIES (cm-1)
 ------------------------
     1    32.31476
     2    49.85242
     3    68.14908
     4    75.49074
     5   141.70921
     6   151.48263
     7   172.87243
     8   181.26516
     9   209.35555
    10   232.46532
    11   259.99914
    12   270.65409
    13   280.48741
    14   329.74532
    15   338.06983
    16   353.71855
    17   397.97016
    18   448.17112
    19   517.70693
    20   542.61340
    21   562.71509
    22   576.07808
    23   611.19034
    24   629.34999
    25   643.68219
    26   661.37439
    27   690.98739
    28   717.01051
    29   746.72510
    30   957.19727
    31   976.47807
    32   995.44405
    33  1002.68416
    34  1036.14550
    35  1046.08771
    36  1049.69883
    37  1051.54051
    38  1067.15621
    39  1072.23968
    40  1101.05873
    41  1150.28717
    42  1188.53127
    43  1257.69381
    44  1265.20309
    45  1303.27517
    46  1340.69460
    47  1369.56245
    48  1397.49173
    49  1407.61120
    50  1414.35943
    51  1430.77321
    52  1433.62792
    53  1467.42920
    54  1471.08373
    55  1472.90328
    56  1477.19850
    57  1479.58008
    58  1492.82437
    59  1496.20468
    60  1504.57888
    61  1512.63172
    62  1525.23463
    63  1649.18263
    64  1691.64340
    65  1720.99845
    66  1752.92763
    67  2991.82126
    68  3064.86667
    69  3073.81552
    70  3074.16062
    71  3075.35649
    72  3125.15676
    73  3127.28405
    74  3130.64603
    75  3137.84976
    76  3146.65164
    77  3170.98451
    78  3172.36731
    79  3176.49851
    80  3205.65565
    81  3648.69945
 ------------------------

 
 ---------------------------------------
   n type  label                 Delta
 ---------------------------------------
   1   b   O1-C13               -0.0064
   2   b   O2-C8                -0.0788
   3   b   N3-H4                 0.0004
   4   b   N3-C6                 0.0199
   5   b   N3-C7                -0.0119
   6   b   C5-C7                -0.0191
   7   b   C5-C8                 0.0598
   8   b   C5-C9                -0.0012
   9   b   C6-C12               -0.0122
  10   b   C6-C26               -0.0028
  11   b   C7-C14                0.0074
  12   b   C8-C18                0.0014
  13   b   C9-H10               -0.0069
  14   b   C9-H11                0.0063
  15   b   C9-C12               -0.0015
  16   b   C12-C13               0.0121
  17   b   C13-C22              -0.0020
  18   b   C14-H15              -0.0038
  19   b   C14-H16              -0.0046
  20   b   C14-H17              -0.0047
  21   b   C18-H19              -0.0058
  22   b   C18-H20               0.0048
  23   b   C18-H21              -0.0004
  24   b   C22-H23               0.0038
  25   b   C22-H24              -0.0036
  26   b   C22-H25               0.0003
  27   b   C26-H27               0.0061
  28   b   C26-H28              -0.0068
  29   b   C26-H29               0.0007
  30   a   O1-C13-C12            -0.089
  31   a   O1-C13-C22             0.598
  32   a   O2-C8-C5              -0.021
  33   a   O2-C8-C18              8.638
  34   a   N3-C6-C12             -0.607
  35   a   N3-C6-C26             -0.414
  36   a   N3-C7-C5              -0.073
  37   a   N3-C7-C14              0.462
  38   a   H4-N3-C6              -0.333
  39   a   H4-N3-C7               0.246
  40   a   C5-C7-C14             -0.389
  41   a   C5-C8-C18             -8.612
  42   a   C5-C9-H10              0.627
  43   a   C5-C9-H11              0.607
  44   a   C5-C9-C12             -1.792
  45   a   C6-N3-C7              -1.563
  46   a   C6-C12-C9             -1.433
  47   a   C6-C12-C13            -0.384
  48   a   C6-C26-H27            -1.253
  49   a   C6-C26-H28             1.309
  50   a   C6-C26-H29            -0.427
  51   a   C7-C5-C8              -0.931
  52   a   C7-C5-C9              -0.938
  53   a   C7-C14-H15            -0.857
  54   a   C7-C14-H16            -0.194
  55   a   C7-C14-H17            -0.801
  56   a   C8-C5-C9               1.755
  57   a   C8-C18-H19            -1.556
  58   a   C8-C18-H20             1.954
  59   a   C8-C18-H21            -0.208
  60   a   C9-C12-C13             1.740
  61   a   H10-C9-H11             0.074
  62   a   H10-C9-C12            -0.889
  63   a   H11-C9-C12             1.516
  64   a   C12-C6-C26             1.021
  65   a   C12-C13-C22           -0.535
  66   a   C13-C22-H23           -2.408
  67   a   C13-C22-H24            2.124
  68   a   C13-C22-H25            0.064
  69   a   H15-C14-H16            1.945
  70   a   H15-C14-H17            0.855
  71   a   H16-C14-H17           -0.855
  72   a   H19-C18-H20            0.652
  73   a   H19-C18-H21            1.217
  74   a   H20-C18-H21           -2.064
  75   a   H23-C22-H24            0.304
  76   a   H23-C22-H25           -1.437
  77   a   H24-C22-H25            1.318
  78   a   H27-C26-H28            0.398
  79   a   H27-C26-H29            0.016
  80   a   H28-C26-H29           -0.041
  81   d   H4-N3-C6-C12          -0.800
  82   d   H4-N3-C6-C26          -0.471
  83   d   C7-N3-C6-C12          17.474
  84   d   C7-N3-C6-C26          17.804
  85   d   C6-N3-C7-C5          -19.069
  86   d   C6-N3-C7-C14         -18.947
  87   d   H4-N3-C7-C5           -0.828
  88   d   H4-N3-C7-C14          -0.705
  89   d   C8-C5-C7-N3           -2.156
  90   d   C8-C5-C7-C14          -2.300
  91   d   C9-C5-C7-N3           -7.177
  92   d   C9-C5-C7-C14          -7.321
  93   d   C7-C5-C8-O2           -8.594
  94   d   C7-C5-C8-C18          -9.403
  95   d   C9-C5-C8-O2           -3.595
  96   d   C9-C5-C8-C18          -4.405
  97   d   C8-C5-C9-H11          24.850
  98   d   C8-C5-C9-C12          26.004
  99   d   C7-C5-C9-H10          28.928
 100   d   C7-C5-C9-H11          29.740
 101   d   C7-C5-C9-C12          30.894
 102   d   C8-C5-C9-H10          24.038
 103   d   N3-C6-C12-C9          10.202
 104   d   N3-C6-C12-C13          4.900
 105   d   C26-C6-C12-C9          9.815
 106   d   C26-C6-C12-C13         4.512
 107   d   N3-C6-C26-H29        -39.883
 108   d   C12-C6-C26-H27       -40.566
 109   d   C12-C6-C26-H28       -40.019
 110   d   C12-C6-C26-H29       -39.517
 111   d   N3-C6-C26-H27        -40.933
 112   d   N3-C6-C26-H28        -40.386
 113   d   N3-C7-C14-H15        -43.341
 114   d   N3-C7-C14-H16        -41.590
 115   d   N3-C7-C14-H17        -43.318
 116   d   C5-C7-C14-H15        -43.205
 117   d   C5-C7-C14-H16        -41.453
 118   d   C5-C7-C14-H17        -43.182
 119   d   O2-C8-C18-H19        -52.260
 120   d   O2-C8-C18-H20        -51.202
 121   d   C5-C8-C18-H19        -51.540
 122   d   O2-C8-C18-H21        -52.657
 123   d   C5-C8-C18-H20        -50.482
 124   d   C5-C8-C18-H21        -51.938
 125   d   H10-C9-C12-C6        -31.425
 126   d   H10-C9-C12-C13       -26.747
 127   d   H11-C9-C12-C6        -31.828
 128   d   H11-C9-C12-C13       -27.151
 129   d   C5-C9-C12-C6         -32.502
 130   d   C5-C9-C12-C13        -27.825
 131   d   C9-C12-C13-O1         11.692
 132   d   C9-C12-C13-C22        14.782
 133   d   C6-C12-C13-O1         16.733
 134   d   C6-C12-C13-C22        19.823
 135   d   O1-C13-C22-H23       -34.048
 136   d   C12-C13-C22-H23      -37.112
 137   d   C12-C13-C22-H24      -36.936
 138   d   C12-C13-C22-H25      -33.999
 139   d   O1-C13-C22-H24       -33.872
 140   d   O1-C13-C22-H25       -30.934
 ---------------------------------------
  b: Angstroms | a,d: degrees
 

 --------------------------------------------------
   Extrapolated State2 Gradient (Q1-space) x1e5
 --------------------------------------------------
     1  1350.33211
     2    95.12400
     3    48.14740
     4  -201.61528
     5   262.05933
     6  -174.70372
     7   -92.15493
     8   -51.13617
     9   -75.44513
    10  -327.42317
    11   -65.30821
    12   304.48357
    13  -209.39156
    14   -85.03626
    15   -55.01520
    16    29.69219
    17     0.77895
    18    29.44640
    19     2.88728
    20    69.00172
    21   -35.98764
    22   -32.35263
    23    -3.29440
    24   149.95131
    25   -52.01880
    26    67.89611
    27    22.61758
    28   101.80287
    29   -14.06311
    30    97.39064
    31    22.78805
    32   150.67191
    33   -41.46975
    34   114.14540
    35   127.45734
    36   -43.96953
    37    28.55365
    38    36.74449
    39    74.78268
    40    29.51305
    41   -25.75243
    42   152.52455
    43   458.24525
    44   -33.44912
    45   124.32807
    46    16.75201
    47  -148.44974
    48   -51.08206
    49    44.02563
    50    21.02593
    51    16.16177
    52   -49.84519
    53   -92.92500
    54   -12.36012
    55    -3.31085
    56   178.73190
    57    41.75625
    58   239.77503
    59  -200.68939
    60   -16.15023
    61  -280.16791
    62   132.71133
    63   -44.01359
    64  1100.13001
    65   706.55991
    66  -160.67060
    67    59.22682
    68   730.38377
    69    39.09610
    70  -242.34635
    71   199.22099
    72   -66.96173
    73    32.36238
    74   187.92505
    75  -165.28831
    76   109.12487
    77   637.37957
    78  -987.46144
    79   -71.47343
    80   248.90354
    81  -645.69969
 --------------------------------------------------




                 ASSIGNMENTS AND ANALYSIS OF 1 WITH RESPECT TO 2
 STATE 1                              MODES STATE 2
IND DEF    FREQUENCY     SHIFT    I21 C21  I22 C22   I23 C23     FR(I21)  I90 I95 I99
   1  M2      29.42  -429.21014    1 0.84   64 0.18   28 0.11      -2.89   2   2   2
   2  M>3     66.62    25.50460    4 0.41    8 0.23    3 0.20      -8.88   4   5   6
   3  M3      78.64    32.43366    2 0.52    3 0.31    1 0.08      28.78   3   5   8
   4  M>3     87.35    83.41184    4 0.49    8 0.31    3 0.10      11.86   4   5   7
   5  M>3    113.41    20.87229    8 0.31    2 0.27    3 0.26     -67.86   5   8   9
   6  M>3    134.88   -29.34294    6 0.24    7 0.22    5 0.17     -16.60   6   7   8
   7  M>3    147.34   143.10365    6 0.42    5 0.27    7 0.07      -4.14   8  14  28
   8  M3     158.99    -8.01388    9 0.51    7 0.37    5 0.35     -50.37   3   3   3
   9  M>3    211.16    21.42088    9 0.55    7 0.12   10 0.06       1.80   9  12  15
  10  M>3    238.06    -4.06369   10 0.50   11 0.14   14 0.09       5.60   6   8   9
  11  M3     262.97    18.38722   13 0.74    6 0.10   12 0.09     -17.52   3   4   4
  12  M>3    270.66    35.13321   11 0.62   10 0.12   16 0.06      10.66   6   7   9
  13  M>3    290.59    15.32414   12 0.58   13 0.15   10 0.09      19.93   6   8  10
  14  M3     314.16     9.09167   14 0.83   39 0.07   10 0.04     -15.59   3   4   5
  15  M3     322.15    27.96827   15 0.79   14 0.07   38 0.05     -15.92   3   4   7
  16  M3     351.54    13.03646   16 0.82    6 0.06   35 0.04      -2.18   3   4   6
  17  M2     372.70     1.74140   17 0.88   38 0.05   14 0.02     -25.27   2   4   6
  18  M>3    428.02     9.93201   21 0.30   19 0.15   18 0.14    -134.70   8  11  13
  19  M3     432.99   -27.21431   18 0.73   35 0.13   21 0.06     -15.18   3   4   8
  20  M>3    501.30     5.69411   19 0.62   20 0.20   23 0.05     -16.41   5   9  15
  21  M>3    505.89    11.50336   22 0.28   21 0.28   20 0.13     -70.19   7   8  11
  22  M>3    548.87     6.20976   26 0.36   23 0.20   20 0.13    -112.50   8  10  13
  23  M>3    575.54     1.62059   22 0.34   23 0.23   26 0.15      -0.54   6   6   8
  24  M>3    603.35    -3.90738   24 0.28   22 0.16   26 0.13     -26.00   7   8  10
  25  M>3    613.72    -3.08695   24 0.47   20 0.19   26 0.10     -15.63   5   7  11
  26  M>3    632.73     2.81237   25 0.48   22 0.11   28 0.10     -10.95   7  10  14
  27  M3     669.95     4.12736   27 0.72   25 0.16   22 0.03     -21.04   3   5   9
  28  M3     699.81    -1.37395   28 0.80   25 0.06   27 0.06     -17.20   3   5  19
  29  P      748.78     0.42505   29 0.92   36 0.03   26 0.02       2.06   1   3   6
  30  M>3    968.10     2.70237   33 0.25   30 0.21   35 0.21     -34.58   5   5   7
  31  M>3    971.38    -1.60141   33 0.26   30 0.22   32 0.18     -31.30   5   8  14
  32  M>3    985.89    -2.13607   32 0.29   30 0.23   31 0.11      -9.55   8  11  26
  33  M>3    996.70    -2.62831   31 0.50   33 0.11   32 0.11      20.22   8  12  21
  34  M>3   1005.30    -0.88691   37 0.20   35 0.14   32 0.13     -46.24  12  16  24
  35  M>3   1031.96     2.15177   35 0.20   30 0.14   40 0.11     -14.13  15  21  81
  36  M>3   1039.70     0.32605   34 0.53   38 0.23   33 0.07       3.55   5   8  27
  37  M>3   1047.38     1.54869   36 0.60   35 0.11   37 0.08      -2.32   9  17  81
  38  M>3   1057.60     5.17383   34 0.31   38 0.23   35 0.11      21.46  12  23  81
  39  M>3   1065.26     0.93663   39 0.49   38 0.14   33 0.11      -6.98   9  18  81
  40  M>3   1075.08     0.87797   40 0.45   37 0.34   38 0.07     -25.98   5  10  81
  41  M3    1139.41    -2.35427   41 0.72   40 0.14   36 0.04     -10.87   3   9  81
  42  M>3   1175.47     2.87399   42 0.83   39 0.02   66 0.02     -13.06   5  10  81
  43  M>3   1234.56    -5.56029   66 0.18   46 0.15   43 0.12    -518.37  16  23  81
  44  M3    1279.13    -2.15551   44 0.83   46 0.06   43 0.04      13.93   3   5  16
  45  M3    1289.73     1.04700   45 0.45   43 0.43   46 0.03     -13.54   3   8  30
  46  M>3   1329.58     5.79572   45 0.30   43 0.28   47 0.22      26.31   7  14  81
  47  M>3   1354.36     4.86681   46 0.52   47 0.18   45 0.11      13.67   7  11  81
  48  M>3   1388.67    -6.46308   48 0.34   47 0.27   49 0.15      -8.82   7  11  30
  49  M>3   1401.21     1.43661   48 0.55   47 0.16   46 0.11       3.72   5   8  15
  50  M3    1413.49     3.00762   49 0.41   50 0.39   59 0.09       5.88   3   6  19
  51  M>3   1424.34     9.55275   50 0.30   49 0.11   54 0.11       9.98  10  15  81
  52  M>3   1434.91     1.33716   52 0.70   56 0.11   51 0.09       1.28   4   6  12
  53  M>3   1439.98    -3.83701   51 0.63   52 0.10   58 0.07       9.21   6  12  81
  54  M>3   1451.74    -0.21157   54 0.34   58 0.30   57 0.22     -19.34   5   8  12
  55  M>3   1459.85    -4.82529   58 0.47   57 0.16   54 0.15     -32.98   5   7  12
  56  M2    1471.72     1.94207   55 0.65   53 0.26   56 0.02      -1.19   2   4  10
  57  M>3   1475.38    -0.70154   56 0.31   62 0.30   59 0.12      -1.82   6   8  11
  58  M>3   1478.43    -0.89678   53 0.52   55 0.23   54 0.06      11.00   6   8  13
  59  M>3   1499.92     5.33974   61 0.22   57 0.19   60 0.15     -12.71  10  12  31
  60  M>3   1501.92     4.10640   59 0.43   62 0.25   57 0.12       5.72   6   8  18
  61  M>3   1512.08    -5.51903   61 0.63   54 0.12   57 0.06      -0.55   6   9  22
  62  M>3   1521.20     2.30622   60 0.30   56 0.29   62 0.22      16.62   5   7  15
  63  M>3   1530.83     7.54138   60 0.29   59 0.15   66 0.11      26.25  11  15  81
  64  M>3   1608.77     0.38485   66 0.41   63 0.29   64 0.18    -144.16   5  11  81
  65  M2    1650.12     0.87064   64 0.70   63 0.24   66 0.02     -41.53   2   3  81
  66  P     1689.21    -0.56526   65 0.94   64 0.02   66 0.01     -31.79   1   2  81
  67  P     3018.84    -0.45537   70 0.90   78 0.05   69 0.02     -55.32   1   2   5
  68  M2    3032.48    -0.05599   72 0.84   67 0.13   73 0.02     -92.68   2   2   3
  69  M2    3043.31     0.11711   68 0.86   77 0.12   73 0.02     -21.55   2   2   3
  70  M2    3069.30    -0.29127   67 0.85   72 0.13   75 0.01      77.48   2   2   3
  71  M3    3076.87    -0.07416   69 0.66   71 0.13   76 0.11       3.05   3   4   6
  72  P     3077.97    -0.45099   75 0.97   67 0.01   70 0.01     -59.88   1   1   3
  73  M>3   3083.37    -0.18240   71 0.59   80 0.20   69 0.11       8.02   4   4   5
  74  P     3090.93     0.01107   78 0.95   70 0.05   71 0.00     -81.44   1   2   2
  75  M2    3092.83     0.23911   77 0.62   73 0.31   68 0.05     -78.15   2   3   4
  76  M3    3141.40     0.16461   80 0.64   74 0.25   71 0.07     -64.26   3   3   5
  77  M3    3148.67     0.00786   79 0.72   76 0.12   69 0.07     -27.83   3   4   5
  78  M2    3172.06     0.00551   76 0.72   79 0.19   69 0.04      25.40   2   3   5
  79  M3    3180.78    -0.69717   73 0.64   77 0.25   68 0.09      53.49   3   3   4
  80  M>3   3181.23     0.10434   74 0.63   71 0.14   80 0.11      50.59   4   4   5
  81  P     3654.15     0.16173   81 1.00   19 0.00   63 0.00       5.45   1   1   1
   
 *********************************************************** 
  
  AVERAGE MAX PROJECTION     0.555339    St Dev   0.219794
  AVERAGE FREQ DIFF        -20.710445    St Dev  81.809486
  AVERAGE ABS FREQ DIFF     32.882056    St Dev  61.811292
  AVERAGE ABS DISPLACE       0.097885    St Dev  52.072177
  SUM DISPL**2           ************
  
 *********************************************************** 
  



                 ASSIGNMENTS AND ANALYSIS OF 2 WITH RESPECT TO 1
 STATE 2                              MODES STATE 1
IND DEF    FREQUENCY     SHIFT    I11 C11  I12 C12   I13 C13     FR(I11)  I90 I95 I99
   1  P       32.31   410.39238    1 0.99   64 0.21   28 0.12       2.89   1   1   1
   2  M3      49.85  -137.15678    3 0.58    5 0.29    2 0.10     -28.78   3   3   4
   3  M>3     68.15   -60.05959    3 0.33    5 0.31    2 0.22     -10.49   4   4   5
   4  M2      75.49    60.40912    4 0.50    2 0.41   48 0.05     -11.86   2   3   4
   5  M3     141.71    24.61797    7 0.42    8 0.36    6 0.19      -5.63   3   3   4
   6  M>3    151.48  -130.00575    7 0.44    6 0.25   11 0.12       4.14   6   8  11
   7  M3     172.87   -78.82753    9 0.38    8 0.35    6 0.20     -38.28   3   4   4
   8  M>3    181.27  -113.18560    5 0.33    4 0.31    2 0.23      67.86   4   6  16
   9  M>3    209.36   -39.28159    9 0.52    8 0.10   19 0.04      -1.80  11  16  21
  10  M>3    232.47   -32.29753   10 0.54   12 0.12    6 0.10      -5.60   6   7   8
  11  M>3    260.00    -9.07963   12 0.61   10 0.16   28 0.09     -10.66   5   6   8
  12  M>3    270.65     8.24927   13 0.59   10 0.11   11 0.09     -19.93   5   6   7
  13  M3     280.49    38.48517   11 0.71   13 0.14   37 0.06      17.52   3   5   7
  14  M>3    329.75     3.29806   14 0.76   39 0.07   15 0.05      15.59   4   5   8
  15  M>3    338.07    -0.38975   15 0.78   14 0.06   35 0.03      15.92   5   7  10
  16  M3     353.72   -12.05293   16 0.82    6 0.07   37 0.06       2.18   3   4   5
  17  M3     397.97    -2.82662   17 0.85   38 0.04   14 0.03      25.27   3   5   8
  18  M2     448.17   -19.26506   19 0.80   18 0.12   35 0.07      15.18   2   3   3
  19  M3     517.71    -1.62186   20 0.66   18 0.16   21 0.12      16.41   3   4   5
  20  M>3    542.61     1.02782   25 0.29   20 0.17   22 0.14     -71.11   6   7   8
  21  M>3    562.72   -13.46366   18 0.28   21 0.26   23 0.11     134.70  11  13  17
  22  M>3    576.08     2.96786   23 0.34   21 0.23   24 0.17       0.54   5   7  11
  23  M>3    611.19     6.07137   22 0.23   23 0.19   18 0.14      62.32   8  10  13
  24  M>3    629.35    -1.89489   25 0.47   24 0.25   21 0.07      15.63   7  11  18
  25  M>3    643.68     4.07719   26 0.51   27 0.18   24 0.11      10.95   5   7   8
  26  M>3    661.37    -9.96922   22 0.39   24 0.14   23 0.13     112.50   7   9  12
  27  M>3    690.99     0.81524   27 0.68   26 0.09   24 0.06      21.04   5   9  48
  28  M>3    717.01    -4.37987   28 0.78   26 0.08   22 0.03      17.20   5  14  81
  29  P      746.73    -0.48205   29 0.91   35 0.03   37 0.02      -2.06   1   3   8
  30  M>3    957.20    -1.04718   32 0.27   31 0.22   30 0.22     -28.69   5   8  13
  31  M>3    976.48     3.00804   33 0.52   31 0.17   32 0.12     -20.22   4   6   9
  32  M>3    995.44     4.04310   32 0.30   31 0.17   34 0.14       9.55   7   9  16
  33  M>3   1002.68     3.67478   30 0.26   31 0.26   39 0.16      34.58   6   6   7
  34  M3    1036.15     0.57656   36 0.52   38 0.37   34 0.04      -3.55   3   5  10
  35  M>3   1046.09    -6.47770   35 0.23   30 0.15   38 0.12      14.13  17  46  81
  36  M>3   1049.70    -0.51952   37 0.61   34 0.11   33 0.05       2.32  10  19  81
  37  M>3   1051.54    -1.14639   40 0.35   34 0.20   35 0.08     -23.54   9  12  24
  38  M>3   1067.16     4.54370   38 0.23   36 0.20   39 0.14       9.56  17  81  81
  39  M>3   1072.24     3.34453   39 0.50   30 0.13   31 0.06       6.98  10  19  81
  40  M>3   1101.06    -1.75756   40 0.44   41 0.13   35 0.10      25.98   8  15  81
  41  M>3   1150.29     2.64822   41 0.74   35 0.07   43 0.03      10.87   6   8  31
  42  M3    1188.53     1.63838   42 0.85   43 0.05   38 0.03      13.06   3   5  13
  43  M>3   1257.69     2.15498   45 0.42   46 0.27   43 0.11     -32.04   7  18  81
  44  M>3   1265.20    -2.51582   44 0.83   43 0.04   47 0.03     -13.93   4   9  20
  45  M>3   1303.28    -3.47003   45 0.45   46 0.29   47 0.11      13.54   6  13  81
  46  M>3   1340.69     5.54217   47 0.53   43 0.15   49 0.11     -13.67   7  11  44
  47  M>3   1369.56    -2.03898   48 0.27   46 0.22   47 0.19     -19.11   6   9  28
  48  M3    1397.49    -0.91905   49 0.55   48 0.35   43 0.05      -3.72   3   5  16
  49  M>3   1407.61     2.24300   50 0.41   48 0.15   51 0.11      -5.88   8  12  17
  50  M>3   1414.36    -1.87490   50 0.40   51 0.30   48 0.07       0.87   7  11  19
  51  M>3   1430.77    -0.46521   53 0.65   52 0.09   51 0.09      -9.21   5   7  11
  52  M>3   1433.63     0.59332   52 0.71   53 0.10   57 0.09      -1.28   4   5  10
  53  M>3   1467.43     0.51150   58 0.51   56 0.25   59 0.05     -11.00   7  10  27
  54  M>3   1471.08     0.12877   54 0.33   55 0.15   61 0.12      19.34   8  10  16
  55  M3    1472.90     1.11343   56 0.65   58 0.23   57 0.05       1.19   3   4   8
  56  M>3   1477.20    -0.12451   57 0.32   62 0.30   52 0.10       1.82   7   9  11
  57  M>3   1479.58     1.04216   54 0.22   59 0.20   55 0.16      27.84   9  11  15
  58  M>3   1492.82    -2.03773   55 0.45   54 0.29   63 0.07      32.98   5   9  81
  59  M>3   1496.20     0.28255   60 0.43   63 0.16   57 0.11      -5.72   6   9  15
  60  M>3   1504.58    -3.08653   63 0.31   62 0.30   59 0.15     -26.25   7   9  14
  61  M3    1512.63    -0.23451   61 0.63   59 0.22   63 0.06       0.55   3   5  13
  62  M>3   1525.23     1.60464   57 0.29   60 0.24   62 0.22      49.86   6   8  27
  63  M>3   1649.18   -13.04098   64 0.29   65 0.25   51 0.10      40.41  11  15  27
  64  M3    1691.64     5.88800   65 0.71   64 0.18   66 0.02      41.53   3   6  16
  65  P     1721.00     3.83555   66 0.95   65 0.01   60 0.01      31.79   1   2  14
  66  M>3   1752.93   -10.91208   64 0.42   43 0.18   63 0.12     144.16  11  17  31
  67  M2    2991.82    -0.20640   70 0.85   68 0.13   72 0.01     -77.48   2   2   3
  68  M2    3064.87     0.05150   69 0.86   79 0.09   75 0.05      21.55   2   3   3
  69  M>3   3073.82    -0.00946   71 0.66   73 0.11   80 0.08      -3.05   4   5   7
  70  P     3074.16     0.36882   67 0.91   74 0.05   71 0.03      55.32   1   2   4
  71  M>3   3075.36     0.11148   73 0.59   80 0.14   71 0.13      -8.02   4   5   6
  72  M2    3125.16     0.13295   68 0.84   70 0.13   75 0.02      92.68   2   2   4
  73  M2    3127.28     0.42424   79 0.65   75 0.31   68 0.02     -53.49   2   2   4
  74  M3    3130.65    -0.28339   80 0.63   76 0.25   73 0.08     -50.59   3   3   4
  75  P     3137.85     0.27982   72 0.97   70 0.01   67 0.01      59.88   1   1   3
  76  M3    3146.65    -0.07522   78 0.73   77 0.12   71 0.11     -25.40   3   3   5
  77  M3    3170.98    -0.51345   75 0.62   79 0.25   69 0.12      78.15   3   3   4
  78  P     3172.37     1.05798   74 0.94   67 0.05   72 0.00      81.44   1   2   2
  79  M2    3176.50    -0.07740   77 0.72   78 0.19   71 0.05      27.83   2   3   4
  80  M3    3205.66     0.20765   76 0.65   73 0.20   80 0.11      64.26   3   3   5
  81  P     3648.70    -0.04485   81 1.00   20 0.00   65 0.00      -5.45   1   1   1
   
 *********************************************************** 
  
  AVERAGE MAX PROJECTION     0.563041    St Dev   0.215761
  AVERAGE FREQ DIFF         11.412098    St Dev  33.913813
  AVERAGE ABS FREQ DIFF     27.399245    St Dev  29.909160
  AVERAGE ABS DISPLACE      -1.329081    St Dev  54.041466
  SUM DISPL**2           ************
  
 *********************************************************** 
  

 ADDITIONAL ANALYSIS ON DUSCHINSKY MATRIX
 ----------------------------------------
  Determinant:     0.8526

  ** A = GM·GMT **
  Det(A)     :     1.0000
  Trace(A)   :    81.0000
  Det(A-I)   :     0.0000
  Trace(A-I) :     0.0000
 ----------------------------------------

   
   
 STATE1 MODES SORTED BY DECREASING DIMENSIONLESS SHIFT
   IND    MODE    FREQUENCY   DIMENSIONLESS SHIFT
     1       1      29.42015      -0.49694E+01
     2       7     147.34073       0.37078E+01
     3       4      87.34599       0.16640E+01
     4      12     270.65729       0.12338E+01
     5      19     432.99224      -0.12088E+01
     6      15     322.14579       0.10715E+01
     7      51    1424.34387       0.76956E+00
     8       6     134.87913      -0.72742E+00
     9       9     211.15597       0.66443E+00
    10      11     262.96519       0.63646E+00
    11      63    1530.82653       0.62983E+00
    12       3      78.63728       0.61393E+00
    13      13     290.58805       0.55760E+00
    14      21     505.88803       0.55228E+00
    15      16     351.54003       0.52174E+00
    16      48    1388.67061      -0.51410E+00
    17       5     113.40604       0.47446E+00
    18      61    1512.07674      -0.45810E+00
    19      46    1329.58396       0.45110E+00
    20       2      66.61506       0.44434E+00
    21      59    1499.92057       0.44143E+00
    22      18     428.01880       0.43861E+00
    23      43    1234.55884      -0.41702E+00
    24      55    1459.84775      -0.39354E+00
    25      47    1354.36091       0.38231E+00
    26      38    1057.60079       0.35915E+00
    27      14     314.15936       0.34397E+00
    28      60    1501.92040       0.33970E+00
    29      53    1439.98030      -0.31080E+00
    30      22     548.87262       0.31054E+00
    31      20     501.29614       0.27213E+00
    32      50    1413.49218       0.24137E+00
    33      27     669.94908       0.22803E+00
    34       8     158.98712      -0.21569E+00
    35      42    1175.47057       0.21033E+00
    36      24     603.35091      -0.20487E+00
    37      62    1521.19551       0.19200E+00
    38      30     968.10182       0.17948E+00
    39      33     996.70285      -0.17712E+00
    40      41    1139.41366      -0.16963E+00
    41      44    1279.13226      -0.16456E+00
    42      25     613.72429      -0.16324E+00
    43      56    1471.71594       0.15903E+00
    44      26     632.72998       0.15100E+00
    45      35    1031.95765       0.14755E+00
    46      32     985.89010      -0.14316E+00
    47      10     238.06177      -0.13384E+00
    48      49    1401.20919       0.11479E+00
    49      52    1434.90626       0.10812E+00
    50      37    1047.37870       0.10699E+00
    51      31     971.38240      -0.10654E+00
    52      79    3180.77813      -0.83929E-01
    53      23     575.53683       0.82989E-01
    54      45    1289.73155       0.80261E-01
    55      28     699.80947      -0.77584E-01
    56      65    1650.11523       0.75492E-01
    57      58    1478.43049      -0.73603E-01
    58      17     372.70456       0.71761E-01
    59      39    1065.25535       0.65253E-01
    60      40    1075.08199       0.61448E-01
    61      34    1005.29666      -0.60025E-01
    62      57    1475.37585      -0.57519E-01
    63      72    3077.96527      -0.53408E-01
    64      67    3018.83757      -0.53406E-01
    65      66    1689.20545      -0.49590E-01
    66      70    3069.29863      -0.34445E-01
    67      64    1608.77138       0.32949E-01
    68      75    3092.83457       0.28384E-01
    69      29     748.78134       0.24827E-01
    70      36    1039.69626       0.22441E-01
    71      73    3083.37149      -0.21619E-01
    72      81    3654.14930       0.20869E-01
    73      76    3141.40044       0.19694E-01
    74      54    1451.74398      -0.17207E-01
    75      69    3043.31415       0.13791E-01
    76      80    3181.23401       0.12562E-01
    77      71    3076.86716      -0.87804E-02
    78      68    3032.47851      -0.65819E-02
    79      74    3090.92615       0.13136E-02
    80      77    3148.67256       0.94178E-03
    81      78    3172.05592       0.66256E-03
   
   
 MODES OF STATE1 IN ORDER OF DECREASING FR COUPL
 ESTIMATED BY THE MAGNITUDE OF THE  0-0 INTEGRAL FC(0,0)
 1D MODEL WITH THE MODE OF STATE2 WITH LARGEST PROJECTION
 ONLY FREQ CHANGE (NO DUSCHINSKY NO DISPLACEMENT). WE PRINT OUT 1/FC(0,0)
    IND   MODE1   FREQ        MODE2      FR           FR. SHIFT        1/FC(0,0)
     1     5   113.40604         8   181.26516       -67.85912         1.01372
     2     3    78.63728         2    49.85242        28.78485         1.01296
     3    43  1234.55884        66  1752.92763      -518.36880         1.00767
     4     8   158.98712         9   209.35555       -50.36843         1.00473
     5    18   428.01880        21   562.71509      -134.69629         1.00468
     6    22   548.87262        26   661.37439      -112.50177         1.00217
     7     4    87.34599         4    75.49074        11.85524         1.00133
     8    21   505.88803        22   576.07808       -70.19004         1.00105
     9     2    66.61506         4    75.49074        -8.87568         1.00098
    10     6   134.87913         6   151.48263       -16.60350         1.00084
    11     1    29.42015         1    32.31476        -2.89461         1.00055
    12    64  1608.77138        66  1752.92763      -144.15625         1.00046
    13    13   290.58805        12   270.65409        19.93396         1.00032
    14    17   372.70456        17   397.97016       -25.26560         1.00027
    15    11   262.96519        13   280.48741       -17.52222         1.00026
    16    14   314.15936        14   329.74532       -15.58596         1.00015
    17    15   322.14579        15   338.06983       -15.92404         1.00015
    18    34  1005.29666        37  1051.54051       -46.24384         1.00013
    19    24   603.35091        24   629.34999       -25.99908         1.00011
    20    12   270.65729        11   259.99914        10.65815         1.00010
    21    30   968.10182        33  1002.68416       -34.58233         1.00008
    22    19   432.99224        18   448.17112       -15.17888         1.00007
    23    20   501.29614        19   517.70693       -16.41079         1.00006
    24    31   971.38240        33  1002.68416       -31.30176         1.00006
    25    27   669.94908        27   690.98739       -21.03831         1.00006
    26    68  3032.47851        72  3125.15676       -92.67825         1.00006
    27     7   147.34073         6   151.48263        -4.14190         1.00005
    28    74  3090.92615        78  3172.36731       -81.44116         1.00004
    29    70  3069.29863        67  2991.82126        77.47737         1.00004
    30    25   613.72429        24   629.34999       -15.62570         1.00004
    31    75  3092.83457        77  3170.98451       -78.14993         1.00004
    32    65  1650.11523        64  1691.64340       -41.52818         1.00004
    33    28   699.80947        28   717.01051       -17.20104         1.00004
    34    40  1075.08199        40  1101.05873       -25.97675         1.00004
    35    10   238.06177        10   232.46532         5.59645         1.00004
    36    55  1459.84775        58  1492.82437       -32.97662         1.00003
    37    33   996.70285        31   976.47807        20.22477         1.00003
    38    38  1057.60079        34  1036.14550        21.45529         1.00003
    39    76  3141.40044        80  3205.65565       -64.25521         1.00003
    40    46  1329.58396        45  1303.27517        26.30878         1.00002
    41    72  3077.96527        75  3137.84976       -59.88449         1.00002
    42    66  1689.20545        65  1720.99845       -31.79301         1.00002
    43    67  3018.83757        70  3074.16062       -55.32304         1.00002
    44    63  1530.82653        60  1504.57888        26.24766         1.00002
    45    26   632.72998        25   643.68219       -10.95220         1.00002
    46    79  3180.77813        73  3127.28405        53.49408         1.00002
    47    80  3181.23401        74  3130.64603        50.58798         1.00002
    48    35  1031.95765        35  1046.08771       -14.13005         1.00001
    49    54  1451.74398        54  1471.08373       -19.33974         1.00001
    50    42  1175.47057        42  1188.53127       -13.06071         1.00001
    51    62  1521.19551        60  1504.57888        16.61663         1.00001
    52    44  1279.13226        44  1265.20309        13.92917         1.00001
    53    45  1289.73155        45  1303.27517       -13.54362         1.00001
    54    47  1354.36091        46  1340.69460        13.66631         1.00001
    55    32   985.89010        32   995.44405        -9.55395         1.00001
    56    41  1139.41366        41  1150.28717       -10.87351         1.00001
    57    77  3148.67256        79  3176.49851       -27.82595         1.00000
    58     9   211.15597         9   209.35555         1.80042         1.00000
    59    59  1499.92057        61  1512.63172       -12.71115         1.00000
    60    78  3172.05592        76  3146.65164        25.40428         1.00000
    61    58  1478.43049        53  1467.42920        11.00129         1.00000
    62    69  3043.31415        68  3064.86667       -21.55251         1.00000
    63    51  1424.34387        50  1414.35943         9.98444         1.00000
    64    39  1065.25535        39  1072.23968        -6.98433         1.00000
    65    53  1439.98030        51  1430.77321         9.20709         1.00000
    66    48  1388.67061        48  1397.49173        -8.82112         1.00000
    67    16   351.54003        16   353.71855        -2.17852         1.00000
    68    50  1413.49218        49  1407.61120         5.88098         1.00000
    69    60  1501.92040        59  1496.20468         5.71572         1.00000
    70    36  1039.69626        34  1036.14550         3.55076         1.00000
    71    29   748.78134        29   746.72510         2.05624         1.00000
    72    49  1401.20919        48  1397.49173         3.71745         1.00000
    73    73  3083.37149        71  3075.35649         8.01500         1.00000
    74    37  1047.37870        36  1049.69883        -2.32012         1.00000
    75    81  3654.14930        81  3648.69945         5.44985         1.00000
    76    57  1475.37585        56  1477.19850        -1.82266         1.00000
    77    71  3076.86716        69  3073.81552         3.05164         1.00000
    78    23   575.53683        22   576.07808        -0.54125         1.00000
    79    52  1434.90626        52  1433.62792         1.27834         1.00000
    80    56  1471.71594        55  1472.90328        -1.18734         1.00000
    81    61  1512.07674        61  1512.63172        -0.55498         1.00000
   
   
   
   
 STATE2 MODES SORTED BY DECREASING DIMENSIONLESS SHIFT
   IND    MODE    FREQUENCY   DIMENSIONLESS SHIFT
     1       1      32.31476       0.49798E+01
     2       6     151.48263      -0.34155E+01
     3       8     181.26516      -0.32528E+01
     4       7     172.87243      -0.22123E+01
     5       2      49.85242      -0.20671E+01
     6      13     280.48741       0.13758E+01
     7       9     209.35555      -0.12132E+01
     8      63    1649.18263      -0.11305E+01
     9       4      75.49074       0.11204E+01
    10       3      68.14908      -0.10583E+01
    11      10     232.46532      -0.10511E+01
    12      66    1752.92763      -0.97521E+00
    13      18     448.17112      -0.87056E+00
    14      21     562.71509      -0.68173E+00
    15       5     141.70921       0.62555E+00
    16      26     661.37439      -0.54726E+00
    17      64    1691.64340       0.51693E+00
    18      16     353.71855      -0.48387E+00
    19      35    1046.08771      -0.44721E+00
    20      46    1340.69460       0.43316E+00
    21      65    1720.99845       0.33965E+00
    22      23     611.19034       0.32039E+00
    23      38    1067.15621       0.31683E+00
    24      11     259.99914      -0.31251E+00
    25      12     270.65409       0.28969E+00
    26      32     995.44405       0.27229E+00
    27      45    1303.27517      -0.26740E+00
    28      60    1504.57888      -0.25556E+00
    29      28     717.01051      -0.25034E+00
    30      33    1002.68416       0.24838E+00
    31      39    1072.23968       0.23377E+00
    32      25     643.68219       0.22080E+00
    33      31     976.47807       0.20064E+00
    34      41    1150.28717       0.19172E+00
    35      44    1265.20309      -0.19102E+00
    36      49    1407.61120       0.17963E+00
    37      58    1492.82437      -0.16806E+00
    38      43    1257.69381       0.16313E+00
    39      47    1369.56245      -0.16107E+00
    40      22     576.07808       0.15205E+00
    41      50    1414.35943      -0.15051E+00
    42      62    1525.23463       0.13377E+00
    43      14     329.74532       0.12784E+00
    44      78    3172.36731       0.12720E+00
    45      40    1101.05873      -0.12449E+00
    46      42    1188.53127       0.12057E+00
    47      17     397.97016      -0.12037E+00
    48      24     629.34999      -0.10147E+00
    49      55    1472.90328       0.91214E-01
    50      57    1479.58008       0.85568E-01
    51      37    1051.54051      -0.79351E-01
    52      19     517.70693      -0.78771E-01
    53      48    1397.49173      -0.73336E-01
    54      30     957.19727      -0.69156E-01
    55      77    3170.98451      -0.61717E-01
    56      20     542.61340       0.51106E-01
    57      73    3127.28405       0.50642E-01
    58      52    1433.62792       0.47953E-01
    59      27     690.98739       0.45743E-01
    60      70    3074.16062       0.43650E-01
    61      53    1467.42920       0.41824E-01
    62      34    1036.14550       0.39615E-01
    63      51    1430.77321      -0.37561E-01
    64      36    1049.69883      -0.35929E-01
    65      74    3130.64603      -0.33846E-01
    66      75    3137.84976       0.33458E-01
    67      29     746.72510      -0.28118E-01
    68      80    3205.65565       0.25096E-01
    69      67    2991.82126      -0.24099E-01
    70      59    1496.20468       0.23329E-01
    71      61    1512.63172      -0.19469E-01
    72      72    3125.15676       0.15864E-01
    73      15     338.06983      -0.15297E-01
    74      71    3075.35649       0.13196E-01
    75      54    1471.08373       0.10542E-01
    76      56    1477.19850      -0.10215E-01
    77      79    3176.49851      -0.93112E-02
    78      76    3146.65164      -0.90065E-02
    79      68    3064.86667       0.60857E-02
    80      81    3648.69945      -0.57826E-02
    81      69    3073.81552      -0.11192E-02
   
   
 MODES OF STATE2 IN ORDER OF DECREASING FR COUPL
 ESTIMATED BY THE MAGNITUDE OF THE  0-0 INTEGRAL FC(0,0)
 1D MODEL WITH THE MODE OF STATE1 WITH LARGEST PROJECTION
 ONLY FREQ CHANGE (NO DUSCHINSKY NO DISPLACEMENT). WE PRINT OUT 1/FC(0,0)
    IND   MODE2   FREQ        MODE1      FR           FR. SHIFT        1/FC(0,0)
     1     8   181.26516         5   113.40604        67.85912         1.01372
     2     2    49.85242         3    78.63728       -28.78485         1.01296
     3    21   562.71509        18   428.01880       134.69629         1.00468
     4     7   172.87243         9   211.15597       -38.28354         1.00250
     5    26   661.37439        22   548.87262       112.50177         1.00217
     6     4    75.49074         4    87.34599       -11.85524         1.00133
     7     3    68.14908         3    78.63728       -10.48820         1.00128
     8    20   542.61340        25   613.72429       -71.11089         1.00095
     9    23   611.19034        22   548.87262        62.31772         1.00072
    10     1    32.31476         1    29.42015         2.89461         1.00055
    11    66  1752.92763        64  1608.77138       144.15625         1.00046
    12    12   270.65409        13   290.58805       -19.93396         1.00032
    13    17   397.97016        17   372.70456        25.26560         1.00027
    14    13   280.48741        11   262.96519        17.52222         1.00026
    15    14   329.74532        14   314.15936        15.58596         1.00015
    16    15   338.06983        15   322.14579        15.92404         1.00015
    17    11   259.99914        12   270.65729       -10.65815         1.00010
    18     5   141.70921         7   147.34073        -5.63152         1.00009
    19    33  1002.68416        30   968.10182        34.58233         1.00008
    20    18   448.17112        19   432.99224        15.17888         1.00007
    21    62  1525.23463        57  1475.37585        49.85879         1.00007
    22    19   517.70693        20   501.29614        16.41079         1.00006
    23    27   690.98739        27   669.94908        21.03831         1.00006
    24    72  3125.15676        68  3032.47851        92.67825         1.00006
    25    30   957.19727        32   985.89010       -28.69284         1.00005
    26     6   151.48263         7   147.34073         4.14190         1.00005
    27    78  3172.36731        74  3090.92615        81.44116         1.00004
    28    67  2991.82126        70  3069.29863       -77.47737         1.00004
    29    43  1257.69381        45  1289.73155       -32.03774         1.00004
    30    24   629.34999        25   613.72429        15.62570         1.00004
    31    77  3170.98451        75  3092.83457        78.14993         1.00004
    32    64  1691.64340        65  1650.11523        41.52818         1.00004
    33    63  1649.18263        64  1608.77138        40.41125         1.00004
    34    28   717.01051        28   699.80947        17.20104         1.00004
    35    40  1101.05873        40  1075.08199        25.97675         1.00004
    36    10   232.46532        10   238.06177        -5.59645         1.00004
    37    58  1492.82437        55  1459.84775        32.97662         1.00003
    38    37  1051.54051        40  1075.08199       -23.54148         1.00003
    39    31   976.47807        33   996.70285       -20.22477         1.00003
    40    80  3205.65565        76  3141.40044        64.25521         1.00003
    41    75  3137.84976        72  3077.96527        59.88449         1.00002
    42    57  1479.58008        54  1451.74398        27.83610         1.00002
    43    65  1720.99845        66  1689.20545        31.79301         1.00002
    44    70  3074.16062        67  3018.83757        55.32304         1.00002
    45    60  1504.57888        63  1530.82653       -26.24766         1.00002
    46    25   643.68219        26   632.72998        10.95220         1.00002
    47    73  3127.28405        79  3180.77813       -53.49408         1.00002
    48    74  3130.64603        80  3181.23401       -50.58798         1.00002
    49    47  1369.56245        48  1388.67061       -19.10816         1.00001
    50    35  1046.08771        35  1031.95765        14.13005         1.00001
    51    54  1471.08373        54  1451.74398        19.33974         1.00001
    52    42  1188.53127        42  1175.47057        13.06071         1.00001
    53    44  1265.20309        44  1279.13226       -13.92917         1.00001
    54    45  1303.27517        45  1289.73155        13.54362         1.00001
    55    46  1340.69460        47  1354.36091       -13.66631         1.00001
    56    32   995.44405        32   985.89010         9.55395         1.00001
    57    41  1150.28717        41  1139.41366        10.87351         1.00001
    58    38  1067.15621        38  1057.60079         9.55542         1.00001
    59    79  3176.49851        77  3148.67256        27.82595         1.00000
    60     9   209.35555         9   211.15597        -1.80042         1.00000
    61    76  3146.65164        78  3172.05592       -25.40428         1.00000
    62    53  1467.42920        58  1478.43049       -11.00129         1.00000
    63    68  3064.86667        69  3043.31415        21.55251         1.00000
    64    39  1072.23968        39  1065.25535         6.98433         1.00000
    65    51  1430.77321        53  1439.98030        -9.20709         1.00000
    66    16   353.71855        16   351.54003         2.17852         1.00000
    67    49  1407.61120        50  1413.49218        -5.88098         1.00000
    68    59  1496.20468        60  1501.92040        -5.71572         1.00000
    69    34  1036.14550        36  1039.69626        -3.55076         1.00000
    70    29   746.72510        29   748.78134        -2.05624         1.00000
    71    48  1397.49173        49  1401.20919        -3.71745         1.00000
    72    71  3075.35649        73  3083.37149        -8.01500         1.00000
    73    36  1049.69883        37  1047.37870         2.32012         1.00000
    74    81  3648.69945        81  3654.14930        -5.44985         1.00000
    75    56  1477.19850        57  1475.37585         1.82266         1.00000
    76    69  3073.81552        71  3076.86716        -3.05164         1.00000
    77    22   576.07808        23   575.53683         0.54125         1.00000
    78    52  1433.62792        52  1434.90626        -1.27834         1.00000
    79    55  1472.90328        56  1471.71594         1.18734         1.00000
    80    50  1414.35943        50  1413.49218         0.86725         1.00000
    81    61  1512.63172        61  1512.07674         0.55498         1.00000
   
   
  
  
 DIMENSIONLESS SHIFTS 
   IND     STATE1       STATE2
     1    -0.49694E+01     0.49798E+01
     2     0.44434E+00    -0.20671E+01
     3     0.61393E+00    -0.10583E+01
     4     0.16640E+01     0.11204E+01
     5     0.47446E+00     0.62555E+00
     6    -0.72742E+00    -0.34155E+01
     7     0.37078E+01    -0.22123E+01
     8    -0.21569E+00    -0.32528E+01
     9     0.66443E+00    -0.12132E+01
    10    -0.13384E+00    -0.10511E+01
    11     0.63646E+00    -0.31251E+00
    12     0.12338E+01     0.28969E+00
    13     0.55760E+00     0.13758E+01
    14     0.34397E+00     0.12784E+00
    15     0.10715E+01    -0.15297E-01
    16     0.52174E+00    -0.48387E+00
    17     0.71761E-01    -0.12037E+00
    18     0.43861E+00    -0.87056E+00
    19    -0.12088E+01    -0.78771E-01
    20     0.27213E+00     0.51106E-01
    21     0.55228E+00    -0.68173E+00
    22     0.31054E+00     0.15205E+00
    23     0.82989E-01     0.32039E+00
    24    -0.20487E+00    -0.10147E+00
    25    -0.16324E+00     0.22080E+00
    26     0.15100E+00    -0.54726E+00
    27     0.22803E+00     0.45743E-01
    28    -0.77584E-01    -0.25034E+00
    29     0.24827E-01    -0.28118E-01
    30     0.17948E+00    -0.69156E-01
    31    -0.10654E+00     0.20064E+00
    32    -0.14316E+00     0.27229E+00
    33    -0.17712E+00     0.24838E+00
    34    -0.60025E-01     0.39615E-01
    35     0.14755E+00    -0.44721E+00
    36     0.22441E-01    -0.35929E-01
    37     0.10699E+00    -0.79351E-01
    38     0.35915E+00     0.31683E+00
    39     0.65253E-01     0.23377E+00
    40     0.61448E-01    -0.12449E+00
    41    -0.16963E+00     0.19172E+00
    42     0.21033E+00     0.12057E+00
    43    -0.41702E+00     0.16313E+00
    44    -0.16456E+00    -0.19102E+00
    45     0.80261E-01    -0.26740E+00
    46     0.45110E+00     0.43316E+00
    47     0.38231E+00    -0.16107E+00
    48    -0.51410E+00    -0.73336E-01
    49     0.11479E+00     0.17963E+00
    50     0.24137E+00    -0.15051E+00
    51     0.76956E+00    -0.37561E-01
    52     0.10812E+00     0.47953E-01
    53    -0.31080E+00     0.41824E-01
    54    -0.17207E-01     0.10542E-01
    55    -0.39354E+00     0.91214E-01
    56     0.15903E+00    -0.10215E-01
    57    -0.57519E-01     0.85568E-01
    58    -0.73603E-01    -0.16806E+00
    59     0.44143E+00     0.23329E-01
    60     0.33970E+00    -0.25556E+00
    61    -0.45810E+00    -0.19469E-01
    62     0.19200E+00     0.13377E+00
    63     0.62983E+00    -0.11305E+01
    64     0.32949E-01     0.51693E+00
    65     0.75492E-01     0.33965E+00
    66    -0.49590E-01    -0.97521E+00
    67    -0.53406E-01    -0.24099E-01
    68    -0.65819E-02     0.60857E-02
    69     0.13791E-01    -0.11192E-02
    70    -0.34445E-01     0.43650E-01
    71    -0.87804E-02     0.13196E-01
    72    -0.53408E-01     0.15864E-01
    73    -0.21619E-01     0.50642E-01
    74     0.13136E-02    -0.33846E-01
    75     0.28384E-01     0.33458E-01
    76     0.19694E-01    -0.90065E-02
    77     0.94178E-03    -0.61717E-01
    78     0.66256E-03     0.12720E+00
    79    -0.83929E-01    -0.93112E-02
    80     0.12562E-01     0.25096E-01
    81     0.20869E-01    -0.57826E-02
  SUM SQUARED DIMENSIONLESS DISPL STATE1       52.2187
  SUM SQUARED DIMENSIONLESS DISPL STATE2       69.4699
  VALUE STATE1 GROUND VIB WAVEFUN AT GEO2       0.0000
  VALUE STATE2 GROUND VIB WAVEFUN AT GEO1       0.0000
  VALUE STATE1 GROUND VIB WAVEFUN AT (GEO1+GEO2)/2      0.0015
  VALUE STATE2 GROUND VIB WAVEFUN AT (GEO1+GEO2)/2      0.0002

 Printing Duschinski matrix to 'duschinsky.dat'


 Printing Shift vector to 'displacement.dat'


NOTE: DE derived from state files:   3.755 (eV)                                                           
 


 ===========================
  REORGANIZATION ENERGY
 ===========================
     0.031612  (Hartree)
     0.860220  (eV)



 ===============================
  ZERO-POINT ENERGY CORRECTIONS 
 ===============================


                    ZERO POINT ENERGY (CM-1)
    E01=     52938.04    E02=     53622.14


                    0-0 ENERGY DIFFERENCE
       3.67025 eV


                    ADIABATIC ENERGY (DIFFERENCE BETWEEN En AT MINIMA) 
       3.75506 eV


 An Internal Conversion Rate will be computed


 =====================================

  NON ADIABATIC COUPLING (NAC) VECTOR 

 =====================================
 Model for NAC expansion: ICi
 NAC in Cartessian coordinates (from input), (au)
  Atom       d/dx        d/dy        d/dz  
 ---------------------------------------------
   1      0.000520   -0.002799    0.000757
   2      0.027391   -0.002155   -0.068533
   3      0.002014    0.003151    0.068680
   4     -0.000383   -0.000144    0.004804
   5      0.062293    0.021167   -0.273479
   6     -0.009385    0.004914    0.000163
   7      0.002455   -0.011751   -0.016396
   8     -0.022970   -0.013100    0.040124
   9     -0.003730   -0.000043    0.029638
  10     -0.001751   -0.002007   -0.000074
  11      0.000327    0.000888    0.000543
  12      0.003782   -0.007256   -0.001198
  13     -0.003432    0.001838   -0.011870
  14     -0.017216   -0.005387    0.032577
  15     -0.012165   -0.023475   -0.009803
  16      0.002328    0.006842   -0.008315
  17      0.014730    0.026295   -0.001301
  18     -0.042244    0.004091    0.223358
  19     -0.010100    0.027454   -0.003150
  20      0.000059   -0.002793   -0.003584
  21      0.008334   -0.025030    0.001691
  22     -0.000470    0.001604    0.010251
  23     -0.001035   -0.000623   -0.000241
  24      0.001810    0.000866   -0.000271
  25     -0.000179   -0.000169    0.000545
  26      0.001272    0.000828   -0.010631
  27     -0.000658   -0.001114    0.000124
  28      0.001156    0.001085    0.000648
  29     -0.000085   -0.000311   -0.000096
 
 NAC in internal coordinates, (au)
  S       d/dS1     
 -------------------
   1     -0.009782
   2     -0.021328
   3     -0.009709
   4      0.021792
   5     -0.003948
   6     -0.202154
   7      0.043814
   8     -0.015432
   9     -0.020005
  10     -0.176353
  11      0.121405
  12     -0.071080
  13      0.028195
  14     -0.001363
  15      0.002699
  16      0.002146
  17      0.007730
  18      0.048977
  19     -0.005208
  20     -0.000475
  21     -0.045053
  22      0.001190
  23     -0.000348
  24     -0.003929
  25     -0.006080
  26     -0.006724
  27     -0.000644
  28     -0.030979
  29     -0.064687
  30     -0.004782
  31      0.029896
  32     -0.058468
  33      0.079628
  34     -0.011624
  35     -0.001096
  36     -0.054517
  37     -0.003818
  38      0.003154
  39      0.010699
  40     -0.000611
  41      0.017999
  42     -0.022710
  43      0.001125
  44      0.025361
  45      0.015089
  46      0.000607
  47      0.000331
  48      0.001517
  49     -0.000263
  50      0.025954
  51      0.014711
  52     -0.002420
  53      0.000604
  54      0.004186
  55      0.004108
  56      0.024217
  57     -0.001722
  58      0.000191
  59      0.001639
  60      0.001036
  61     -0.001441
  62     -0.000094
  63     -0.000125
  64     -0.000105
  65     -0.000085
  66      0.000152
  67     -0.002618
  68      0.000009
  69     -0.048437
  70     -0.003901
  71      0.026796
  72      0.005783
  73     -0.001415
  74     -0.001506
  75     -0.004582
  76     -0.003259
  77     -0.000394
  78     -0.002846
  79     -0.021400
  80     -0.001474
  81      0.001777
 
 NAC in State 1 normal mode coordinates (au)
  Mode    d/dQ1     
 -------------------
   1     -0.000008
   2      0.000574
   3      0.000489
   4      0.000191
   5     -0.000414
   6     -0.000083
   7     -0.000654
   8      0.000026
   9      0.000325
  10      0.000047
  11      0.000180
  12     -0.000734
  13     -0.000592
  14      0.000017
  15     -0.000021
  16     -0.000038
  17      0.000050
  18     -0.001015
  19      0.000516
  20     -0.000548
  21     -0.000093
  22      0.001187
  23      0.000217
  24     -0.000135
  25      0.000045
  26     -0.000302
  27     -0.000026
  28      0.000104
  29      0.000017
  30      0.000068
  31      0.000025
  32      0.000210
  33     -0.000652
  34      0.000441
  35     -0.001150
  36     -0.000046
  37      0.000020
  38     -0.000203
  39     -0.000116
  40      0.000072
  41      0.000048
  42      0.000025
  43      0.000035
  44     -0.000294
  45     -0.000085
  46      0.000145
  47      0.000028
  48     -0.000071
  49      0.000018
  50      0.000029
  51      0.000152
  52      0.000003
  53      0.000047
  54     -0.000455
  55      0.000577
  56     -0.000079
  57      0.000060
  58      0.000096
  59      0.000040
  60      0.000056
  61     -0.000033
  62     -0.000004
  63     -0.000080
  64      0.000030
  65     -0.000035
  66      0.000019
  67     -0.000057
  68      0.000024
  69     -0.000001
  70      0.000017
  71      0.000003
  72      0.000200
  73      0.000010
  74      0.000090
  75      0.000214
  76      0.000009
  77      0.000012
  78      0.000003
  79      0.000032
  80     -0.000010
  81     -0.000004
 
 NAC in State 2 normal mode coordinates (au)
  Mode    d/dQ2     
 -------------------
   1      0.000149
   2      0.000801
   3     -0.000354
   4      0.000268
   5      0.000463
   6     -0.000545
   7     -0.000360
   8      0.000189
   9     -0.000624
  10     -0.000098
  11      0.000944
  12      0.000523
  13     -0.000485
  14      0.000026
  15     -0.000012
  16      0.000196
  17      0.000207
  18      0.000009
  19     -0.000147
  20     -0.000039
  21     -0.000434
  22      0.000013
  23      0.000983
  24     -0.000210
  25     -0.000091
  26     -0.001182
  27     -0.000028
  28     -0.000484
  29      0.000293
  30      0.000331
  31      0.000467
  32      0.000677
  33      0.000017
  34     -0.000313
  35     -0.000025
  36     -0.000198
  37      0.000306
  38      0.000023
  39     -0.000003
  40      0.000102
  41     -0.000119
  42     -0.000203
  43     -0.000417
  44     -0.000071
  45      0.000249
  46     -0.000243
  47     -0.000080
  48     -0.000004
  49     -0.000064
  50      0.000192
  51     -0.000233
  52      0.000107
  53      0.000326
  54     -0.000215
  55      0.000048
  56      0.000036
  57     -0.000141
  58     -0.000614
  59     -0.000036
  60      0.000008
  61     -0.000002
  62     -0.000054
  63      0.000268
  64     -0.000068
  65      0.000061
  66      0.000294
  67      0.000034
  68      0.000026
  69     -0.000010
  70     -0.000074
  71      0.000000
  72     -0.000022
  73      0.000207
  74     -0.000026
  75     -0.000184
  76      0.000021
  77      0.000032
  78     -0.000035
  79      0.000003
  80     -0.000030
  81     -0.000003
 

NOTE: Spectra resolution set to:  0.00100                                                                 
 

NOTE: Initial energy of exported spectrum (en0) estimated:   0.0000                                       
 

NOTE: Final energy of exported spectrum (enfin) estimated:   4.6239                                       
 

NOTE: To ensure exact match of TI and TD results, final spectral range reset to:    0.0000-               
           4.6240(eV)                                                                                     
 

 ----------------------------------------
 Refined spectral range for simulations: 
  nene       =      4625
  From E(eV) =    0.0000
  To   E(eV) =    4.6240
 
  Ead (eV)   =       3.7551
  E00 (eV)   =       3.6702
 
 Related time-domain parameters
 (with extended range):
  ntime        =         3814
  dt           =       0.5422
  tfin         =    2067.5626
  dE_extra(eV) =       1.5010
 ----------------------------------------


NOTE: Classic spectra only available for OPA/EMI                                                          
 

NOTE: To ensure exact match of TI and TD results, final spectral range reset to:    0.0000-               
           4.6240(eV)                                                                                     
 


 ____________________________________________
  ============================================
  PROGRAM: td_icrate
   Compute vibronic spectra with a harmonic 
   TD formulation                           
 ____________________________________________
  ============================================
 
 SUMMARY OF CALCULATION OPTIONS
 -------------------------------
 Adiabatic Energy (eV)  :   3.7551

 Tipe of transition     : EMI

 Numerical evaluation of xi(t)
         Total time (fs):  2067.563
         Nr data points : 3814
         Time step (fs) :  0.542    

 Broad. function        : LOR  
 Broad. exponent        :    3.675E-04
 Broad. order           : 1
 -------------------------------

 Computing correlation functions over 3814 points


 Entering in dft_calc subroutine (not FFT)
 Ndata7628
 tini and tfin -2067.563    2067.563

 df  2.417989460082602E-004
 dt  0.542169287371023     
 =========== tdspectra finished ===========  
 Timing...
  CPU (s) for tdspectra :       9.631
 ==========================================
                                           
 
 ========================================================
 IC rate constant (s-1)  2.633E+08
 (for Ead =     3.755 eV)
 ========================================================
 
 
 Integral knr vs Ead (au)
 -------------------------------------------
 From calculation    = 1.1016E-07
 Analytical value    = 1.1065E-07
 ····································
 Ratio               = 0.9956    
 
 



===============================

 SUMMARY OF NOTES AND WARNINGS

===============================
 ---------------------------------
 13 notes raised along the run
 Look for NOTE in the output
 ---------------------------------

 
 ****************** FCclasses finished *******************
 Timing...   
  CPU (s)       9.767
 *********************************************************
 
