 
                                                    \ /               
                                              ..-'''-*-               
                                              \.-'''\ \               
      _____ _____      _                             | |              
     |  ___/  __ \    | |                         __/ /               
     | |_  | /  \/ ___| | __ _ ___ ___  ___  ___ |_  '.               
     |  _| | |    / __| |/ _` / __/ __|/ _ \/ __|   `.  \             
     | |   | \__/\ (__| | (_| \__ \__ \  __/\__ \     \ '.            
     \_|    \____/\___|_|\__,_|___/___/\___||___/      , |            
                                                       | |            
                                                      / ,'            
                                              -....--'  /             
                                              `.. __..-'              
                                                                      
 ********************************************************* 
   FCCLASSES3:                                             
   A code for vibronic simulations                         
                                                           
                                                           
 ********************************************************* 


 GIT VERSION INFO
  Commit id  : v3.0.4-0-gc73a9b5
  Commit date: 2024-08-01 12:00:32 +0200

 CURRENT RUN INFO
  Date&Time  : 2026-06-09, 07:36:38
  Input file : fcc.inp
  Input type : NEW



 INPUT OPTIONS:
-------------------------------
$$$
;GENERAL OPTIONS:
; NAT        = (read from structure files)
; NVIB       = (determined vibrational analysis)
PROPERTY     =   IC    
MODEL        =   AH   
NAC_REF      =   ICi  
TEMP         =   298.15
DE           =  (read)
BROADFUN     =   LOR  
HWHM         =   0.0100
RESOL        =   0.0010  ; (default: HWHM/10)
METHOD       =   TD   
ROT          =   2
SPCMIN       =  (estimated)
SPCMAX       =  (estimated)
;VIBRATIONAL ANALYSIS
NORMALMODES  =   COMPUTE  
RM_COORD     =   NONE    
COORDS       =   INTERNAL   
RED2NONRED   =   REIMERS
IC_FORM      =   ALL    
FORCE_REAL   =   NO   
;INPUT DATA FILES
STATE1_FILE  =   S2.fcc
STATE2_FILE  =   S0.fcc
MASS_FILE    =   
ELDIP_FILE   =   
MAGDIP_FILE  =   
NAC_FILE     =   nac_S2_fchk
NRCOUP_FILE  =   
HESS1_FILE   =   S2.fcc
HESS2_FILE   =   S0.fcc
GRAD1_FILE   =   S2.fcc
GRAD2_COORD  =   CARTESIAN
GRAD2_FILE   =   S0.fcc
NAC_COORD  =   CARTESIAN
;VERBOSE LEVEL
VERBOSE      =   1
  
-------------------------------



 ==> State 1 <==

 Geometry file: S2.fcc


 Energy file: S2.fcc
 Gradient file: S2.fcc

NOTE: The calculation for this State will assume stationary point since the gradient is                   
      small (maximum atomic gradient:   0.000009 a.u.)                                                    
 
 Hessian file: S2.fcc



 ---------------------------------------
  Check effect of symmetry operations
  on Hessian elements (or gs^t\beta)
 ---------------------------------------

 Using input geometry instead of rotating to principal axis of intertia to detect symmetry


NOTE: Cannot determine symmetry. Set to C1 (no symmetric atoms)                                           
 
 
 ---------------------------------------



 =========================
  ANALYSIS OF DOFs
 =========================

 => STATE 1 <=
 Geometry (Angstroms)
 29    # Nr. of atoms
   Atom       X         Y         Z      Mass
O          1.3222    9.8470    1.0474   15.9949
O         -4.8421    9.7409   -0.2924   15.9949
N         -2.0965   12.9219    0.2765   14.0031
H         -2.4082   13.8749    0.1866    1.0078
C         -2.6824   10.6174    0.2112   12.0000
C         -0.7755   12.7155    0.5154   12.0000
C         -3.0532   11.9306    0.0856   12.0000
C         -3.5899    9.5604    0.0248   12.0000
C         -1.2603   10.2606    0.5841   12.0000
H         -1.2461    9.7438    1.5490    1.0078
H         -0.8607    9.5358   -0.1279    1.0078
C         -0.3095   11.4384    0.6422   12.0000
C          1.0672   11.0417    0.8703   12.0000
C         -4.4039   12.4647   -0.2354   12.0000
H         -4.7999   13.0661    0.5884    1.0078
H         -4.3788   13.0969   -1.1276    1.0078
H         -5.1158   11.6594   -0.4224    1.0078
C         -3.2850    8.0915    0.1750   12.0000
H         -3.9281    7.6439    0.9364    1.0078
H         -3.4645    7.5636   -0.7646    1.0078
H         -2.2471    7.9617    0.4661    1.0078
C          2.2277   12.0099    0.8868   12.0000
H          2.2198   12.6902    0.0387    1.0078
H          2.2233   12.6096    1.7977    1.0078
H          3.1447   11.4260    0.8676    1.0078
C          0.0069   13.9939    0.6018   12.0000
H          0.6593   14.0155    1.4685    1.0078
H          0.6189   14.1427   -0.2873    1.0078
H         -0.6716   14.8416    0.6796    1.0078
 

 ------------------------------------------------
   INERTIA TENSOR (to be multiplied by 10**5)
 ------------------------------------------------

             1           2           3
  
    1    10.11330    -3.36946    -3.13551
    2    -3.36946    18.04646    -0.30074
    3    -3.13551    -0.30074    26.66627
 ------------------------------------------------


 ------------------------------------------------
   ROTATIONAL CONSTANTS (AND ROTATION MATRIX)
 ------------------------------------------------

 ROOT NO.    1           2           3

    ************************************
  
    1     0.92992     0.32881     0.16474
    2     0.31683    -0.94370     0.09514
    3    -0.18675     0.03628     0.98174
 ------------------------------------------------

  Rotational constants (GHz)
     1.10113     0.47962     0.33805
  Rotational temperatures (K)
     0.05285     0.02302     0.01622


 -------------------
  DOF   Dimension
 -------------------
  Vib    81
  Rot    3
  Tra    3
 -------------------



 =========================
  GENERATE INTERNAL SETS
 =========================

 => STATE 1 <=

NOTE: Cannot determine symmetry. Set to C1 (no symmetric atoms)                                           
 
 

 -----------------------------------------------------------------
 COMPUTING INTERNAL SET TO DEFINE THE VIBRATIONAL SPACE
 -----------------------------------------------------------------

 ----------------------------------------------------------
  Summary of valence internal coordianate set
   Type      = ALL
   Ns        = 140
   Nic(orig) = 140
   Nbonds    = 29
   Nangles   = 51
   Ndiheds   = 60
   Nimprop   = 0
 ----------------------------------------------------------

 
 ------------------------------------------------------
   n   Coeff  type  label                 Value
 ------------------------------------------------------
   1   1.000   b    O1-C13                1.2344
   2   1.000   b    O2-C8                 1.3043
   3   1.000   b    N3-H4                 1.0067
   4   1.000   b    N3-C6                 1.3582
   5   1.000   b    N3-C7                 1.3908
   6   1.000   b    C5-C7                 1.3702
   7   1.000   b    C5-C8                 1.4056
   8   1.000   b    C5-C9                 1.5129
   9   1.000   b    C6-C12                1.3654
  10   1.000   b    C6-C26                1.5013
  11   1.000   b    C7-C14                1.4875
  12   1.000   b    C8-C18                1.5077
  13   1.000   b    C9-H10                1.0946
  14   1.000   b    C9-H11                1.0918
  15   1.000   b    C9-C12                1.5148
  16   1.000   b    C12-C13               1.4507
  17   1.000   b    C13-C22               1.5115
  18   1.000   b    C14-H15               1.0942
  19   1.000   b    C14-H16               1.0938
  20   1.000   b    C14-H17               1.0910
  21   1.000   b    C18-H19               1.0925
  22   1.000   b    C18-H20               1.0926
  23   1.000   b    C18-H21               1.0857
  24   1.000   b    C22-H23               1.0873
  25   1.000   b    C22-H24               1.0906
  26   1.000   b    C22-H25               1.0872
  27   1.000   b    C26-H27               1.0850
  28   1.000   b    C26-H28               1.0895
  29   1.000   b    C26-H29               1.0886
  30   1.000   a    O1-C13-C12           118.896
  31   1.000   a    O1-C13-C22           117.372
  32   1.000   a    O2-C8-C5             123.229
  33   1.000   a    O2-C8-C18            110.686
  34   1.000   a    N3-C6-C12            119.369
  35   1.000   a    N3-C6-C26            112.806
  36   1.000   a    N3-C7-C5             118.971
  37   1.000   a    N3-C7-C14            113.470
  38   1.000   a    H4-N3-C6             117.436
  39   1.000   a    H4-N3-C7             116.708
  40   1.000   a    C5-C7-C14            127.558
  41   1.000   a    C5-C8-C18            126.080
  42   1.000   a    C5-C9-H10            109.930
  43   1.000   a    C5-C9-H11            109.871
  44   1.000   a    C5-C9-C12            114.592
  45   1.000   a    C6-N3-C7             125.792
  46   1.000   a    C6-C12-C9            120.626
  47   1.000   a    C6-C12-C13           126.457
  48   1.000   a    C6-C26-H27           112.103
  49   1.000   a    C6-C26-H28           111.233
  50   1.000   a    C6-C26-H29           110.020
  51   1.000   a    C7-C5-C8             122.268
  52   1.000   a    C7-C5-C9             120.195
  53   1.000   a    C7-C14-H15           111.315
  54   1.000   a    C7-C14-H16           111.273
  55   1.000   a    C7-C14-H17           111.372
  56   1.000   a    C8-C5-C9             117.530
  57   1.000   a    C8-C18-H19           110.458
  58   1.000   a    C8-C18-H20           110.599
  59   1.000   a    C8-C18-H21           109.663
  60   1.000   a    C9-C12-C13           112.900
  61   1.000   a    H10-C9-H11           104.867
  62   1.000   a    H10-C9-C12           108.971
  63   1.000   a    H11-C9-C12           108.146
  64   1.000   a    C12-C6-C26           127.825
  65   1.000   a    C12-C13-C22          123.727
  66   1.000   a    C13-C22-H23          112.745
  67   1.000   a    C13-C22-H24          110.992
  68   1.000   a    C13-C22-H25          107.663
  69   1.000   a    H15-C14-H16          107.741
  70   1.000   a    H15-C14-H17          107.372
  71   1.000   a    H16-C14-H17          107.569
  72   1.000   a    H19-C18-H20          107.736
  73   1.000   a    H19-C18-H21          109.084
  74   1.000   a    H20-C18-H21          109.259
  75   1.000   a    H23-C22-H24          107.902
  76   1.000   a    H23-C22-H25          109.172
  77   1.000   a    H24-C22-H25          108.271
  78   1.000   a    H27-C26-H28          108.142
  79   1.000   a    H27-C26-H29          107.585
  80   1.000   a    H28-C26-H29          107.580
  81   1.000   d    H4-N3-C6-C12        -179.902
  82   1.000   d    H4-N3-C6-C26          -0.135
  83   1.000   d    C7-N3-C6-C12          -2.905
  84   1.000   d    C7-N3-C6-C26         176.862
  85   1.000   d    C6-N3-C7-C5            3.673
  86   1.000   d    C6-N3-C7-C14        -176.622
  87   1.000   d    H4-N3-C7-C5         -179.310
  88   1.000   d    H4-N3-C7-C14           0.394
  89   1.000   d    C8-C5-C7-N3         -179.581
  90   1.000   d    C8-C5-C7-C14           0.760
  91   1.000   d    C9-C5-C7-N3            1.432
  92   1.000   d    C9-C5-C7-C14        -178.226
  93   1.000   d    C7-C5-C8-O2            0.692
  94   1.000   d    C7-C5-C8-C18        -178.355
  95   1.000   d    C9-C5-C8-O2          179.704
  96   1.000   d    C9-C5-C8-C18           0.657
  97   1.000   d    C8-C5-C9-H11          52.599
  98   1.000   d    C8-C5-C9-C12         174.577
  99   1.000   d    C7-C5-C9-H10         116.719
 100   1.000   d    C7-C5-C9-H11        -128.368
 101   1.000   d    C7-C5-C9-C12          -6.390
 102   1.000   d    C8-C5-C9-H10         -62.315
 103   1.000   d    N3-C6-C12-C9          -2.901
 104   1.000   d    N3-C6-C12-C13        178.676
 105   1.000   d    C26-C6-C12-C9        177.371
 106   1.000   d    C26-C6-C12-C13        -1.052
 107   1.000   d    N3-C6-C26-H29         12.775
 108   1.000   d    C12-C6-C26-H27       -47.811
 109   1.000   d    C12-C6-C26-H28        73.411
 110   1.000   d    C12-C6-C26-H29      -167.483
 111   1.000   d    N3-C6-C26-H27        132.447
 112   1.000   d    N3-C6-C26-H28       -106.332
 113   1.000   d    N3-C7-C14-H15        -62.777
 114   1.000   d    N3-C7-C14-H16         57.417
 115   1.000   d    N3-C7-C14-H17        177.430
 116   1.000   d    C5-C7-C14-H15        116.897
 117   1.000   d    C5-C7-C14-H16       -122.909
 118   1.000   d    C5-C7-C14-H17         -2.896
 119   1.000   d    O2-C8-C18-H19        -58.156
 120   1.000   d    O2-C8-C18-H20         61.024
 121   1.000   d    C5-C8-C18-H19        120.992
 122   1.000   d    O2-C8-C18-H21       -178.413
 123   1.000   d    C5-C8-C18-H20       -119.828
 124   1.000   d    C5-C8-C18-H21          0.735
 125   1.000   d    H10-C9-C12-C6       -116.439
 126   1.000   d    H10-C9-C12-C13        62.184
 127   1.000   d    H11-C9-C12-C6        130.097
 128   1.000   d    H11-C9-C12-C13       -51.280
 129   1.000   d    C5-C9-C12-C6           7.184
 130   1.000   d    C5-C9-C12-C13       -174.193
 131   1.000   d    C9-C12-C13-O1         -3.043
 132   1.000   d    C9-C12-C13-C22       176.102
 133   1.000   d    C6-C12-C13-O1        175.484
 134   1.000   d    C6-C12-C13-C22        -5.371
 135   1.000   d    O1-C13-C22-H23       131.368
 136   1.000   d    C12-C13-C22-H23      -47.789
 137   1.000   d    C12-C13-C22-H24       73.400
 138   1.000   d    C12-C13-C22-H25     -168.267
 139   1.000   d    O1-C13-C22-H24      -107.443
 140   1.000   d    O1-C13-C22-H25        10.889
 ------------------------------------------------------
  b: Angstroms | a,d: degrees
 


 ========================================== 
  SUBROUTINE: WILSON_B
   Compute matrix the Wilson B matrix       
   elements for bonds, angles, dihedrals    
   and impropre dihedrals.                  
                                            
  References:                               
   Wilson,Decius&Cross, Molcular Vibrations 
 ========================================== 
 

BONDS   29

ANGLES   51

DIHEDRALS   60

IMPROPERS    0




 ========================================== 
  SUBROUTINE: redundant2nonredundant
   Get a non-redundant set from a redundant 
   one from the non-zero eigenvalues of the 
   G matrix                  
                                            
  References:                               
   Reimers, J Chem Phys, 115, 6130 (2011)   
 ========================================== 
 
 Internal-space dimension: 81



 ================================
  VIBRATIONAL ANALYSIS ON STATE1
 ================================

 -------------------------
   F MATRIX (diagonal)
 -------------------------
     1     0.49783
     2     0.62712
     3     0.45946
     4     0.41277
     5     0.33809
     6     0.02506
     7     0.03723
     8     0.30377
     9     0.36759
    10     0.02012
    11     0.08138
    12     0.23716
    13     0.33166
    14     0.39982
    15     0.35041
    16     0.35629
    17     0.34239
    18     0.02231
    19     0.40383
    20     0.34475
    21     0.03447
    22     0.31135
    23     0.27943
    24     0.34028
    25     0.30384
    26     0.25233
    27     0.20749
    28     0.11039
    29     0.11278
    30     0.20814
    31     0.17683
    32     0.13550
    33     0.11992
    34     0.19829
    35     0.22014
    36     0.08636
    37     0.19678
    38     0.20320
    39     0.17959
    40     0.22119
    41     0.05246
    42     0.01604
    43     0.05335
    44     0.00951
    45     0.02029
    46     0.13027
    47     0.13220
    48     0.13578
    49     0.13761
    50     0.02888
    51     0.05456
    52     0.13567
    53     0.09384
    54     0.18383
    55     0.26153
    56     0.25990
    57     0.27723
    58     0.27319
    59     0.26511
    60     0.27838
    61     0.27616
    62     0.28530
    63     0.33203
    64     0.33483
    65     0.32477
    66     0.34201
    67     0.32617
    68     0.46879
    69     0.06347
    70     0.10528
    71     0.13480
    72     0.12908
    73     0.13203
    74     0.13083
    75     0.12792
    76     0.11834
    77     0.12283
    78     0.09113
    79     0.05328
    80     0.06064
    81     0.01240
 -------------------------



 ==========================================   
  SUBROUTINE: GF_METHOD
   Solves GF method by orthogonalization      
                                              
  References:                                 
   Wilson,Decius&Cross, Molcular Vibrations   
 ==========================================   
 

 ------------------------
   FREQUENCIES (cm-1)
 ------------------------
     1    20.98883
     2    60.99033
     3    76.48102
     4    83.79897
     5   109.73917
     6   128.83009
     7   133.88383
     8   158.65484
     9   206.29285
    10   236.34423
    11   261.60176
    12   269.20958
    13   288.70630
    14   313.20681
    15   321.51677
    16   352.22103
    17   372.41889
    18   411.36135
    19   431.45388
    20   504.74646
    21   506.30334
    22   548.24703
    23   575.15077
    24   603.92442
    25   613.31891
    26   633.46918
    27   669.98309
    28   699.10237
    29   748.45692
    30   967.16569
    31   970.79320
    32   985.49254
    33   997.42290
    34  1005.72570
    35  1030.37471
    36  1038.69991
    37  1046.58443
    38  1055.98304
    39  1064.76597
    40  1075.19627
    41  1139.28610
    42  1175.20021
    43  1234.26319
    44  1273.32342
    45  1287.55561
    46  1328.40050
    47  1356.40386
    48  1388.09653
    49  1399.60279
    50  1414.05051
    51  1421.54323
    52  1432.57598
    53  1437.38183
    54  1446.19967
    55  1451.35016
    56  1469.17682
    57  1473.02155
    58  1475.52583
    59  1496.79906
    60  1498.97884
    61  1510.14166
    62  1520.59746
    63  1527.10894
    64  1605.36877
    65  1642.47797
    66  1680.11153
    67  3017.66487
    68  3028.64395
    69  3043.08381
    70  3066.76403
    71  3076.53557
    72  3080.13835
    73  3084.62308
    74  3087.57361
    75  3092.35139
    76  3143.63435
    77  3148.54268
    78  3171.92226
    79  3180.01732
    80  3181.92859
    81  3649.88076
 ------------------------

 =====================
  THERMOCHEMISTRY     
 =====================
  Temperature (K):  298.15
  Pressure (atm) :    1.00
 
  Rotational constants (GHz)
     1.10113     0.47962     0.33805
  Rotational temperatures (K)
     0.05285     0.02302     0.01622
 
  Partition Functions
  qt =     0.1055E+09
  qr =     0.2054E+07
  qv =     0.5131-105
 
  Contributions to entropy
  St (cm-1/K) =   14.5777
  Sr (cm-1/K) =   11.1451
  Sv (cm-1/K) =   18.0699
 
  Thermal corrections (AU)
  Zero Point Energy =   0.240840    
  Internal Energy   =   0.256287    
  Enthalpy          =   0.257231    
  Gibbs Free Energy =   0.197740    
 
  Thermal corrections (AU) - vibrational only
  Number of vibrations:      81
  V-internal Energy   =   0.253454    
  V-enthalpy          =   0.254399    
  V-gibbs Free Energy =   0.229851    


 ==> State 2 <==

 Geometry file: S0.fcc


 Energy file: S0.fcc
 Gradient file: S0.fcc

NOTE: The calculation for this State will assume stationary point since the gradient is                   
      small (maximum atomic gradient:   0.000017 a.u.)                                                    
 
 Hessian file: S0.fcc




 =========================
  ANALYSIS OF DOFs
 =========================

 => STATE 2 <=
 Geometry (Angstroms)
 29    # Nr. of atoms
   Atom       X         Y         Z      Mass
O          2.2856   -2.2805    0.1727   15.9949
O         -3.5849   -0.2465   -0.4935   15.9949
N          0.0282    1.8000    0.2683   14.0031
H          0.0590    2.8066    0.2713    1.0078
C         -1.2899   -0.1385    0.0881   12.0000
C          1.2311    1.1360    0.1503   12.0000
C         -1.2040    1.2118    0.0892   12.0000
C         -2.5622   -0.8227   -0.1365   12.0000
C         -0.0613   -0.9551    0.4198   12.0000
H         -0.0827   -1.2724    1.4710    1.0078
H         -0.0510   -1.8794   -0.1531    1.0078
C          1.2284   -0.2164    0.1372   12.0000
C          2.3954   -1.0787   -0.0526   12.0000
C         -2.3205    2.1892   -0.0911   12.0000
H         -2.0069    3.1845    0.2232    1.0078
H         -2.6203    2.2361   -1.1381    1.0078
H         -3.1991    1.8912    0.4724    1.0078
C         -2.5958   -2.3148    0.0856   12.0000
H         -3.6270   -2.6564    0.0502    1.0078
H         -2.0274   -2.8241   -0.6954    1.0078
H         -2.1463   -2.5898    1.0402    1.0078
C          3.7239   -0.5700   -0.5560   12.0000
H          3.6256    0.2025   -1.3139    1.0078
H          4.3111   -0.1644    0.2697    1.0078
H          4.2685   -1.4166   -0.9675    1.0078
C          2.3941    2.0756    0.0485   12.0000
H          3.2822    1.6928    0.5360    1.0078
H          2.6340    2.2833   -0.9953    1.0078
H          2.1412    3.0238    0.5216    1.0078
 

 ------------------------------------------------
   INERTIA TENSOR (to be multiplied by 10**5)
 ------------------------------------------------

             1           2           3
  
    1     8.55354     0.27295    -0.13664
    2     0.27295    18.76311    -0.02472
    3    -0.13664    -0.02472    26.51019
 ------------------------------------------------


 ------------------------------------------------
   ROTATIONAL CONSTANTS (AND ROTATION MATRIX)
 ------------------------------------------------

 ROOT NO.    1           2           3

    ************************************
  
    1     0.99962    -0.02668     0.00757
    2    -0.02666    -0.99964    -0.00366
    3    -0.00766    -0.00346     0.99996
 ------------------------------------------------

  Rotational constants (GHz)
     1.07809     0.49080     0.34749
  Rotational temperatures (K)
     0.05174     0.02355     0.01668


 -------------------
  DOF   Dimension
 -------------------
  Vib    81
  Rot    3
  Tra    3
 -------------------



 =========================
  GENERATE INTERNAL SETS
 =========================

 => STATE 2 <=

NOTE: Cannot determine symmetry. Set to C1 (no symmetric atoms)                                           
 
 

 -----------------------------------------------------------------
 COMPUTING INTERNAL SET TO DEFINE THE VIBRATIONAL SPACE
 -----------------------------------------------------------------

 ----------------------------------------------------------
  Summary of valence internal coordianate set
   Type      = ALL
   Ns        = 140
   Nic(orig) = 140
   Nbonds    = 29
   Nangles   = 51
   Ndiheds   = 60
   Nimprop   = 0
 ----------------------------------------------------------

 
 ------------------------------------------------------
   n   Coeff  type  label                 Value
 ------------------------------------------------------
   1   1.000   b    O1-C13                1.2276
   2   1.000   b    O2-C8                 1.2269
   3   1.000   b    N3-H4                 1.0071
   4   1.000   b    N3-C6                 1.3790
   5   1.000   b    N3-C7                 1.3771
   6   1.000   b    C5-C7                 1.3530
   7   1.000   b    C5-C8                 1.4620
   8   1.000   b    C5-C9                 1.5120
   9   1.000   b    C6-C12                1.3525
  10   1.000   b    C6-C26                1.4986
  11   1.000   b    C7-C14                1.4948
  12   1.000   b    C8-C18                1.5089
  13   1.000   b    C9-H10                1.0982
  14   1.000   b    C9-H11                1.0876
  15   1.000   b    C9-C12                1.5129
  16   1.000   b    C12-C13               1.4634
  17   1.000   b    C13-C22               1.5091
  18   1.000   b    C14-H15               1.0898
  19   1.000   b    C14-H16               1.0901
  20   1.000   b    C14-H17               1.0856
  21   1.000   b    C18-H19               1.0868
  22   1.000   b    C18-H20               1.0920
  23   1.000   b    C18-H21               1.0904
  24   1.000   b    C22-H23               1.0867
  25   1.000   b    C22-H24               1.0913
  26   1.000   b    C22-H25               1.0875
  27   1.000   b    C26-H27               1.0830
  28   1.000   b    C26-H28               1.0910
  29   1.000   b    C26-H29               1.0894
  30   1.000   a    O1-C13-C12           118.801
  31   1.000   a    O1-C13-C22           118.031
  32   1.000   a    O2-C8-C5             123.387
  33   1.000   a    O2-C8-C18            119.251
  34   1.000   a    N3-C6-C12            118.720
  35   1.000   a    N3-C6-C26            112.389
  36   1.000   a    N3-C7-C5             118.894
  37   1.000   a    N3-C7-C14            113.872
  38   1.000   a    H4-N3-C6             117.057
  39   1.000   a    H4-N3-C7             117.043
  40   1.000   a    C5-C7-C14            127.234
  41   1.000   a    C5-C8-C18            117.361
  42   1.000   a    C5-C9-H10            110.499
  43   1.000   a    C5-C9-H11            110.558
  44   1.000   a    C5-C9-C12            112.829
  45   1.000   a    C6-N3-C7             124.312
  46   1.000   a    C6-C12-C9            119.218
  47   1.000   a    C6-C12-C13           126.078
  48   1.000   a    C6-C26-H27           112.595
  49   1.000   a    C6-C26-H28           110.794
  50   1.000   a    C6-C26-H29           109.634
  51   1.000   a    C7-C5-C8             121.498
  52   1.000   a    C7-C5-C9             119.157
  53   1.000   a    C7-C14-H15           110.332
  54   1.000   a    C7-C14-H16           110.453
  55   1.000   a    C7-C14-H17           111.252
  56   1.000   a    C8-C5-C9             119.212
  57   1.000   a    C8-C18-H19           109.097
  58   1.000   a    C8-C18-H20           110.138
  59   1.000   a    C8-C18-H21           111.659
  60   1.000   a    C9-C12-C13           114.602
  61   1.000   a    H10-C9-H11           104.996
  62   1.000   a    H10-C9-C12           109.664
  63   1.000   a    H11-C9-C12           107.972
  64   1.000   a    C12-C6-C26           128.890
  65   1.000   a    C12-C13-C22          123.139
  66   1.000   a    C13-C22-H23          113.121
  67   1.000   a    C13-C22-H24          110.280
  68   1.000   a    C13-C22-H25          107.737
  69   1.000   a    H15-C14-H16          108.471
  70   1.000   a    H15-C14-H17          109.504
  71   1.000   a    H16-C14-H17          106.725
  72   1.000   a    H19-C18-H20          108.907
  73   1.000   a    H19-C18-H21          109.901
  74   1.000   a    H20-C18-H21          107.089
  75   1.000   a    H23-C22-H24          108.191
  76   1.000   a    H23-C22-H25          109.557
  77   1.000   a    H24-C22-H25          107.829
  78   1.000   a    H27-C26-H28          108.522
  79   1.000   a    H27-C26-H29          107.612
  80   1.000   a    H28-C26-H29          107.505
  81   1.000   d    H4-N3-C6-C12        -179.735
  82   1.000   d    H4-N3-C6-C26           0.124
  83   1.000   d    C7-N3-C6-C12         -14.569
  84   1.000   d    C7-N3-C6-C26         165.290
  85   1.000   d    C6-N3-C7-C5           15.283
  86   1.000   d    C6-N3-C7-C14        -164.513
  87   1.000   d    H4-N3-C7-C5         -179.548
  88   1.000   d    H4-N3-C7-C14           0.655
  89   1.000   d    C8-C5-C7-N3         -178.162
  90   1.000   d    C8-C5-C7-C14           1.604
  91   1.000   d    C9-C5-C7-N3            6.057
  92   1.000   d    C9-C5-C7-C14        -174.176
  93   1.000   d    C7-C5-C8-O2            9.074
  94   1.000   d    C7-C5-C8-C18        -171.040
  95   1.000   d    C9-C5-C8-O2         -175.148
  96   1.000   d    C9-C5-C8-C18           4.738
  97   1.000   d    C8-C5-C9-H11          38.233
  98   1.000   d    C8-C5-C9-C12         159.259
  99   1.000   d    C7-C5-C9-H10          98.310
 100   1.000   d    C7-C5-C9-H11        -145.889
 101   1.000   d    C7-C5-C9-C12         -24.863
 102   1.000   d    C8-C5-C9-H10         -77.568
 103   1.000   d    N3-C6-C12-C9          -7.390
 104   1.000   d    N3-C6-C12-C13        176.473
 105   1.000   d    C26-C6-C12-C9        172.778
 106   1.000   d    C26-C6-C12-C13        -3.359
 107   1.000   d    N3-C6-C26-H29         25.394
 108   1.000   d    C12-C6-C26-H27       -35.002
 109   1.000   d    C12-C6-C26-H28        86.740
 110   1.000   d    C12-C6-C26-H29      -154.765
 111   1.000   d    N3-C6-C26-H27        145.157
 112   1.000   d    N3-C6-C26-H28        -93.101
 113   1.000   d    N3-C7-C14-H15        -15.652
 114   1.000   d    N3-C7-C14-H16        104.269
 115   1.000   d    N3-C7-C14-H17       -137.398
 116   1.000   d    C5-C7-C14-H15        164.571
 117   1.000   d    C5-C7-C14-H16        -75.507
 118   1.000   d    C5-C7-C14-H17         42.826
 119   1.000   d    O2-C8-C18-H19         -9.748
 120   1.000   d    O2-C8-C18-H20        109.736
 121   1.000   d    C5-C8-C18-H19        170.361
 122   1.000   d    O2-C8-C18-H21       -131.422
 123   1.000   d    C5-C8-C18-H20        -70.155
 124   1.000   d    C5-C8-C18-H21         48.687
 125   1.000   d    H10-C9-C12-C6        -98.071
 126   1.000   d    H10-C9-C12-C13        78.496
 127   1.000   d    H11-C9-C12-C6        148.051
 128   1.000   d    H11-C9-C12-C13       -35.382
 129   1.000   d    C5-C9-C12-C6          25.564
 130   1.000   d    C5-C9-C12-C13       -157.869
 131   1.000   d    C9-C12-C13-O1         -7.967
 132   1.000   d    C9-C12-C13-C22       170.029
 133   1.000   d    C6-C12-C13-O1        168.326
 134   1.000   d    C6-C12-C13-C22       -13.679
 135   1.000   d    O1-C13-C22-H23       141.041
 136   1.000   d    C12-C13-C22-H23      -36.969
 137   1.000   d    C12-C13-C22-H24       84.341
 138   1.000   d    C12-C13-C22-H25     -158.215
 139   1.000   d    O1-C13-C22-H24       -97.650
 140   1.000   d    O1-C13-C22-H25        19.795
 ------------------------------------------------------
  b: Angstroms | a,d: degrees
 

NOTE: Writing IC set to file: internal_coords_set.dat                                                     
 


 ========================================== 
  SUBROUTINE: WILSON_B
   Compute matrix the Wilson B matrix       
   elements for bonds, angles, dihedrals    
   and impropre dihedrals.                  
                                            
  References:                               
   Wilson,Decius&Cross, Molcular Vibrations 
 ========================================== 
 

BONDS   29

ANGLES   51

DIHEDRALS   60

IMPROPERS    0




 ========================================== 
  SUBROUTINE: redundant2nonredundant
   Get a non-redundant set from a redundant 
   one from the non-zero eigenvalues of the 
   G matrix                  
                                            
  References:                               
   Reimers, J Chem Phys, 115, 6130 (2011)   
 ========================================== 
 
 Internal-space dimension: 81



 ================================
  VIBRATIONAL ANALYSIS ON STATE2
 ================================

 -------------------------
   F MATRIX (diagonal)
 -------------------------
     1     0.47465
     2     0.58231
     3     0.37586
     4     0.38196
     5     0.32568
     6     0.07887
     7     0.15874
     8     0.31802
     9     0.37272
    10     0.03502
    11     0.11067
    12     0.34608
    13     0.31461
    14     0.41330
    15     0.36118
    16     0.38526
    17     0.33259
    18     0.04570
    19     0.40006
    20     0.38569
    21     0.05256
    22     0.34603
    23     0.31232
    24     0.31978
    25     0.29449
    26     0.29351
    27     0.14614
    28     0.16111
    29     0.13320
    30     0.18853
    31     0.15885
    32     0.16156
    33     0.11833
    34     0.22279
    35     0.21335
    36     0.09576
    37     0.19764
    38     0.22327
    39     0.18553
    40     0.23882
    41     0.05175
    42     0.03860
    43     0.05358
    44     0.00855
    45     0.01813
    46     0.13240
    47     0.13269
    48     0.13673
    49     0.13363
    50     0.02108
    51     0.07364
    52     0.13147
    53     0.09263
    54     0.19126
    55     0.27394
    56     0.26954
    57     0.27700
    58     0.27284
    59     0.28345
    60     0.28421
    61     0.27622
    62     0.27610
    63     0.33121
    64     0.33619
    65     0.33949
    66     0.32560
    67     0.34257
    68     0.46634
    69     0.05925
    70     0.10082
    71     0.13768
    72     0.13371
    73     0.13077
    74     0.12990
    75     0.12832
    76     0.12213
    77     0.12076
    78     0.09572
    79     0.06209
    80     0.05883
    81     0.01545
 -------------------------



 ==========================================   
  SUBROUTINE: GF_METHOD
   Solves GF method by orthogonalization      
                                              
  References:                                 
   Wilson,Decius&Cross, Molcular Vibrations   
 ==========================================   
 

 ------------------------
   FREQUENCIES (cm-1)
 ------------------------
     1    24.73293
     2    42.58771
     3    67.64359
     4    71.28647
     5   129.31303
     6   146.09624
     7   171.36466
     8   181.08357
     9   208.74860
    10   233.46198
    11   259.10076
    12   270.86236
    13   280.52909
    14   329.38740
    15   337.78793
    16   353.84948
    17   397.60944
    18   448.45033
    19   525.82249
    20   543.06399
    21   563.92672
    22   575.90420
    23   611.59212
    24   629.08968
    25   644.09236
    26   661.42293
    27   691.74994
    28   716.66762
    29   747.88750
    30   957.07525
    31   976.84799
    32   995.78851
    33  1002.56641
    34  1034.62244
    35  1045.92230
    36  1049.30281
    37  1051.84160
    38  1066.27285
    39  1071.97559
    40  1101.20259
    41  1150.18764
    42  1188.42347
    43  1253.96672
    44  1263.30270
    45  1304.80609
    46  1342.70161
    47  1369.99340
    48  1396.34028
    49  1406.62048
    50  1414.11605
    51  1428.13654
    52  1432.54113
    53  1464.18592
    54  1469.24627
    55  1471.66506
    56  1474.46341
    57  1477.50222
    58  1489.34473
    59  1493.92074
    60  1500.23622
    61  1510.13305
    62  1524.72773
    63  1643.38037
    64  1679.74539
    65  1714.43105
    66  1746.57281
    67  2988.83293
    68  3064.86362
    69  3074.44552
    70  3074.91237
    71  3077.45728
    72  3123.24015
    73  3127.56036
    74  3134.41012
    75  3136.67213
    76  3146.44489
    77  3170.15329
    78  3175.68906
    79  3176.83317
    80  3203.70011
    81  3645.15096
 ------------------------

 
 ---------------------------------------
   n type  label                 Delta
 ---------------------------------------
   1   b   O1-C13               -0.0068
   2   b   O2-C8                -0.0774
   3   b   N3-H4                 0.0004
   4   b   N3-C6                 0.0208
   5   b   N3-C7                -0.0137
   6   b   C5-C7                -0.0173
   7   b   C5-C8                 0.0565
   8   b   C5-C9                -0.0008
   9   b   C6-C12               -0.0129
  10   b   C6-C26               -0.0027
  11   b   C7-C14                0.0072
  12   b   C8-C18                0.0012
  13   b   C9-H10                0.0036
  14   b   C9-H11               -0.0043
  15   b   C9-C12               -0.0019
  16   b   C12-C13               0.0127
  17   b   C13-C22              -0.0024
  18   b   C14-H15              -0.0044
  19   b   C14-H16              -0.0037
  20   b   C14-H17              -0.0054
  21   b   C18-H19              -0.0057
  22   b   C18-H20              -0.0006
  23   b   C18-H21               0.0047
  24   b   C22-H23              -0.0006
  25   b   C22-H24               0.0007
  26   b   C22-H25               0.0002
  27   b   C26-H27              -0.0020
  28   b   C26-H28               0.0015
  29   b   C26-H29               0.0008
  30   a   O1-C13-C12            -0.095
  31   a   O1-C13-C22             0.659
  32   a   O2-C8-C5               0.159
  33   a   O2-C8-C18              8.566
  34   a   N3-C6-C12             -0.648
  35   a   N3-C6-C26             -0.416
  36   a   N3-C7-C5              -0.076
  37   a   N3-C7-C14              0.401
  38   a   H4-N3-C6              -0.379
  39   a   H4-N3-C7               0.334
  40   a   C5-C7-C14             -0.325
  41   a   C5-C8-C18             -8.719
  42   a   C5-C9-H10              0.569
  43   a   C5-C9-H11              0.687
  44   a   C5-C9-C12             -1.762
  45   a   C6-N3-C7              -1.480
  46   a   C6-C12-C9             -1.408
  47   a   C6-C12-C13            -0.378
  48   a   C6-C26-H27             0.491
  49   a   C6-C26-H28            -0.439
  50   a   C6-C26-H29            -0.385
  51   a   C7-C5-C8              -0.771
  52   a   C7-C5-C9              -1.037
  53   a   C7-C14-H15            -0.983
  54   a   C7-C14-H16            -0.820
  55   a   C7-C14-H17            -0.120
  56   a   C8-C5-C9               1.683
  57   a   C8-C18-H19            -1.361
  58   a   C8-C18-H20            -0.460
  59   a   C8-C18-H21             1.996
  60   a   C9-C12-C13             1.702
  61   a   H10-C9-H11             0.129
  62   a   H10-C9-C12             0.693
  63   a   H11-C9-C12            -0.173
  64   a   C12-C6-C26             1.065
  65   a   C12-C13-C22           -0.588
  66   a   C13-C22-H23            0.375
  67   a   C13-C22-H24           -0.712
  68   a   C13-C22-H25            0.074
  69   a   H15-C14-H16            0.730
  70   a   H15-C14-H17            2.132
  71   a   H16-C14-H17           -0.844
  72   a   H19-C18-H20            1.171
  73   a   H19-C18-H21            0.817
  74   a   H20-C18-H21           -2.171
  75   a   H23-C22-H24            0.289
  76   a   H23-C22-H25            0.385
  77   a   H24-C22-H25           -0.442
  78   a   H27-C26-H28            0.380
  79   a   H27-C26-H29            0.026
  80   a   H28-C26-H29           -0.075
  81   d   H4-N3-C6-C12           0.167
  82   d   H4-N3-C6-C26           0.259
  83   d   C7-N3-C6-C12         -11.664
  84   d   C7-N3-C6-C26         -11.571
  85   d   C6-N3-C7-C5           11.610
  86   d   C6-N3-C7-C14          12.109
  87   d   H4-N3-C7-C5           -0.238
  88   d   H4-N3-C7-C14           0.261
  89   d   C8-C5-C7-N3            1.419
  90   d   C8-C5-C7-C14           0.844
  91   d   C9-C5-C7-N3            4.625
  92   d   C9-C5-C7-C14           4.049
  93   d   C7-C5-C8-O2            8.382
  94   d   C7-C5-C8-C18           7.315
  95   d   C9-C5-C8-O2            5.148
  96   d   C9-C5-C8-C18           4.082
  97   d   C8-C5-C9-H11         -14.366
  98   d   C8-C5-C9-C12         -15.318
  99   d   C7-C5-C9-H10         -18.408
 100   d   C7-C5-C9-H11         -17.521
 101   d   C7-C5-C9-C12         -18.473
 102   d   C8-C5-C9-H10         -15.253
 103   d   N3-C6-C12-C9          -4.488
 104   d   N3-C6-C12-C13         -2.203
 105   d   C26-C6-C12-C9         -4.593
 106   d   C26-C6-C12-C13        -2.307
 107   d   N3-C6-C26-H29         12.619
 108   d   C12-C6-C26-H27        12.809
 109   d   C12-C6-C26-H28        13.329
 110   d   C12-C6-C26-H29        12.718
 111   d   N3-C6-C26-H27         12.710
 112   d   N3-C6-C26-H28         13.230
 113   d   N3-C7-C14-H15         47.125
 114   d   N3-C7-C14-H16         46.852
 115   d   N3-C7-C14-H17         45.172
 116   d   C5-C7-C14-H15         47.674
 117   d   C5-C7-C14-H16         47.402
 118   d   C5-C7-C14-H17         45.722
 119   d   O2-C8-C18-H19         48.408
 120   d   O2-C8-C18-H20         48.713
 121   d   C5-C8-C18-H19         49.369
 122   d   O2-C8-C18-H21         46.991
 123   d   C5-C8-C18-H20         49.673
 124   d   C5-C8-C18-H21         47.951
 125   d   H10-C9-C12-C6         18.367
 126   d   H10-C9-C12-C13        16.311
 127   d   H11-C9-C12-C6         17.954
 128   d   H11-C9-C12-C13        15.898
 129   d   C5-C9-C12-C6          18.380
 130   d   C5-C9-C12-C13         16.324
 131   d   C9-C12-C13-O1         -4.924
 132   d   C9-C12-C13-C22        -6.073
 133   d   C6-C12-C13-O1         -7.158
 134   d   C6-C12-C13-C22        -8.308
 135   d   O1-C13-C22-H23         9.673
 136   d   C12-C13-C22-H23       10.820
 137   d   C12-C13-C22-H24       10.940
 138   d   C12-C13-C22-H25       10.053
 139   d   O1-C13-C22-H24         9.793
 140   d   O1-C13-C22-H25         8.906
 ---------------------------------------
  b: Angstroms | a,d: degrees
 

 --------------------------------------------------
   Extrapolated State2 Gradient (Q1-space) x1e5
 --------------------------------------------------
     1   245.12940
     2    22.59397
     3   -87.70165
     4   -53.43462
     5   -26.87471
     6    23.39088
     7   -44.77612
     8   -96.68816
     9    25.10620
    10   -56.28961
    11    11.43592
    12    60.94546
    13    28.97588
    14    -3.15119
    15   -26.43079
    16   -24.23320
    17    -4.76554
    18     8.82093
    19   -32.59087
    20    17.28154
    21   -36.44304
    22   -21.11835
    23   -16.38474
    24    -4.20920
    25   -12.59281
    26   -16.54138
    27    -2.01786
    28   -35.73686
    29     9.19182
    30   -23.99267
    31    10.91071
    32   -35.96470
    33    -6.36745
    34   -38.97061
    35   -90.34112
    36    13.28036
    37   -11.60476
    38    15.30379
    39    26.83735
    40    -2.87559
    41   -17.37934
    42   -35.07568
    43  -211.71942
    44    -5.16852
    45   -55.11493
    46    44.22541
    47    67.37864
    48    21.23664
    49   -13.11676
    50    12.43874
    51    60.02157
    52    24.40196
    53    14.12953
    54   -25.69548
    55    -3.94502
    56   -17.57116
    57   -21.77533
    58   -82.55426
    59   106.24855
    60    42.60028
    61    87.72507
    62    -4.32489
    63    55.42723
    64  -397.15263
    65   122.40198
    66   116.76906
    67   -27.90115
    68   290.94564
    69   -13.93840
    70    65.18856
    71   -15.40081
    72    69.26114
    73     0.80207
    74   -38.95848
    75  -259.40454
    76    -5.16717
    77   -47.30875
    78  -184.49195
    79    35.66994
    80    20.65402
    81  -247.20416
 --------------------------------------------------




                 ASSIGNMENTS AND ANALYSIS OF 1 WITH RESPECT TO 2
 STATE 1                              MODES STATE 2
IND DEF    FREQUENCY     SHIFT    I21 C21  I22 C22   I23 C23     FR(I21)  I90 I95 I99
   1  M2      20.99  -237.53520    1 0.64    2 0.26   28 0.04      -3.74   2   4   5
   2  M>3     60.99   -78.58575    4 0.41    3 0.27    8 0.22     -10.30   4   6   8
   3  M>3     76.48    -1.98577    2 0.38    1 0.24    3 0.20      33.89   4   8  13
   4  M>3     83.80    87.13231    4 0.50    8 0.26    3 0.12      12.51   4   6   8
   5  M>3    109.74     5.19003    8 0.32    2 0.27    3 0.23     -71.34   6   9  12
   6  M>3    128.83   -37.45539    6 0.43    5 0.24    7 0.17     -17.27   4   6  14
   7  M>3    133.88   134.49614    6 0.32    5 0.32   13 0.07     -12.21   7   9  13
   8  M3     158.65    -2.92210    7 0.59    5 0.25    9 0.25     -12.71   3   3   3
   9  M>3    206.29     3.80127    9 0.73    7 0.06   10 0.05      -2.46   7  10  16
  10  M>3    236.34     4.05038   10 0.60   11 0.13   12 0.10       2.88   5   8  21
  11  M>3    261.60   -16.20690   13 0.50   12 0.24   11 0.13     -18.93   4   6   8
  12  M>3    269.21    23.46359   11 0.55   10 0.14   13 0.07      10.11   8  11  16
  13  M>3    288.71   -18.83981   12 0.50   13 0.29   10 0.08      17.84   4   6  10
  14  M3     313.21   -12.79488   14 0.82   15 0.08   13 0.05     -16.18   3   4   5
  15  M2     321.52    21.23708   15 0.83   14 0.13   38 0.02     -16.27   2   2   4
  16  P      352.22     9.77491   16 0.96   35 0.02   17 0.02      -1.63   1   1   3
  17  M2     372.42    -2.42401   17 0.90   14 0.03   38 0.03     -25.19   2   3   7
  18  M>3    411.36    17.20216   21 0.42   23 0.13   35 0.11    -152.57   7   9  14
  19  M2     431.45    16.94967   18 0.89   35 0.04   20 0.02     -17.00   2   4   6
  20  M>3    504.75    -7.06427   19 0.65   21 0.10   22 0.09     -21.08   7  13  81
  21  M>3    506.30     5.33225   20 0.38   22 0.21   19 0.15     -36.76   5   5   6
  22  M>3    548.25     3.40054   26 0.40   23 0.18   20 0.16    -113.18   8  10  14
  23  M>3    575.15     2.55070   22 0.53   21 0.18   20 0.14      -0.75   4   5  10
  24  M>3    603.92     0.21644   23 0.40   26 0.29   20 0.12      -7.67   5   8  15
  25  M>3    613.32     1.16631   24 0.78   22 0.07   23 0.05     -15.77   4   6   9
  26  M2     633.47     2.24271   25 0.80   26 0.10   28 0.03     -10.62   2   4  14
  27  M3     669.98    -2.84263   27 0.85   25 0.04   28 0.04     -21.77   3   4   6
  28  M2     699.10    -0.13616   28 0.90   27 0.05   25 0.03     -17.57   2   3   5
  29  P      748.46     0.40003   29 0.94   26 0.02   30 0.01       0.57   1   2   7
  30  M>3    967.17    -1.74524   33 0.41   30 0.15   35 0.14     -35.40   5   7  13
  31  M>3    970.79     1.53231   30 0.31   31 0.22   32 0.19      13.72   5   6  12
  32  M>3    985.49     2.93255   31 0.43   30 0.20   37 0.09       8.64   8  12  81
  33  M>3    997.42     1.26858   32 0.44   31 0.13   35 0.12       1.63   9  14  26
  34  M>3   1005.73     2.02648   37 0.22   31 0.14   40 0.12     -46.12  11  13  18
  35  M>3   1030.37    -3.13677   35 0.24   30 0.13   40 0.10     -15.55  15  21  81
  36  M>3   1038.70    -0.52814   34 0.65   38 0.12   37 0.05       4.08   5   7  13
  37  M3    1046.58     1.39602   36 0.72   35 0.15   38 0.06      -2.72   3   5  14
  38  M>3   1055.98     4.47795   38 0.24   34 0.19   35 0.10     -10.29  13  19  81
  39  M3    1064.77     1.01042   39 0.67   38 0.23   33 0.04      -7.21   3   5  13
  40  M3    1075.20    -1.31664   40 0.55   37 0.35   38 0.05     -26.01   3   4  10
  41  M3    1139.29     0.58780   41 0.75   40 0.13   37 0.03     -10.90   3   7  27
  42  M>3   1175.20    -2.77750   42 0.85   66 0.02   63 0.02     -13.22   4   8  23
  43  M>3   1234.26     4.96701   66 0.18   46 0.14   43 0.11    -512.31  15  20  58
  44  M2    1273.32    -0.06525   44 0.81   43 0.12   46 0.03      10.02   2   3   8
  45  M>3   1287.56    -2.14166   43 0.39   45 0.38   44 0.08      33.59   4   8  29
  46  M>3   1328.40    -6.46090   45 0.33   43 0.26   47 0.23      23.59   6  11  46
  47  M>3   1356.40    -4.82547   46 0.53   47 0.18   45 0.15      13.70   5   8  19
  48  M>3   1388.10    -5.94266   48 0.30   47 0.30   49 0.19      -8.24   6   9  25
  49  M>3   1399.60    -1.82767   48 0.60   47 0.16   46 0.11       3.26   5   7  16
  50  M3    1414.05    -3.29345   50 0.49   49 0.40   51 0.03      -0.07   3   6  16
  51  M>3   1421.54    -9.51077   50 0.30   49 0.13   54 0.11       7.43  10  14  25
  52  P     1432.58    -0.24689   52 0.92   51 0.03   56 0.02       0.03   1   3   9
  53  M>3   1437.38     2.57676   51 0.44   58 0.31   52 0.04       9.25   7  12  25
  54  M>3   1446.20     0.71161   58 0.35   51 0.25   54 0.17     -43.15   6   8  13
  55  M>3   1451.35    -4.49131   54 0.32   57 0.32   51 0.13     -17.90   6   9  13
  56  M2    1469.18    -0.56582   55 0.67   53 0.28   60 0.02      -2.49   2   3  10
  57  M>3   1473.02     0.55530   56 0.70   53 0.12   55 0.07      -1.44   4   6  11
  58  M>3   1475.53     0.39798   53 0.40   55 0.22   56 0.19      11.34   6   8  12
  59  M>3   1496.80    -4.16376   59 0.45   57 0.22   61 0.12       2.88   6   9  24
  60  M>3   1498.98    -4.45476   59 0.39   60 0.22   57 0.15       5.06   6  10  22
  61  M3    1510.14     4.48060   61 0.74   54 0.11   57 0.05       0.01   3   6  17
  62  M2    1520.60    -2.19673   62 0.72   60 0.22   56 0.02      -4.13   2   3   9
  63  M>3   1527.11    -6.43583   60 0.35   62 0.19   66 0.09      26.87   9  14  81
  64  M3    1605.37    -0.81897   66 0.40   64 0.30   63 0.21    -141.20   3   8  81
  65  M2    1642.48     0.24003   64 0.60   63 0.30   66 0.06     -37.27   2   3  10
  66  P     1680.11     0.83872   65 0.95   64 0.03   66 0.01     -34.32   1   2   5
  67  P     3017.66     0.53001   70 0.91   78 0.08   67 0.00     -57.25   1   2   2
  68  P     3028.64     0.17762   67 0.96   72 0.04   70 0.00      39.81   1   1   2
  69  M2    3043.08    -0.12060   68 0.88   77 0.10   73 0.02     -21.78   2   2   3
  70  P     3066.76    -0.13394   72 0.95   67 0.04   73 0.01     -56.48   1   2   3
  71  P     3076.54     0.02939   69 0.99   71 0.01   76 0.00       2.09   1   1   2
  72  M2    3080.14     0.31943   75 0.75   78 0.24   70 0.01     -56.53   2   2   3
  73  P     3084.62    -0.01785   71 0.98   80 0.01   69 0.01       7.17   1   1   3
  74  M2    3087.57     0.12188   78 0.68   75 0.24   70 0.07     -88.12   2   3   3
  75  M2    3092.35     0.22755   77 0.63   73 0.32   68 0.04     -77.80   2   2   4
  76  P     3143.63    -0.02965   74 0.93   76 0.06   79 0.01       9.22   1   2   3
  77  P     3148.54     0.02861   76 0.92   74 0.06   79 0.01       2.10   1   2   3
  78  P     3171.92     0.02097   79 0.98   76 0.01   74 0.00      -4.91   1   1   2
  79  M2    3180.02     0.68789   73 0.65   77 0.26   68 0.08      52.46   2   3   3
  80  P     3181.93    -0.01411   80 0.99   71 0.01   76 0.00     -21.77   1   1   2
  81  P     3649.88     0.04823   81 1.00   19 0.00   63 0.00       4.73   1   1   1
   
 *********************************************************** 
  
  AVERAGE MAX PROJECTION     0.616295    St Dev   0.235453
  AVERAGE FREQ DIFF        -19.839703    St Dev  78.390510
  AVERAGE ABS FREQ DIFF     28.987703    St Dev  61.326638
  AVERAGE ABS DISPLACE      -1.422926    St Dev  33.811150
  SUM DISPL**2           92762.706530
  
 *********************************************************** 
  



                 ASSIGNMENTS AND ANALYSIS OF 2 WITH RESPECT TO 1
 STATE 2                              MODES STATE 1
IND DEF    FREQUENCY     SHIFT    I11 C11  I12 C12   I13 C13     FR(I11)  I90 I95 I99
   1  M2      24.73   196.17942    1 0.74    3 0.32   64 0.06       3.74   2   2   2
   2  M3      42.59   140.97803    3 0.41    1 0.30    5 0.28     -33.89   3   3   3
   3  M>3     67.64   -15.35164    2 0.31    5 0.25    3 0.22       6.65   4   5   5
   4  M2      71.29   -47.82908    4 0.52    2 0.41   30 0.04     -12.51   2   3   4
   5  M3     129.31   103.66703    7 0.40    6 0.26    8 0.26      -4.57   3   4   5
   6  M>3    146.10    58.08290    6 0.44    7 0.29   12 0.09      17.27   6   8  10
   7  M3     171.36    59.42164    8 0.58    9 0.20    6 0.15      12.71   3   4   4
   8  M>3    181.08  -114.65478    5 0.33    4 0.26    2 0.23      71.34   5   6  14
   9  M>3    208.75   -41.56125    9 0.69    8 0.06    5 0.04       2.46   9  14  24
  10  M>3    233.46   -10.32851   10 0.63   12 0.13    6 0.08      -2.88   4   5   6
  11  M>3    259.10    -7.24295   12 0.57   10 0.15   11 0.12     -10.11   5   7   9
  12  M>3    270.86     8.05589   13 0.51   11 0.23   10 0.12     -17.84   5   7   9
  13  M>3    280.53    46.54850   11 0.46   13 0.28    7 0.07      18.93   5   7  12
  14  M3     329.39    -5.33069   14 0.78   15 0.10   17 0.03      16.18   3   6  14
  15  M3     337.79     1.76627   15 0.80   14 0.09   35 0.03      16.27   3   5   7
  16  P      353.85   -16.35143   16 0.93   17 0.02   12 0.01       1.63   1   2   7
  17  M2     397.61     2.17996   17 0.86   38 0.04   14 0.03      25.19   2   5   9
  18  P      448.45   -20.24459   19 0.92   35 0.07   21 0.04      17.00   1   2   3
  19  M3     525.82    -2.36035   20 0.73   21 0.14   18 0.11      21.08   3   3   4
  20  M>3    543.06    -1.12308   21 0.33   22 0.16   24 0.15      36.76   5   6   9
  21  M>3    563.93   -12.11560   18 0.42   23 0.18   20 0.11     152.57   8  11  15
  22  M>3    575.90     2.24609   23 0.53   21 0.18   25 0.07       0.75   6   8  22
  23  M>3    611.59     9.42098   24 0.39   22 0.20   18 0.16       7.67   6   8  11
  24  M>3    629.09    -1.49197   25 0.76   21 0.06   24 0.04      15.77   4   7  17
  25  M3     644.09     2.40385   26 0.82   24 0.06   27 0.04      10.62   3   5   7
  26  M>3    661.42   -11.05550   22 0.43   24 0.30   26 0.10     113.18   7  10  13
  27  M>3    691.75     1.39617   27 0.80   28 0.04   25 0.02      21.77   5  10  81
  28  M3     716.67    -2.94308   28 0.86   27 0.03   26 0.03      17.57   3   6  81
  29  P      747.89     0.20951   29 0.92   35 0.03   30 0.01      -0.57   1   2  12
  30  M>3    957.08    -0.59641   31 0.32   32 0.23   30 0.16     -13.72   5   8  11
  31  M>3    976.85     0.92646   32 0.45   31 0.22   34 0.14      -8.64   4   4   8
  32  M>3    995.79    -2.20459   33 0.46   31 0.18   30 0.09      -1.63   6   7  12
  33  M>3   1002.57    -4.24759   30 0.41   31 0.18   38 0.11      35.40   6   8  10
  34  M>3   1034.62    -0.11731   36 0.65   38 0.23   34 0.02      -4.08   4   7  11
  35  M>3   1045.92     5.32723   35 0.27   37 0.15   30 0.10      15.55  13  39  81
  36  M>3   1049.30    -0.44229   37 0.72   38 0.09   34 0.06       2.72   5   8  81
  37  M>3   1051.84    -1.01370   40 0.36   34 0.21   32 0.08     -23.35   7  10  26
  38  M>3   1066.27     4.32309   38 0.23   39 0.22   36 0.10      10.29  13  24  81
  39  M>3   1071.98     2.86237   39 0.67   30 0.08   35 0.04       7.21   8  14  81
  40  M>3   1101.20    -1.97217   40 0.52   41 0.13   34 0.12      26.01   6   9  81
  41  M>3   1150.19     2.23299   41 0.75   35 0.06   34 0.05      10.90   4   7  46
  42  M3    1188.42     1.02042   42 0.85   43 0.05   38 0.04      13.22   3   5  18
  43  M>3   1253.97     1.84873   45 0.38   46 0.26   44 0.11     -33.59   6  14  81
  44  M3    1263.30    -2.55609   44 0.81   45 0.08   43 0.04     -10.02   3   5  13
  45  M>3   1304.81    -3.30232   45 0.38   46 0.33   47 0.15      17.25   5  11  81
  46  M>3   1342.70     5.37982   47 0.53   43 0.14   49 0.11     -13.70   7  11  36
  47  M>3   1369.99    -1.95870   48 0.30   46 0.22   47 0.18     -18.10   6  10  24
  48  M3    1396.34     1.16410   49 0.60   48 0.30   43 0.05      -3.26   3   4  17
  49  M>3   1406.62     2.23822   50 0.40   48 0.19   51 0.13      -7.43   7  12  21
  50  M>3   1414.12    -1.42623   50 0.49   51 0.30   48 0.04       0.07   5   8  18
  51  M>3   1428.14    -0.33313   53 0.45   54 0.25   55 0.13      -9.25   6   8  11
  52  P     1432.54     0.04345   52 0.92   53 0.04   60 0.01      -0.03   1   2   6
  53  M>3   1464.19     0.86023   58 0.40   56 0.27   57 0.12     -11.34   7  10  59
  54  M>3   1469.25     0.31799   55 0.32   54 0.17   51 0.12      17.90   8  10  18
  55  M3    1471.67    -0.33245   56 0.67   58 0.21   57 0.07       2.49   3   3   9
  56  M3    1474.46    -0.28861   57 0.70   58 0.19   59 0.03       1.44   3   5   8
  57  M>3   1477.50    -0.81653   55 0.32   59 0.22   60 0.16      26.15   7   9  15
  58  M>3   1489.34     2.22199   54 0.33   53 0.30   55 0.09      43.15   8  13  81
  59  M3    1493.92    -1.04593   59 0.45   60 0.39   63 0.07      -2.88   3   6  14
  60  M>3   1500.24     2.61916   63 0.36   60 0.22   62 0.22     -26.87   6   9  17
  61  M3    1510.13    -0.44054   61 0.74   59 0.12   60 0.05      -0.01   3   4   8
  62  M3    1524.73    -1.47779   62 0.71   63 0.19   60 0.03       4.13   3   5  12
  63  M>3   1643.38    13.16082   65 0.30   64 0.21   51 0.10       0.90  12  16  81
  64  M2    1679.75    -5.07598   65 0.61   64 0.30   66 0.03      37.27   2   4  11
  65  P     1714.43    -4.11550   66 0.95   65 0.01   51 0.01      34.32   1   1   8
  66  M>3   1746.57    10.64165   64 0.41   43 0.18   63 0.09     141.20  12  18  28
  67  P     2988.83    -0.09785   68 0.96   70 0.04   67 0.00     -39.81   1   1   2
  68  M2    3064.86     0.03786   69 0.88   79 0.08   75 0.04      21.78   2   2   3
  69  P     3074.45    -0.00716   71 0.99   73 0.01   77 0.00      -2.09   1   1   2
  70  P     3074.91     0.32290   67 0.92   74 0.07   72 0.01      57.25   1   2   3
  71  P     3077.46     0.04822   73 0.98   71 0.01   80 0.01      -7.17   1   1   3
  72  P     3123.24     0.16516   70 0.95   68 0.04   75 0.01      56.48   1   2   3
  73  M2    3127.56     0.37722   79 0.65   75 0.32   69 0.02     -52.46   2   2   4
  74  P     3134.41     0.02609   76 0.93   77 0.06   73 0.00      -9.22   1   2   2
  75  M2    3136.67    -0.45430   72 0.75   74 0.24   67 0.00      56.53   2   2   2
  76  P     3146.44     0.02623   77 0.92   76 0.06   78 0.01      -2.10   1   2   3
  77  M3    3170.15    -0.47370   75 0.63   79 0.26   69 0.10      77.80   3   3   3
  78  M2    3175.69    -1.16009   74 0.68   72 0.23   67 0.08      88.12   2   3   3
  79  P     3176.83    -0.01920   78 0.98   77 0.01   76 0.01       4.91   1   1   2
  80  P     3203.70    -0.08982   80 0.99   73 0.01   76 0.00      21.77   1   1   2
  81  P     3645.15    -0.05818   81 1.00   65 0.00   20 0.00      -4.73   1   1   1
   
 *********************************************************** 
  
  AVERAGE MAX PROJECTION     0.620856    St Dev   0.226943
  AVERAGE FREQ DIFF         12.980461    St Dev  30.498175
  AVERAGE ABS FREQ DIFF     22.557571    St Dev  28.955442
  AVERAGE ABS DISPLACE       4.254814    St Dev  34.415048
  SUM DISPL**2           97402.414912
  
 *********************************************************** 
  

 ADDITIONAL ANALYSIS ON DUSCHINSKY MATRIX
 ----------------------------------------
  Determinant:     0.9322

  ** A = GM·GMT **
  Det(A)     :     1.0000
  Trace(A)   :    81.0000
  Det(A-I)   :     0.0000
  Trace(A-I) :    -0.0000
 ----------------------------------------

   
   
 STATE1 MODES SORTED BY DECREASING DIMENSIONLESS SHIFT
   IND    MODE    FREQUENCY   DIMENSIONLESS SHIFT
     1       7     133.88383       0.33219E+01
     2       1      20.98883      -0.23229E+01
     3       4      83.79897       0.17026E+01
     4       2      60.99033      -0.13100E+01
     5       6     128.83009      -0.90747E+00
     6      12     269.20958       0.82176E+00
     7      15     321.51677       0.81284E+00
     8      51    1421.54323      -0.76543E+00
     9      19     431.45388       0.75151E+00
    10      18     411.36135       0.74474E+00
    11      13     288.70630      -0.68330E+00
    12      11     261.60176      -0.55954E+00
    13      63    1527.10894      -0.53684E+00
    14      46    1328.40050      -0.50265E+00
    15      14     313.20681      -0.48335E+00
    16      48    1388.09653      -0.47261E+00
    17      16     352.22103       0.39159E+00
    18      47    1356.40386      -0.37935E+00
    19      43    1234.26319       0.37248E+00
    20      61    1510.14166       0.37167E+00
    21      60    1498.97884      -0.36815E+00
    22      55    1451.35016      -0.36523E+00
    23      59    1496.79906      -0.34386E+00
    24      20     504.74646      -0.33878E+00
    25      38    1055.98304       0.31061E+00
    26      50    1414.05051      -0.26436E+00
    27      21     506.30334       0.25611E+00
    28      35    1030.37471      -0.21493E+00
    29      53    1437.38183       0.20853E+00
    30      42    1175.20021      -0.20324E+00
    31      32     985.49254       0.19651E+00
    32      62    1520.59746      -0.18285E+00
    33      22     548.24703       0.16996E+00
    34      45    1287.55561      -0.16404E+00
    35      27     669.98309      -0.15706E+00
    36      49    1399.60279      -0.14595E+00
    37      34    1005.72570       0.13718E+00
    38      10     236.34423       0.13292E+00
    39      23     575.15077       0.13057E+00
    40      26     633.46918       0.12049E+00
    41       9     206.29285       0.11654E+00
    42       5     109.73917       0.11605E+00
    43      30     967.16569      -0.11585E+00
    44      31     970.79320       0.10191E+00
    45      17     372.41889      -0.99852E-01
    46      37    1046.58443       0.96402E-01
    47      40    1075.19627      -0.92155E-01
    48      33     997.42290       0.85520E-01
    49      79    3180.01732       0.82802E-01
    50       8     158.65484      -0.78565E-01
    51      66    1680.11153       0.73383E-01
    52      39    1064.76597       0.70378E-01
    53      64    1605.36877      -0.70043E-01
    54      67    3017.66487       0.62148E-01
    55      25     613.31891       0.61655E-01
    56      54    1446.19967       0.57765E-01
    57      56    1469.17682      -0.46293E-01
    58      57    1473.02155       0.45493E-01
    59      41    1139.28610       0.42350E-01
    60      72    3080.13835       0.37841E-01
    61       3      76.48102      -0.37069E-01
    62      36    1038.69991      -0.36333E-01
    63      58    1475.52583       0.32632E-01
    64      75    3092.35139       0.27010E-01
    65      29     748.45692       0.23361E-01
    66      68    3028.64395       0.20865E-01
    67      65    1642.47797       0.20765E-01
    68      52    1432.57598      -0.19946E-01
    69      70    3066.76403      -0.15833E-01
    70      74    3087.57361       0.14456E-01
    71      69    3043.08381      -0.14201E-01
    72      24     603.92442       0.11354E-01
    73      28     699.10237      -0.76849E-02
    74      81    3649.88076       0.62193E-02
    75      44    1273.32342      -0.49703E-02
    76      76    3143.63435      -0.35488E-02
    77      71    3076.53557       0.34792E-02
    78      77    3148.54268       0.34269E-02
    79      78    3171.92226       0.25211E-02
    80      73    3084.62308      -0.21158E-02
    81      80    3181.92859      -0.16993E-02
   
   
 MODES OF STATE1 IN ORDER OF DECREASING FR COUPL
 ESTIMATED BY THE MAGNITUDE OF THE  0-0 INTEGRAL FC(0,0)
 1D MODEL WITH THE MODE OF STATE2 WITH LARGEST PROJECTION
 ONLY FREQ CHANGE (NO DUSCHINSKY NO DISPLACEMENT). WE PRINT OUT 1/FC(0,0)
    IND   MODE1   FREQ        MODE2      FR           FR. SHIFT        1/FC(0,0)
     1     3    76.48102         2    42.58771        33.89331         1.02135
     2     5   109.73917         8   181.08357       -71.34439         1.01564
     3    43  1234.26319        66  1746.57281      -512.30962         1.00752
     4    18   411.36135        21   563.92672      -152.56537         1.00621
     5    22   548.24703        26   661.42293      -113.17590         1.00220
     6     1    20.98883         1    24.73293        -3.74410         1.00168
     7     4    83.79897         4    71.28647        12.51250         1.00163
     8     2    60.99033         4    71.28647       -10.29614         1.00152
     9     6   128.83009         6   146.09624       -17.26616         1.00099
    10     7   133.88383         6   146.09624       -12.21242         1.00048
    11    64  1605.36877        66  1746.57281      -141.20404         1.00044
    12     8   158.65484         7   171.36466       -12.70981         1.00037
    13    21   506.30334        20   543.06399       -36.76064         1.00031
    14    11   261.60176        13   280.52909       -18.92734         1.00030
    15    17   372.41889        17   397.60944       -25.19054         1.00027
    16    13   288.70630        12   270.86236        17.84394         1.00025
    17    14   313.20681        14   329.38740       -16.18059         1.00016
    18    15   321.51677        15   337.78793       -16.27116         1.00015
    19    34  1005.72570        37  1051.84160       -46.11590         1.00013
    20    20   504.74646        19   525.82249       -21.07603         1.00010
    21    19   431.45388        18   448.45033       -16.99645         1.00009
    22    12   269.20958        11   259.10076        10.10882         1.00009
    23    30   967.16569        33  1002.56641       -35.40072         1.00008
    24    27   669.98309        27   691.74994       -21.76684         1.00006
    25    54  1446.19967        58  1489.34473       -43.14507         1.00005
    26    74  3087.57361        78  3175.68906       -88.11546         1.00005
    27    45  1287.55561        43  1253.96672        33.58889         1.00004
    28    25   613.31891        24   629.08968       -15.77077         1.00004
    29    75  3092.35139        77  3170.15329       -77.80190         1.00004
    30    28   699.10237        28   716.66762       -17.56524         1.00004
    31    40  1075.19627        40  1101.20259       -26.00631         1.00004
    32    65  1642.47797        64  1679.74539       -37.26741         1.00003
    33    66  1680.11153        65  1714.43105       -34.31952         1.00003
    34    67  3017.66487        70  3074.91237       -57.24750         1.00002
    35    70  3066.76403        72  3123.24015       -56.47612         1.00002
    36    72  3080.13835        75  3136.67213       -56.53377         1.00002
    37    46  1328.40050        45  1304.80609        23.59441         1.00002
    38    63  1527.10894        60  1500.23622        26.87273         1.00002
    39    79  3180.01732        73  3127.56036        52.45696         1.00002
    40    26   633.46918        25   644.09236       -10.62318         1.00002
    41    35  1030.37471        35  1045.92230       -15.54759         1.00001
    42    31   970.79320        30   957.07525        13.71794         1.00001
    43    68  3028.64395        67  2988.83293        39.81102         1.00001
    44    24   603.92442        23   611.59212        -7.66770         1.00001
    45    10   236.34423        10   233.46198         2.88225         1.00001
    46    55  1451.35016        54  1469.24627       -17.89611         1.00001
    47     9   206.29285         9   208.74860        -2.45575         1.00001
    48    42  1175.20021        42  1188.42347       -13.22325         1.00001
    49    47  1356.40386        46  1342.70161        13.70225         1.00001
    50    38  1055.98304        38  1066.27285       -10.28982         1.00001
    51    41  1139.28610        41  1150.18764       -10.90153         1.00001
    52    32   985.49254        31   976.84799         8.64455         1.00000
    53    44  1273.32342        44  1263.30270        10.02073         1.00000
    54    58  1475.52583        53  1464.18592        11.33991         1.00000
    55    69  3043.08381        68  3064.86362       -21.77980         1.00000
    56    80  3181.92859        80  3203.70011       -21.77152         1.00000
    57    39  1064.76597        39  1071.97559        -7.20962         1.00000
    58    53  1437.38183        51  1428.13654         9.24529         1.00000
    59    48  1388.09653        48  1396.34028        -8.24375         1.00000
    60    51  1421.54323        50  1414.11605         7.42718         1.00000
    61    16   352.22103        16   353.84948        -1.62845         1.00000
    62    36  1038.69991        34  1034.62244         4.07747         1.00000
    63    60  1498.97884        59  1493.92074         5.05810         1.00000
    64    76  3143.63435        74  3134.41012         9.22423         1.00000
    65    62  1520.59746        62  1524.72773        -4.13027         1.00000
    66    37  1046.58443        36  1049.30281        -2.71838         1.00000
    67    49  1399.60279        48  1396.34028         3.26251         1.00000
    68    73  3084.62308        71  3077.45728         7.16579         1.00000
    69    59  1496.79906        59  1493.92074         2.87832         1.00000
    70    56  1469.17682        55  1471.66506        -2.48823         1.00000
    71    33   997.42290        32   995.78851         1.63438         1.00000
    72    78  3171.92226        79  3176.83317        -4.91091         1.00000
    73    23   575.15077        22   575.90420        -0.75343         1.00000
    74    81  3649.88076        81  3645.15096         4.72980         1.00000
    75    57  1473.02155        56  1474.46341        -1.44186         1.00000
    76    29   748.45692        29   747.88750         0.56943         1.00000
    77    71  3076.53557        69  3074.44552         2.09005         1.00000
    78    77  3148.54268        76  3146.44489         2.09780         1.00000
    79    50  1414.05051        50  1414.11605        -0.06554         1.00000
    80    52  1432.57598        52  1432.54113         0.03485         1.00000
    81    61  1510.14166        61  1510.13305         0.00861         1.00000
   
   
   
   
 STATE2 MODES SORTED BY DECREASING DIMENSIONLESS SHIFT
   IND    MODE    FREQUENCY   DIMENSIONLESS SHIFT
     1       8     181.08357      -0.32934E+01
     2       5     129.31303       0.25163E+01
     3       1      24.73293       0.20826E+01
     4       2      42.58771       0.19638E+01
     5      13     280.52909       0.16642E+01
     6       7     171.36466       0.16604E+01
     7       6     146.09624       0.14986E+01
     8       9     208.74860      -0.12818E+01
     9      63    1643.38037       0.11388E+01
    10      66    1746.57281       0.94931E+00
    11      18     448.45033      -0.91511E+00
    12       4      71.28647      -0.86199E+00
    13      16     353.84948      -0.65656E+00
    14      21     563.92672      -0.61414E+00
    15      26     661.42293      -0.60691E+00
    16      23     611.59212       0.49732E+00
    17      64    1679.74539      -0.44407E+00
    18      46    1342.70161       0.42079E+00
    19      35    1045.92230       0.36776E+00
    20      65    1714.43105      -0.36374E+00
    21      10     233.46198      -0.33686E+00
    22      38    1066.27285       0.30133E+00
    23      33    1002.56641      -0.28708E+00
    24      12     270.86236       0.28301E+00
    25       3      67.64359      -0.26951E+00
    26      45    1304.80609      -0.25462E+00
    27      11     259.10076      -0.24886E+00
    28      60    1500.23622       0.21655E+00
    29      14     329.38740      -0.20651E+00
    30      39    1071.97559       0.20004E+00
    31      44    1263.30270      -0.19393E+00
    32      58    1489.34473       0.18304E+00
    33      49    1406.62048       0.17918E+00
    34      28     716.66762      -0.16818E+00
    35      41    1150.18764       0.16165E+00
    36      47    1369.99340      -0.15475E+00
    37      32     995.78851      -0.14850E+00
    38      43    1253.96672       0.13974E+00
    39      40    1101.20259      -0.13970E+00
    40      78    3175.68906      -0.13955E+00
    41      25     644.09236       0.13022E+00
    42      62    1524.72773      -0.12317E+00
    43      19     525.82249      -0.11553E+00
    44      22     575.90420       0.11506E+00
    45      50    1414.11605      -0.11448E+00
    46      48    1396.34028       0.92853E-01
    47      17     397.60944       0.92787E-01
    48      59    1493.92074      -0.86293E-01
    49      24     629.08968      -0.79877E-01
    50      27     691.74994       0.78383E-01
    51      42    1188.42347       0.75088E-01
    52      53    1464.18592       0.70262E-01
    53      37    1051.84160      -0.70176E-01
    54      15     337.78793       0.69293E-01
    55      57    1477.50222      -0.66996E-01
    56      31     976.84799       0.61808E-01
    57      77    3170.15329      -0.56932E-01
    58      20     543.06399      -0.55866E-01
    59      75    3136.67213      -0.54311E-01
    60      73    3127.56036       0.45031E-01
    61      30     957.07525      -0.39384E-01
    62      70    3074.91237       0.38220E-01
    63      61    1510.13305      -0.36543E-01
    64      36    1049.30281      -0.30582E-01
    65      55    1471.66506      -0.27223E-01
    66      51    1428.13654      -0.26872E-01
    67      54    1469.24627       0.26018E-01
    68      56    1474.46341      -0.23656E-01
    69      72    3123.24015       0.19702E-01
    70      29     747.88750       0.12230E-01
    71      67    2988.83293      -0.11418E-01
    72      80    3203.70011      -0.10852E-01
    73      34    1034.62244      -0.80544E-02
    74      81    3645.15096      -0.74980E-02
    75      71    3077.45728       0.57102E-02
    76      68    3064.86362       0.44734E-02
    77      52    1432.54113       0.35104E-02
    78      76    3146.44489       0.31408E-02
    79      74    3134.41012       0.31183E-02
    80      79    3176.83317      -0.23103E-02
    81      69    3074.44552      -0.84786E-03
   
   
 MODES OF STATE2 IN ORDER OF DECREASING FR COUPL
 ESTIMATED BY THE MAGNITUDE OF THE  0-0 INTEGRAL FC(0,0)
 1D MODEL WITH THE MODE OF STATE1 WITH LARGEST PROJECTION
 ONLY FREQ CHANGE (NO DUSCHINSKY NO DISPLACEMENT). WE PRINT OUT 1/FC(0,0)
    IND   MODE2   FREQ        MODE1      FR           FR. SHIFT        1/FC(0,0)
     1     2    42.58771         3    76.48102       -33.89331         1.02135
     2     8   181.08357         5   109.73917        71.34439         1.01564
     3    21   563.92672        18   411.36135       152.56537         1.00621
     4    26   661.42293        22   548.24703       113.17590         1.00220
     5     1    24.73293         1    20.98883         3.74410         1.00168
     6     4    71.28647         4    83.79897       -12.51250         1.00163
     7     6   146.09624         6   128.83009        17.26616         1.00099
     8     3    67.64359         2    60.99033         6.65325         1.00067
     9    66  1746.57281        64  1605.36877       141.20404         1.00044
    10     7   171.36466         8   158.65484        12.70981         1.00037
    11    20   543.06399        21   506.30334        36.76064         1.00031
    12    13   280.52909        11   261.60176        18.92734         1.00030
    13    17   397.60944        17   372.41889        25.19054         1.00027
    14    12   270.86236        13   288.70630       -17.84394         1.00025
    15    14   329.38740        14   313.20681        16.18059         1.00016
    16    15   337.78793        15   321.51677        16.27116         1.00015
    17    19   525.82249        20   504.74646        21.07603         1.00010
    18    18   448.45033        19   431.45388        16.99645         1.00009
    19    11   259.10076        12   269.20958       -10.10882         1.00009
    20    33  1002.56641        30   967.16569        35.40072         1.00008
    21     5   129.31303         7   133.88383        -4.57080         1.00008
    22    27   691.74994        27   669.98309        21.76684         1.00006
    23    58  1489.34473        54  1446.19967        43.14507         1.00005
    24    78  3175.68906        74  3087.57361        88.11546         1.00005
    25    43  1253.96672        45  1287.55561       -33.58889         1.00004
    26    24   629.08968        25   613.31891        15.77077         1.00004
    27    77  3170.15329        75  3092.35139        77.80190         1.00004
    28    28   716.66762        28   699.10237        17.56524         1.00004
    29    40  1101.20259        40  1075.19627        26.00631         1.00004
    30    64  1679.74539        65  1642.47797        37.26741         1.00003
    31    37  1051.84160        40  1075.19627       -23.35468         1.00003
    32    65  1714.43105        66  1680.11153        34.31952         1.00003
    33    70  3074.91237        67  3017.66487        57.24750         1.00002
    34    72  3123.24015        70  3066.76403        56.47612         1.00002
    35    75  3136.67213        72  3080.13835        56.53377         1.00002
    36    57  1477.50222        55  1451.35016        26.15206         1.00002
    37    60  1500.23622        63  1527.10894       -26.87273         1.00002
    38    73  3127.56036        79  3180.01732       -52.45696         1.00002
    39    25   644.09236        26   633.46918        10.62318         1.00002
    40    35  1045.92230        35  1030.37471        15.54759         1.00001
    41    30   957.07525        31   970.79320       -13.71794         1.00001
    42    45  1304.80609        45  1287.55561        17.25048         1.00001
    43    67  2988.83293        68  3028.64395       -39.81102         1.00001
    44    47  1369.99340        48  1388.09653       -18.10314         1.00001
    45    23   611.59212        24   603.92442         7.66770         1.00001
    46    10   233.46198        10   236.34423        -2.88225         1.00001
    47    54  1469.24627        55  1451.35016        17.89611         1.00001
    48     9   208.74860         9   206.29285         2.45575         1.00001
    49    42  1188.42347        42  1175.20021        13.22325         1.00001
    50    46  1342.70161        47  1356.40386       -13.70225         1.00001
    51    38  1066.27285        38  1055.98304        10.28982         1.00001
    52    41  1150.18764        41  1139.28610        10.90153         1.00001
    53    31   976.84799        32   985.49254        -8.64455         1.00000
    54    44  1263.30270        44  1273.32342       -10.02073         1.00000
    55    53  1464.18592        58  1475.52583       -11.33991         1.00000
    56    68  3064.86362        69  3043.08381        21.77980         1.00000
    57    80  3203.70011        80  3181.92859        21.77152         1.00000
    58    39  1071.97559        39  1064.76597         7.20962         1.00000
    59    51  1428.13654        53  1437.38183        -9.24529         1.00000
    60    49  1406.62048        50  1414.05051        -7.43003         1.00000
    61    16   353.84948        16   352.22103         1.62845         1.00000
    62    34  1034.62244        36  1038.69991        -4.07747         1.00000
    63    74  3134.41012        76  3143.63435        -9.22423         1.00000
    64    62  1524.72773        62  1520.59746         4.13027         1.00000
    65    36  1049.30281        37  1046.58443         2.71838         1.00000
    66    48  1396.34028        49  1399.60279        -3.26251         1.00000
    67    71  3077.45728        73  3084.62308        -7.16579         1.00000
    68    59  1493.92074        59  1496.79906        -2.87832         1.00000
    69    55  1471.66506        56  1469.17682         2.48823         1.00000
    70    32   995.78851        33   997.42290        -1.63438         1.00000
    71    79  3176.83317        78  3171.92226         4.91091         1.00000
    72    22   575.90420        23   575.15077         0.75343         1.00000
    73    81  3645.15096        81  3649.88076        -4.72980         1.00000
    74    56  1474.46341        57  1473.02155         1.44186         1.00000
    75    29   747.88750        29   748.45692        -0.56943         1.00000
    76    69  3074.44552        71  3076.53557        -2.09005         1.00000
    77    76  3146.44489        77  3148.54268        -2.09780         1.00000
    78    63  1643.38037        65  1642.47797         0.90239         1.00000
    79    50  1414.11605        50  1414.05051         0.06554         1.00000
    80    52  1432.54113        52  1432.57598        -0.03485         1.00000
    81    61  1510.13305        61  1510.14166        -0.00861         1.00000
   
   
  
  
 DIMENSIONLESS SHIFTS 
   IND     STATE1       STATE2
     1    -0.23229E+01     0.20826E+01
     2    -0.13100E+01     0.19638E+01
     3    -0.37069E-01    -0.26951E+00
     4     0.17026E+01    -0.86199E+00
     5     0.11605E+00     0.25163E+01
     6    -0.90747E+00     0.14986E+01
     7     0.33219E+01     0.16604E+01
     8    -0.78565E-01    -0.32934E+01
     9     0.11654E+00    -0.12818E+01
    10     0.13292E+00    -0.33686E+00
    11    -0.55954E+00    -0.24886E+00
    12     0.82176E+00     0.28301E+00
    13    -0.68330E+00     0.16642E+01
    14    -0.48335E+00    -0.20651E+00
    15     0.81284E+00     0.69293E-01
    16     0.39159E+00    -0.65656E+00
    17    -0.99852E-01     0.92787E-01
    18     0.74474E+00    -0.91511E+00
    19     0.75151E+00    -0.11553E+00
    20    -0.33878E+00    -0.55866E-01
    21     0.25611E+00    -0.61414E+00
    22     0.16996E+00     0.11506E+00
    23     0.13057E+00     0.49732E+00
    24     0.11354E-01    -0.79877E-01
    25     0.61655E-01     0.13022E+00
    26     0.12049E+00    -0.60691E+00
    27    -0.15706E+00     0.78383E-01
    28    -0.76849E-02    -0.16818E+00
    29     0.23361E-01     0.12230E-01
    30    -0.11585E+00    -0.39384E-01
    31     0.10191E+00     0.61808E-01
    32     0.19651E+00    -0.14850E+00
    33     0.85520E-01    -0.28708E+00
    34     0.13718E+00    -0.80544E-02
    35    -0.21493E+00     0.36776E+00
    36    -0.36333E-01    -0.30582E-01
    37     0.96402E-01    -0.70176E-01
    38     0.31061E+00     0.30133E+00
    39     0.70378E-01     0.20004E+00
    40    -0.92155E-01    -0.13970E+00
    41     0.42350E-01     0.16165E+00
    42    -0.20324E+00     0.75088E-01
    43     0.37248E+00     0.13974E+00
    44    -0.49703E-02    -0.19393E+00
    45    -0.16404E+00    -0.25462E+00
    46    -0.50265E+00     0.42079E+00
    47    -0.37935E+00    -0.15475E+00
    48    -0.47261E+00     0.92853E-01
    49    -0.14595E+00     0.17918E+00
    50    -0.26436E+00    -0.11448E+00
    51    -0.76543E+00    -0.26872E-01
    52    -0.19946E-01     0.35104E-02
    53     0.20853E+00     0.70262E-01
    54     0.57765E-01     0.26018E-01
    55    -0.36523E+00    -0.27223E-01
    56    -0.46293E-01    -0.23656E-01
    57     0.45493E-01    -0.66996E-01
    58     0.32632E-01     0.18304E+00
    59    -0.34386E+00    -0.86293E-01
    60    -0.36815E+00     0.21655E+00
    61     0.37167E+00    -0.36543E-01
    62    -0.18285E+00    -0.12317E+00
    63    -0.53684E+00     0.11388E+01
    64    -0.70043E-01    -0.44407E+00
    65     0.20765E-01    -0.36374E+00
    66     0.73383E-01     0.94931E+00
    67     0.62148E-01    -0.11418E-01
    68     0.20865E-01     0.44734E-02
    69    -0.14201E-01    -0.84786E-03
    70    -0.15833E-01     0.38220E-01
    71     0.34792E-02     0.57102E-02
    72     0.37841E-01     0.19702E-01
    73    -0.21158E-02     0.45031E-01
    74     0.14456E-01     0.31183E-02
    75     0.27010E-01    -0.54311E-01
    76    -0.35488E-02     0.31408E-02
    77     0.34269E-02    -0.56932E-01
    78     0.25211E-02    -0.13955E+00
    79     0.82802E-01    -0.23103E-02
    80    -0.16993E-02    -0.10852E-01
    81     0.62193E-02    -0.74980E-02
  SUM SQUARED DIMENSIONLESS DISPL STATE1       28.5089
  SUM SQUARED DIMENSIONLESS DISPL STATE2       41.7471
  VALUE STATE1 GROUND VIB WAVEFUN AT GEO2       0.0000
  VALUE STATE2 GROUND VIB WAVEFUN AT GEO1       0.0000
  VALUE STATE1 GROUND VIB WAVEFUN AT (GEO1+GEO2)/2      0.0283
  VALUE STATE2 GROUND VIB WAVEFUN AT (GEO1+GEO2)/2      0.0054

 Printing Duschinski matrix to 'duschinsky.dat'


 Printing Shift vector to 'displacement.dat'


NOTE: DE derived from state files:   3.790 (eV)                                                           
 


 ===========================
  REORGANIZATION ENERGY
 ===========================
     0.026879  (Hartree)
     0.731403  (eV)



 ===============================
  ZERO-POINT ENERGY CORRECTIONS 
 ===============================


                    ZERO POINT ENERGY (CM-1)
    E01=     52858.23    E02=     53574.80


                    0-0 ENERGY DIFFERENCE
       3.70072 eV


                    ADIABATIC ENERGY (DIFFERENCE BETWEEN En AT MINIMA) 
       3.78957 eV


 An Internal Conversion Rate will be computed


 =====================================

  NON ADIABATIC COUPLING (NAC) VECTOR 

 =====================================
 Model for NAC expansion: ICi
 NAC in Cartessian coordinates (from input), (au)
  Atom       d/dx        d/dy        d/dz  
 ---------------------------------------------
   1      0.000414   -0.002374    0.000772
   2      0.029570   -0.004087   -0.069598
   3     -0.002076    0.005313    0.069192
   4     -0.000580    0.000066    0.004728
   5      0.070985    0.007299   -0.271161
   6     -0.008637    0.004571   -0.000226
   7      0.002850   -0.011287   -0.016559
   8     -0.023158   -0.010425    0.041323
   9     -0.004318    0.001190    0.028806
  10     -0.001621   -0.001848   -0.000022
  11      0.000489    0.001068    0.000616
  12      0.002928   -0.006676   -0.000938
  13     -0.002391    0.000965   -0.011735
  14     -0.017184   -0.002978    0.033469
  15      0.014966    0.025608   -0.002533
  16     -0.012076   -0.023708   -0.009490
  17      0.002273    0.005414   -0.008063
  18     -0.050903    0.013186    0.220664
  19      0.008360   -0.025330    0.003186
  20     -0.009763    0.027221   -0.004320
  21      0.000307   -0.002379   -0.003306
  22     -0.000878    0.001945    0.010337
  23     -0.001063   -0.000635   -0.000261
  24      0.001818    0.000858   -0.000255
  25     -0.000216   -0.000155    0.000546
  26      0.001757    0.000361   -0.011017
  27     -0.000674   -0.001115    0.000195
  28      0.001165    0.001209    0.000681
  29     -0.000085   -0.000308   -0.000082
 
 NAC in internal coordinates, (au)
  S       d/dS1     
 -------------------
   1     -0.013311
   2     -0.018043
   3      0.008375
   4      0.021966
   5     -0.003502
   6      0.200951
   7      0.047001
   8      0.014759
   9      0.020181
  10     -0.178021
  11      0.125161
  12      0.065088
  13      0.029637
  14     -0.002190
  15      0.002335
  16      0.002596
  17      0.008001
  18      0.048677
  19     -0.004698
  20     -0.000496
  21     -0.044586
  22      0.001426
  23     -0.000069
  24     -0.004037
  25     -0.005405
  26     -0.005951
  27      0.000553
  28     -0.031274
  29     -0.064805
  30     -0.005692
  31      0.030908
  32     -0.057970
  33      0.079670
  34     -0.009452
  35     -0.000684
  36     -0.054394
  37     -0.002825
  38      0.002956
  39     -0.009474
  40     -0.000565
  41      0.018444
  42     -0.022720
  43      0.000731
  44      0.025529
  45      0.015601
  46      0.000549
  47      0.000379
  48      0.001379
  49     -0.000288
  50      0.026093
  51      0.014711
  52     -0.002891
  53      0.000559
  54      0.004390
  55     -0.003924
  56      0.023344
  57     -0.001544
  58     -0.000536
  59      0.001659
  60      0.000804
  61     -0.001495
  62      0.000124
  63     -0.000125
  64     -0.000104
  65      0.000014
  66     -0.000127
  67     -0.002115
  68     -0.000064
  69     -0.048275
  70     -0.004885
  71     -0.026658
  72      0.004124
  73     -0.001154
  74      0.001194
  75     -0.004620
  76     -0.003170
  77      0.000111
  78     -0.002808
  79     -0.021381
  80     -0.001575
  81      0.001931
 
 NAC in State 1 normal mode coordinates (au)
  Mode    d/dQ1     
 -------------------
   1     -0.000000
   2      0.000488
   3      0.000537
   4     -0.000115
   5     -0.000266
   6     -0.000237
   7      0.000744
   8     -0.000057
   9     -0.000341
  10     -0.000060
  11     -0.000186
  12      0.000685
  13     -0.000585
  14      0.000016
  15     -0.000041
  16     -0.000036
  17     -0.000065
  18      0.001184
  19     -0.000162
  20     -0.000294
  21     -0.000151
  22     -0.001244
  23     -0.000195
  24     -0.000134
  25     -0.000053
  26      0.000299
  27      0.000025
  28     -0.000105
  29     -0.000020
  30     -0.000055
  31     -0.000046
  32     -0.000198
  33      0.000648
  34     -0.000463
  35     -0.001141
  36      0.000047
  37      0.000002
  38      0.000218
  39      0.000120
  40     -0.000074
  41     -0.000046
  42     -0.000022
  43     -0.000028
  44      0.000291
  45      0.000061
  46     -0.000126
  47     -0.000019
  48     -0.000059
  49     -0.000013
  50     -0.000031
  51     -0.000118
  52      0.000003
  53     -0.000104
  54      0.000637
  55     -0.000362
  56      0.000044
  57     -0.000041
  58     -0.000039
  59     -0.000048
  60     -0.000060
  61      0.000029
  62      0.000010
  63      0.000070
  64     -0.000025
  65     -0.000028
  66     -0.000022
  67      0.000051
  68      0.000027
  69      0.000001
  70     -0.000025
  71     -0.000003
  72      0.000182
  73      0.000008
  74     -0.000021
  75     -0.000216
  76     -0.000011
  77     -0.000011
  78      0.000004
  79     -0.000023
  80     -0.000010
  81     -0.000004
 
 NAC in State 2 normal mode coordinates (au)
  Mode    d/dQ2     
 -------------------
   1     -0.000318
   2      0.000622
   3     -0.000387
   4      0.000436
   5     -0.000716
   6     -0.000269
   7     -0.000284
   8     -0.000154
   9      0.000599
  10      0.000103
  11     -0.000971
  12     -0.000533
  13      0.000411
  14      0.000053
  15     -0.000038
  16     -0.000194
  17      0.000257
  18     -0.000065
  19      0.000159
  20     -0.000069
  21      0.000447
  22      0.000015
  23     -0.001027
  24      0.000212
  25      0.000139
  26      0.001216
  27      0.000097
  28      0.000548
  29     -0.000331
  30     -0.000431
  31     -0.000496
  32      0.000655
  33      0.000092
  34     -0.000140
  35     -0.000054
  36     -0.000147
  37     -0.000320
  38     -0.000127
  39     -0.000149
  40     -0.000095
  41      0.000088
  42      0.000142
  43      0.000128
  44      0.000205
  45     -0.000119
  46      0.000203
  47      0.000035
  48     -0.000025
  49      0.000079
  50     -0.000194
  51      0.000318
  52     -0.000060
  53     -0.000203
  54      0.000213
  55      0.000027
  56      0.000035
  57     -0.000093
  58     -0.000547
  59      0.000068
  60     -0.000208
  61      0.000034
  62      0.000037
  63      0.000043
  64     -0.000047
  65     -0.000000
  66      0.000211
  67     -0.000035
  68     -0.000017
  69     -0.000002
  70     -0.000010
  71     -0.000011
  72      0.000006
  73     -0.000240
  74     -0.000003
  75     -0.000131
  76      0.000013
  77     -0.000058
  78      0.000195
  79      0.000000
  80     -0.000018
  81     -0.000005
 

NOTE: Spectra resolution set to:  0.00100                                                                 
 

NOTE: Initial energy of exported spectrum (en0) estimated:   0.0000                                       
 

NOTE: Final energy of exported spectrum (enfin) estimated:   4.6465                                       
 

NOTE: To ensure exact match of TI and TD results, final spectral range reset to:    0.0000-               
           4.6460(eV)                                                                                     
 

 ----------------------------------------
 Refined spectral range for simulations: 
  nene       =      4647
  From E(eV) =    0.0000
  To   E(eV) =    4.6460
 
  Ead (eV)   =       3.7896
  E00 (eV)   =       3.7007
 
 Related time-domain parameters
 (with extended range):
  ntime        =         3825
  dt           =       0.5406
  tfin         =    2067.5634
  dE_extra(eV) =       1.5010
 ----------------------------------------


NOTE: Classic spectra only available for OPA/EMI                                                          
 

NOTE: To ensure exact match of TI and TD results, final spectral range reset to:    0.0000-               
           4.6460(eV)                                                                                     
 


 ____________________________________________
  ============================================
  PROGRAM: td_icrate
   Compute vibronic spectra with a harmonic 
   TD formulation                           
 ____________________________________________
  ============================================
 
 SUMMARY OF CALCULATION OPTIONS
 -------------------------------
 Adiabatic Energy (eV)  :   3.7896

 Tipe of transition     : EMI

 Numerical evaluation of xi(t)
         Total time (fs):  2067.563
         Nr data points : 3825
         Time step (fs) :  0.541    

 Broad. function        : LOR  
 Broad. exponent        :    3.675E-04
 Broad. order           : 1
 -------------------------------

 Computing correlation functions over 3825 points


NOTE: 2x2 block arrises in zsytrf(D)                                                                      
 

NOTE: 2x2 block arrises in zsytrf(D)                                                                      
 

NOTE: 2x2 block arrises in zsytrf(D)                                                                      
 

NOTE: 2x2 block arrises in zsytrf(D)                                                                      
 

NOTE: 2x2 block arrises in zsytrf(D)                                                                      
 

NOTE: 2x2 block arrises in zsytrf(D)                                                                      
 

NOTE: 2x2 block arrises in zsytrf(D)                                                                      
 

NOTE: 2x2 block arrises in zsytrf(D)                                                                      
 

NOTE: 2x2 block arrises in zsytrf(D)                                                                      
 

NOTE: 2x2 block arrises in zsytrf(D)                                                                      
 

NOTE: 2x2 block arrises in zsytrf(D)                                                                      
 

NOTE: 2x2 block arrises in zsytrf(D)                                                                      
 

NOTE: 2x2 block arrises in zsytrf(D)                                                                      
 

NOTE: 2x2 block arrises in zsytrf(D)                                                                      
 

NOTE: 2x2 block arrises in zsytrf(D)                                                                      
 

NOTE: 2x2 block arrises in zsytrf(D)                                                                      
 

NOTE: 2x2 block arrises in zsytrf(D)                                                                      
 

NOTE: 2x2 block arrises in zsytrf(D)                                                                      
 

NOTE: 2x2 block arrises in zsytrf(D)                                                                      
 

NOTE: 2x2 block arrises in zsytrf(D)                                                                      
 

NOTE: 2x2 block arrises in zsytrf(D)                                                                      
 

NOTE: 2x2 block arrises in zsytrf(D)                                                                      
 

NOTE: 2x2 block arrises in zsytrf(D)                                                                      
 

NOTE: 2x2 block arrises in zsytrf(D)                                                                      
 

NOTE: 2x2 block arrises in zsytrf(D)                                                                      
 

NOTE: 2x2 block arrises in zsytrf(D)                                                                      
 

NOTE: 2x2 block arrises in zsytrf(D)                                                                      
 

NOTE: 2x2 block arrises in zsytrf(D)                                                                      
 

NOTE: 2x2 block arrises in zsytrf(D)                                                                      
 

NOTE: 2x2 block arrises in zsytrf(D)                                                                      
 

NOTE: 2x2 block arrises in zsytrf(D)                                                                      
 

NOTE: 2x2 block arrises in zsytrf(D)                                                                      
 

NOTE: 2x2 block arrises in zsytrf(D)                                                                      
 

NOTE: 2x2 block arrises in zsytrf(D)                                                                      
 

NOTE: 2x2 block arrises in zsytrf(D)                                                                      
 

NOTE: 2x2 block arrises in zsytrf(D)                                                                      
 

NOTE: 2x2 block arrises in zsytrf(D)                                                                      
 

NOTE: 2x2 block arrises in zsytrf(D)                                                                      
 

NOTE: 2x2 block arrises in zsytrf(D)                                                                      
 

NOTE: 2x2 block arrises in zsytrf(D)                                                                      
 

NOTE: 2x2 block arrises in zsytrf(D)                                                                      
 

NOTE: 2x2 block arrises in zsytrf(D)                                                                      
 

NOTE: 2x2 block arrises in zsytrf(D)                                                                      
 

NOTE: 2x2 block arrises in zsytrf(D)                                                                      
 

NOTE: 2x2 block arrises in zsytrf(D)                                                                      
 

NOTE: 2x2 block arrises in zsytrf(D)                                                                      
 

NOTE: 2x2 block arrises in zsytrf(D)                                                                      
 

NOTE: 2x2 block arrises in zsytrf(D)                                                                      
 

NOTE: 2x2 block arrises in zsytrf(D)                                                                      
 

NOTE: 2x2 block arrises in zsytrf(D)                                                                      
 

NOTE: 2x2 block arrises in zsytrf(D)                                                                      
 

NOTE: 2x2 block arrises in zsytrf(D)                                                                      
 

 Entering in dft_calc subroutine (not FFT)
 Ndata7650
 tini and tfin -2067.563    2067.563

 df  2.417989460082602E-004
 dt  0.540610107721067     
 =========== tdspectra finished ===========  
 Timing...
  CPU (s) for tdspectra :       9.303
 ==========================================
                                           
 
 ========================================================
 IC rate constant (s-1)  2.269E+08
 (for Ead =     3.790 eV)
 ========================================================
 
 
 Integral knr vs Ead (au)
 -------------------------------------------
 From calculation    = 1.0408E-07
 Analytical value    = 1.0460E-07
 ····································
 Ratio               = 0.9950    
 
 



===============================

 SUMMARY OF NOTES AND WARNINGS

===============================
 ---------------------------------
 65 notes raised along the run
 Look for NOTE in the output
 ---------------------------------

 
 ****************** FCclasses finished *******************
 Timing...   
  CPU (s)       9.438
 *********************************************************
 
