 
                                                    \ /               
                                              ..-'''-*-               
                                              \.-'''\ \               
      _____ _____      _                             | |              
     |  ___/  __ \    | |                         __/ /               
     | |_  | /  \/ ___| | __ _ ___ ___  ___  ___ |_  '.               
     |  _| | |    / __| |/ _` / __/ __|/ _ \/ __|   `.  \             
     | |   | \__/\ (__| | (_| \__ \__ \  __/\__ \     \ '.            
     \_|    \____/\___|_|\__,_|___/___/\___||___/      , |            
                                                       | |            
                                                      / ,'            
                                              -....--'  /             
                                              `.. __..-'              
                                                                      
 ********************************************************* 
   FCCLASSES3:                                             
   A code for vibronic simulations                         
                                                           
                                                           
 ********************************************************* 


 GIT VERSION INFO
  Commit id  : v3.0.4-0-gc73a9b5
  Commit date: 2024-08-01 12:00:32 +0200

 CURRENT RUN INFO
  Date&Time  : 2026-03-14, 13:02:19
  Input file : fcc.inp
  Input type : NEW



 INPUT OPTIONS:
-------------------------------
$$$
;GENERAL OPTIONS:
; NAT        = (read from structure files)
; NVIB       = (determined vibrational analysis)
PROPERTY     =   IC    
MODEL        =   AH   
NAC_REF      =   ICi  
TEMP         =   298.15
DE           =  (read)
BROADFUN     =   LOR  
HWHM         =   0.0100
RESOL        =   0.0010  ; (default: HWHM/10)
METHOD       =   TD   
ROT          =   2
SPCMIN       =  (estimated)
SPCMAX       =  (estimated)
;VIBRATIONAL ANALYSIS
NORMALMODES  =   COMPUTE  
RM_COORD     =   NONE    
COORDS       =   INTERNAL   
RED2NONRED   =   REIMERS
IC_FORM      =   ALL    
FORCE_REAL   =   NO   
;INPUT DATA FILES
STATE1_FILE  =   S1.fcc
STATE2_FILE  =   S0.fcc
MASS_FILE    =   
ELDIP_FILE   =   
MAGDIP_FILE  =   
NAC_FILE     =   nac_S1_fchk
NRCOUP_FILE  =   
HESS1_FILE   =   S1.fcc
HESS2_FILE   =   S0.fcc
GRAD1_FILE   =   S1.fcc
GRAD2_COORD  =   CARTESIAN
GRAD2_FILE   =   S0.fcc
NAC_COORD  =   CARTESIAN
;VERBOSE LEVEL
VERBOSE      =   1
  
-------------------------------



 ==> State 1 <==

 Geometry file: S1.fcc


 Energy file: S1.fcc
 Gradient file: S1.fcc

NOTE: The calculation for this State will assume stationary point since the gradient is                   
      small (maximum atomic gradient:   0.000013 a.u.)                                                    
 
 Hessian file: S1.fcc



 ---------------------------------------
  Check effect of symmetry operations
  on Hessian elements (or gs^t\beta)
 ---------------------------------------

 Using input geometry instead of rotating to principal axis of intertia to detect symmetry


NOTE: Cannot determine symmetry. Set to C1 (no symmetric atoms)                                           
 
 
 ---------------------------------------



 =========================
  ANALYSIS OF DOFs
 =========================

 => STATE 1 <=
 Geometry (Angstroms)
 29    # Nr. of atoms
   Atom       X         Y         Z      Mass
O          1.3945    9.8212    0.3945   15.9949
O         -4.8763    9.7403    0.1871   15.9949
N         -2.1191   12.9160    0.2511   14.0031
H         -2.4316   13.8777    0.2028    1.0078
C         -2.6969   10.6323    0.1926   12.0000
C         -0.7728   12.7417    0.3865   12.0000
C         -3.0924   11.9845    0.1642   12.0000
C         -3.6543    9.5449    0.1823   12.0000
C         -1.2584   10.3215    0.2415   12.0000
H         -1.0564    9.5276    0.9726    1.0078
H         -0.9624    9.8094   -0.6960    1.0078
C         -0.2995   11.4231    0.4442   12.0000
C          1.0731   10.9926    0.6423   12.0000
C         -4.4829   12.5063    0.0243   12.0000
H         -4.4760   13.5956   -0.0332    1.0078
H         -4.9615   12.1128   -0.8713    1.0078
H         -5.1063   12.2047    0.8642    1.0078
C         -3.1463    8.1202    0.2048   12.0000
H         -3.9394    7.4711   -0.1588    1.0078
H         -2.2524    7.9653   -0.3963    1.0078
H         -2.9103    7.8240    1.2304    1.0078
C          2.1298   11.9201    1.1935   12.0000
H          2.6332   12.4549    0.3850    1.0078
H          1.7360   12.6535    1.8924    1.0078
H          2.8746   11.3078    1.6978    1.0078
C          0.0256   14.0040    0.4114   12.0000
H          0.3230   14.2927    1.4219    1.0078
H          0.9303   13.9110   -0.1851    1.0078
H         -0.5539   14.8288   -0.0045    1.0078
 

 ------------------------------------------------
   INERTIA TENSOR (to be multiplied by 10**5)
 ------------------------------------------------

             1           2           3
  
    1     9.79166    -3.00755    -1.82420
    2    -3.00755    17.84232    -0.30882
    3    -1.82420    -0.30882    26.76347
 ------------------------------------------------


 ------------------------------------------------
   ROTATIONAL CONSTANTS (AND ROTATION MATRIX)
 ------------------------------------------------

 ROOT NO.    1           2           3

    ************************************
  
    1     0.94506     0.31115     0.10025
    2     0.30927    -0.95036     0.03413
    3    -0.10589     0.00125     0.99438
 ------------------------------------------------

  Rotational constants (GHz)
     1.07023     0.48919     0.34174
  Rotational temperatures (K)
     0.05136     0.02348     0.01640


 -------------------
  DOF   Dimension
 -------------------
  Vib    81
  Rot    3
  Tra    3
 -------------------



 =========================
  GENERATE INTERNAL SETS
 =========================

 => STATE 1 <=

NOTE: Cannot determine symmetry. Set to C1 (no symmetric atoms)                                           
 
 

 -----------------------------------------------------------------
 COMPUTING INTERNAL SET TO DEFINE THE VIBRATIONAL SPACE
 -----------------------------------------------------------------

 ----------------------------------------------------------
  Summary of valence internal coordianate set
   Type      = ALL
   Ns        = 140
   Nic(orig) = 140
   Nbonds    = 29
   Nangles   = 51
   Ndiheds   = 60
   Nimprop   = 0
 ----------------------------------------------------------

 
 ------------------------------------------------------
   n   Coeff  type  label                 Value
 ------------------------------------------------------
   1   1.000   b    O1-C13                1.2397
   2   1.000   b    O2-C8                 1.2375
   3   1.000   b    N3-H4                 1.0123
   4   1.000   b    N3-C6                 1.3643
   5   1.000   b    N3-C7                 1.3500
   6   1.000   b    C5-C7                 1.4091
   7   1.000   b    C5-C8                 1.4488
   8   1.000   b    C5-C9                 1.4725
   9   1.000   b    C6-C12                1.4021
  10   1.000   b    C6-C26                1.4938
  11   1.000   b    C7-C14                1.4918
  12   1.000   b    C8-C18                1.5127
  13   1.000   b    C9-H10                1.0980
  14   1.000   b    C9-H11                1.1085
  15   1.000   b    C9-C12                1.4745
  16   1.000   b    C12-C13               1.4521
  17   1.000   b    C13-C22               1.5102
  18   1.000   b    C14-H15               1.0909
  19   1.000   b    C14-H16               1.0889
  20   1.000   b    C14-H17               1.0886
  21   1.000   b    C18-H19               1.0875
  22   1.000   b    C18-H20               1.0883
  23   1.000   b    C18-H21               1.0933
  24   1.000   b    C22-H23               1.0923
  25   1.000   b    C22-H24               1.0869
  26   1.000   b    C22-H25               1.0881
  27   1.000   b    C26-H27               1.0922
  28   1.000   b    C26-H28               1.0876
  29   1.000   b    C26-H29               1.0905
  30   1.000   a    O1-C13-C12           119.867
  31   1.000   a    O1-C13-C22           118.155
  32   1.000   a    O2-C8-C5             122.276
  33   1.000   a    O2-C8-C18            118.696
  34   1.000   a    N3-C6-C12            117.216
  35   1.000   a    N3-C6-C26            114.906
  36   1.000   a    N3-C7-C5             117.290
  37   1.000   a    N3-C7-C14            115.895
  38   1.000   a    H4-N3-C6             115.516
  39   1.000   a    H4-N3-C7             115.456
  40   1.000   a    C5-C7-C14            126.807
  41   1.000   a    C5-C8-C18            119.006
  42   1.000   a    C5-C9-H10            110.757
  43   1.000   a    C5-C9-H11            109.289
  44   1.000   a    C5-C9-C12            118.827
  45   1.000   a    C6-N3-C7             129.026
  46   1.000   a    C6-C12-C9            118.517
  47   1.000   a    C6-C12-C13           127.124
  48   1.000   a    C6-C26-H27           112.601
  49   1.000   a    C6-C26-H28           111.299
  50   1.000   a    C6-C26-H29           110.412
  51   1.000   a    C7-C5-C8             122.318
  52   1.000   a    C7-C5-C9             118.515
  53   1.000   a    C7-C14-H15           110.383
  54   1.000   a    C7-C14-H16           111.127
  55   1.000   a    C7-C14-H17           111.382
  56   1.000   a    C8-C5-C9             119.166
  57   1.000   a    C8-C18-H19           108.202
  58   1.000   a    C8-C18-H20           113.680
  59   1.000   a    C8-C18-H21           109.973
  60   1.000   a    C9-C12-C13           114.325
  61   1.000   a    H10-C9-H11           100.369
  62   1.000   a    H10-C9-C12           109.214
  63   1.000   a    H11-C9-C12           106.720
  64   1.000   a    C12-C6-C26           127.847
  65   1.000   a    C12-C13-C22          121.943
  66   1.000   a    C13-C22-H23          110.676
  67   1.000   a    C13-C22-H24          113.305
  68   1.000   a    C13-C22-H25          107.608
  69   1.000   a    H15-C14-H16          108.677
  70   1.000   a    H15-C14-H17          108.718
  71   1.000   a    H16-C14-H17          106.424
  72   1.000   a    H19-C18-H20          109.229
  73   1.000   a    H19-C18-H21          108.024
  74   1.000   a    H20-C18-H21          107.595
  75   1.000   a    H23-C22-H24          108.210
  76   1.000   a    H23-C22-H25          107.645
  77   1.000   a    H24-C22-H25          109.245
  78   1.000   a    H27-C26-H28          107.670
  79   1.000   a    H27-C26-H29          107.313
  80   1.000   a    H28-C26-H29          107.309
  81   1.000   d    H4-N3-C6-C12        -179.410
  82   1.000   d    H4-N3-C6-C26          -1.283
  83   1.000   d    C7-N3-C6-C12           0.136
  84   1.000   d    C7-N3-C6-C26         178.264
  85   1.000   d    C6-N3-C7-C5           -1.129
  86   1.000   d    C6-N3-C7-C14         179.852
  87   1.000   d    H4-N3-C7-C5          178.418
  88   1.000   d    H4-N3-C7-C14          -0.601
  89   1.000   d    C8-C5-C7-N3          176.463
  90   1.000   d    C8-C5-C7-C14          -4.640
  91   1.000   d    C9-C5-C7-N3           -3.219
  92   1.000   d    C9-C5-C7-C14         175.679
  93   1.000   d    C7-C5-C8-O2           -2.151
  94   1.000   d    C7-C5-C8-C18         179.573
  95   1.000   d    C9-C5-C8-O2          177.529
  96   1.000   d    C9-C5-C8-C18          -0.747
  97   1.000   d    C8-C5-C9-H11          65.844
  98   1.000   d    C8-C5-C9-C12        -171.437
  99   1.000   d    C7-C5-C9-H10         135.867
 100   1.000   d    C7-C5-C9-H11        -114.464
 101   1.000   d    C7-C5-C9-C12           8.256
 102   1.000   d    C8-C5-C9-H10         -43.825
 103   1.000   d    N3-C6-C12-C9           5.111
 104   1.000   d    N3-C6-C12-C13       -177.136
 105   1.000   d    C26-C6-C12-C9       -172.737
 106   1.000   d    C26-C6-C12-C13         5.015
 107   1.000   d    N3-C6-C26-H29        -18.569
 108   1.000   d    C12-C6-C26-H27       -80.754
 109   1.000   d    C12-C6-C26-H28        40.255
 110   1.000   d    C12-C6-C26-H29       159.322
 111   1.000   d    N3-C6-C26-H27        101.355
 112   1.000   d    N3-C6-C26-H28       -137.635
 113   1.000   d    N3-C7-C14-H15          2.729
 114   1.000   d    N3-C7-C14-H16        123.380
 115   1.000   d    N3-C7-C14-H17       -118.143
 116   1.000   d    C5-C7-C14-H15       -176.181
 117   1.000   d    C5-C7-C14-H16        -55.531
 118   1.000   d    C5-C7-C14-H17         62.946
 119   1.000   d    O2-C8-C18-H19         21.632
 120   1.000   d    O2-C8-C18-H20        143.150
 121   1.000   d    C5-C8-C18-H19       -160.029
 122   1.000   d    O2-C8-C18-H21        -96.147
 123   1.000   d    C5-C8-C18-H20        -38.511
 124   1.000   d    C5-C8-C18-H21         82.192
 125   1.000   d    H10-C9-C12-C6       -137.559
 126   1.000   d    H10-C9-C12-C13        44.408
 127   1.000   d    H11-C9-C12-C6        114.761
 128   1.000   d    H11-C9-C12-C13       -63.273
 129   1.000   d    C5-C9-C12-C6          -9.228
 130   1.000   d    C5-C9-C12-C13        172.738
 131   1.000   d    C9-C12-C13-O1         13.007
 132   1.000   d    C9-C12-C13-C22      -164.782
 133   1.000   d    C6-C12-C13-O1       -164.825
 134   1.000   d    C6-C12-C13-C22        17.385
 135   1.000   d    O1-C13-C22-H23        91.988
 136   1.000   d    C12-C13-C22-H23      -90.187
 137   1.000   d    C12-C13-C22-H24       31.566
 138   1.000   d    C12-C13-C22-H25      152.446
 139   1.000   d    O1-C13-C22-H24      -146.260
 140   1.000   d    O1-C13-C22-H25       -25.380
 ------------------------------------------------------
  b: Angstroms | a,d: degrees
 


 ========================================== 
  SUBROUTINE: WILSON_B
   Compute matrix the Wilson B matrix       
   elements for bonds, angles, dihedrals    
   and impropre dihedrals.                  
                                            
  References:                               
   Wilson,Decius&Cross, Molcular Vibrations 
 ========================================== 
 

BONDS   29

ANGLES   51

DIHEDRALS   60

IMPROPERS    0




 ========================================== 
  SUBROUTINE: redundant2nonredundant
   Get a non-redundant set from a redundant 
   one from the non-zero eigenvalues of the 
   G matrix                  
                                            
  References:                               
   Reimers, J Chem Phys, 115, 6130 (2011)   
 ========================================== 
 
 Internal-space dimension: 81



 ================================
  VIBRATIONAL ANALYSIS ON STATE1
 ================================

 -------------------------
   F MATRIX (diagonal)
 -------------------------
     1     0.44958
     2     0.53175
     3     0.43254
     4     0.40060
     5     0.32847
     6     0.04244
     7     0.08253
     8     0.28598
     9     0.36009
    10     0.01766
    11     0.05745
    12     0.31577
    13     0.33477
    14     0.41804
    15     0.32839
    16     0.40386
    17     0.32574
    18     0.38774
    19     0.03042
    20     0.38650
    21     0.04949
    22     0.33887
    23     0.29946
    24     0.32241
    25     0.25538
    26     0.27434
    27     0.23428
    28     0.09570
    29     0.11266
    30     0.20603
    31     0.20468
    32     0.11285
    33     0.12578
    34     0.21089
    35     0.20444
    36     0.16482
    37     0.12664
    38     0.18258
    39     0.19686
    40     0.21823
    41     0.07425
    42     0.01695
    43     0.03453
    44     0.00801
    45     0.01336
    46     0.13237
    47     0.13211
    48     0.13871
    49     0.13881
    50     0.05282
    51     0.01155
    52     0.14091
    53     0.08784
    54     0.18760
    55     0.26970
    56     0.26876
    57     0.27241
    58     0.26894
    59     0.27114
    60     0.28088
    61     0.27983
    62     0.27311
    63     0.33539
    64     0.33404
    65     0.33640
    66     0.33445
    67     0.30460
    68     0.45122
    69     0.04953
    70     0.08647
    71     0.13248
    72     0.13353
    73     0.12491
    74     0.12797
    75     0.12626
    76     0.11945
    77     0.12199
    78     0.10095
    79     0.05653
    80     0.04859
    81     0.02157
 -------------------------



 ==========================================   
  SUBROUTINE: GF_METHOD
   Solves GF method by orthogonalization      
                                              
  References:                                 
   Wilson,Decius&Cross, Molcular Vibrations   
 ==========================================   
 

 ------------------------
   FREQUENCIES (cm-1)
 ------------------------
     1    21.88803
     2    43.28195
     3    56.01805
     4    89.26689
     5   114.81980
     6   122.98900
     7   148.11931
     8   160.33535
     9   186.14236
    10   220.55834
    11   252.08834
    12   262.35689
    13   268.86359
    14   316.71669
    15   336.21111
    16   338.98313
    17   377.75223
    18   408.98989
    19   448.93762
    20   499.70565
    21   552.41558
    22   559.20322
    23   588.93722
    24   616.80110
    25   624.14148
    26   677.14083
    27   701.53869
    28   748.14028
    29   755.97896
    30   826.45917
    31   957.94118
    32   989.14869
    33   999.65837
    34  1016.04572
    35  1024.06528
    36  1037.75203
    37  1048.25759
    38  1051.29656
    39  1056.87677
    40  1088.43906
    41  1099.64621
    42  1161.89792
    43  1195.40041
    44  1242.31989
    45  1304.58973
    46  1335.24378
    47  1340.28150
    48  1361.88055
    49  1393.10737
    50  1402.23930
    51  1408.74899
    52  1437.93888
    53  1440.19860
    54  1450.22039
    55  1457.07042
    56  1472.79752
    57  1474.92620
    58  1476.28811
    59  1490.05107
    60  1493.82209
    61  1499.24786
    62  1514.09376
    63  1552.36733
    64  1595.34084
    65  1635.91738
    66  1658.20824
    67  2897.07964
    68  3013.16911
    69  3052.86170
    70  3058.82201
    71  3062.53514
    72  3065.03023
    73  3111.46802
    74  3130.44247
    75  3135.58024
    76  3135.75496
    77  3138.75810
    78  3151.74776
    79  3166.87570
    80  3171.23675
    81  3581.37427
 ------------------------

 =====================
  THERMOCHEMISTRY     
 =====================
  Temperature (K):  298.15
  Pressure (atm) :    1.00
 
  Rotational constants (GHz)
     1.07023     0.48919     0.34174
  Rotational temperatures (K)
     0.05136     0.02348     0.01640
 
  Partition Functions
  qt =     0.1055E+09
  qr =     0.2052E+07
  qv =     0.1990-104
 
  Contributions to entropy
  St (cm-1/K) =   14.5777
  Sr (cm-1/K) =   11.1444
  Sv (cm-1/K) =   18.4508
 
  Thermal corrections (AU)
  Zero Point Energy =   0.240030    
  Internal Energy   =   0.255525    
  Enthalpy          =   0.256469    
  Gibbs Free Energy =   0.196461    
 
  Thermal corrections (AU) - vibrational only
  Number of vibrations:      81
  V-internal Energy   =   0.252692    
  V-enthalpy          =   0.253636    
  V-gibbs Free Energy =   0.228572    


 ==> State 2 <==

 Geometry file: S0.fcc


 Energy file: S0.fcc
 Gradient file: S0.fcc

NOTE: The calculation for this State will assume stationary point since the gradient is                   
      small (maximum atomic gradient:   0.000010 a.u.)                                                    
 
 Hessian file: S0.fcc




 =========================
  ANALYSIS OF DOFs
 =========================

 => STATE 2 <=
 Geometry (Angstroms)
 29    # Nr. of atoms
   Atom       X         Y         Z      Mass
O          2.2882   -2.2765   -0.1820   15.9949
O         -3.5872   -0.2442    0.4732   15.9949
N          0.0264    1.8021   -0.2682   14.0031
H          0.0553    2.8084   -0.2616    1.0078
C         -1.2887   -0.1391   -0.0918   12.0000
C          1.2305    1.1376   -0.1514   12.0000
C         -1.2055    1.2102   -0.0884   12.0000
C         -2.5626   -0.8243    0.1337   12.0000
C         -0.0592   -0.9538   -0.4239   12.0000
H         -0.0465   -1.8792    0.1470    1.0078
H         -0.0790   -1.2704   -1.4752    1.0078
C          1.2293   -0.2135   -0.1409   12.0000
C          2.3974   -1.0782    0.0495   12.0000
C         -2.3242    2.1841    0.0996   12.0000
H         -2.0036    3.1888   -0.1768    1.0078
H         -3.1917    1.9058   -0.4913    1.0078
H         -2.6493    2.1964    1.1396    1.0078
C         -2.5914   -2.3198   -0.0669   12.0000
H         -3.6217   -2.6628   -0.0251    1.0078
H         -2.1423   -2.6069   -1.0182    1.0078
H         -2.0198   -2.8167    0.7198    1.0078
C          3.7234   -0.5711    0.5638   12.0000
H          4.3184   -0.1673   -0.2571    1.0078
H          3.6204    0.2009    1.3218    1.0078
H          4.2623   -1.4197    0.9786    1.0078
C          2.3928    2.0785   -0.0482   12.0000
H          2.6179    2.3053    0.9952    1.0078
H          3.2878    1.6879   -0.5160    1.0078
H          2.1472    3.0180   -0.5428    1.0078
 

 ------------------------------------------------
   INERTIA TENSOR (to be multiplied by 10**5)
 ------------------------------------------------

             1           2           3
  
    1     8.55193     0.27258     0.13398
    2     0.27258    18.76812     0.02314
    3     0.13398     0.02314    26.51683
 ------------------------------------------------


 ------------------------------------------------
   ROTATIONAL CONSTANTS (AND ROTATION MATRIX)
 ------------------------------------------------

 ROOT NO.    1           2           3

    ************************************
  
    1     0.99962    -0.02663    -0.00742
    2    -0.02661    -0.99964     0.00345
    3     0.00751     0.00325     0.99997
 ------------------------------------------------

  Rotational constants (GHz)
     1.07828     0.49067     0.34741
  Rotational temperatures (K)
     0.05175     0.02355     0.01667


 -------------------
  DOF   Dimension
 -------------------
  Vib    81
  Rot    3
  Tra    3
 -------------------



 =========================
  GENERATE INTERNAL SETS
 =========================

 => STATE 2 <=

NOTE: Cannot determine symmetry. Set to C1 (no symmetric atoms)                                           
 
 

 -----------------------------------------------------------------
 COMPUTING INTERNAL SET TO DEFINE THE VIBRATIONAL SPACE
 -----------------------------------------------------------------

 ----------------------------------------------------------
  Summary of valence internal coordianate set
   Type      = ALL
   Ns        = 140
   Nic(orig) = 140
   Nbonds    = 29
   Nangles   = 51
   Ndiheds   = 60
   Nimprop   = 0
 ----------------------------------------------------------

 
 ------------------------------------------------------
   n   Coeff  type  label                 Value
 ------------------------------------------------------
   1   1.000   b    O1-C13                1.2254
   2   1.000   b    O2-C8                 1.2254
   3   1.000   b    N3-H4                 1.0068
   4   1.000   b    N3-C6                 1.3802
   5   1.000   b    N3-C7                 1.3785
   6   1.000   b    C5-C7                 1.3519
   7   1.000   b    C5-C8                 1.4639
   8   1.000   b    C5-C9                 1.5119
   9   1.000   b    C6-C12                1.3512
  10   1.000   b    C6-C26                1.4989
  11   1.000   b    C7-C14                1.4951
  12   1.000   b    C8-C18                1.5092
  13   1.000   b    C9-H10                1.0875
  14   1.000   b    C9-H11                1.0981
  15   1.000   b    C9-C12                1.5127
  16   1.000   b    C12-C13               1.4657
  17   1.000   b    C13-C22               1.5100
  18   1.000   b    C14-H15               1.0902
  19   1.000   b    C14-H16               1.0859
  20   1.000   b    C14-H17               1.0898
  21   1.000   b    C18-H19               1.0868
  22   1.000   b    C18-H20               1.0905
  23   1.000   b    C18-H21               1.0920
  24   1.000   b    C22-H23               1.0913
  25   1.000   b    C22-H24               1.0869
  26   1.000   b    C22-H25               1.0874
  27   1.000   b    C26-H27               1.0912
  28   1.000   b    C26-H28               1.0828
  29   1.000   b    C26-H29               1.0897
  30   1.000   a    O1-C13-C12           118.775
  31   1.000   a    O1-C13-C22           118.096
  32   1.000   a    O2-C8-C5             123.276
  33   1.000   a    O2-C8-C18            119.340
  34   1.000   a    N3-C6-C12            118.767
  35   1.000   a    N3-C6-C26            112.337
  36   1.000   a    N3-C7-C5             118.894
  37   1.000   a    N3-C7-C14            113.919
  38   1.000   a    H4-N3-C6             117.106
  39   1.000   a    H4-N3-C7             116.996
  40   1.000   a    C5-C7-C14            127.186
  41   1.000   a    C5-C8-C18            117.384
  42   1.000   a    C5-C9-H10            110.654
  43   1.000   a    C5-C9-H11            110.550
  44   1.000   a    C5-C9-C12            112.826
  45   1.000   a    C6-N3-C7             124.190
  46   1.000   a    C6-C12-C9            119.253
  47   1.000   a    C6-C12-C13           126.169
  48   1.000   a    C6-C26-H27           110.871
  49   1.000   a    C6-C26-H28           112.628
  50   1.000   a    C6-C26-H29           109.585
  51   1.000   a    C7-C5-C8             121.355
  52   1.000   a    C7-C5-C9             119.229
  53   1.000   a    C7-C14-H15           110.389
  54   1.000   a    C7-C14-H16           111.252
  55   1.000   a    C7-C14-H17           110.521
  56   1.000   a    C8-C5-C9             119.296
  57   1.000   a    C8-C18-H19           109.008
  58   1.000   a    C8-C18-H20           111.652
  59   1.000   a    C8-C18-H21           110.194
  60   1.000   a    C9-C12-C13           114.485
  61   1.000   a    H10-C9-H11           104.915
  62   1.000   a    H10-C9-C12           107.955
  63   1.000   a    H11-C9-C12           109.611
  64   1.000   a    C12-C6-C26           128.895
  65   1.000   a    C12-C13-C22          123.096
  66   1.000   a    C13-C22-H23          110.297
  67   1.000   a    C13-C22-H24          113.128
  68   1.000   a    C13-C22-H25          107.645
  69   1.000   a    H15-C14-H16          109.459
  70   1.000   a    H15-C14-H17          108.618
  71   1.000   a    H16-C14-H17          106.492
  72   1.000   a    H19-C18-H20          109.932
  73   1.000   a    H19-C18-H21          108.960
  74   1.000   a    H20-C18-H21          107.049
  75   1.000   a    H23-C22-H24          108.265
  76   1.000   a    H23-C22-H25          107.787
  77   1.000   a    H24-C22-H25          109.589
  78   1.000   a    H27-C26-H28          108.506
  79   1.000   a    H27-C26-H29          107.539
  80   1.000   a    H28-C26-H29          107.530
  81   1.000   d    H4-N3-C6-C12         179.248
  82   1.000   d    H4-N3-C6-C26          -0.625
  83   1.000   d    C7-N3-C6-C12          14.625
  84   1.000   d    C7-N3-C6-C26        -165.249
  85   1.000   d    C6-N3-C7-C5          -15.428
  86   1.000   d    C6-N3-C7-C14         164.294
  87   1.000   d    H4-N3-C7-C5          179.933
  88   1.000   d    H4-N3-C7-C14          -0.345
  89   1.000   d    C8-C5-C7-N3          178.168
  90   1.000   d    C8-C5-C7-C14          -1.513
  91   1.000   d    C9-C5-C7-N3           -5.848
  92   1.000   d    C9-C5-C7-C14         174.470
  93   1.000   d    C7-C5-C8-O2           -7.859
  94   1.000   d    C7-C5-C8-C18         172.197
  95   1.000   d    C9-C5-C8-O2          176.160
  96   1.000   d    C9-C5-C8-C18          -3.785
  97   1.000   d    C8-C5-C9-H11          77.624
  98   1.000   d    C8-C5-C9-C12        -159.235
  99   1.000   d    C7-C5-C9-H10         145.768
 100   1.000   d    C7-C5-C9-H11         -98.443
 101   1.000   d    C7-C5-C9-C12          24.697
 102   1.000   d    C8-C5-C9-H10         -38.165
 103   1.000   d    N3-C6-C12-C9           7.353
 104   1.000   d    N3-C6-C12-C13       -176.361
 105   1.000   d    C26-C6-C12-C9       -172.798
 106   1.000   d    C26-C6-C12-C13         3.489
 107   1.000   d    N3-C6-C26-H29        -26.866
 108   1.000   d    C12-C6-C26-H27       -88.171
 109   1.000   d    C12-C6-C26-H28        33.629
 110   1.000   d    C12-C6-C26-H29       153.276
 111   1.000   d    N3-C6-C26-H27         91.687
 112   1.000   d    N3-C6-C26-H28       -146.513
 113   1.000   d    N3-C7-C14-H15         13.618
 114   1.000   d    N3-C7-C14-H16        135.346
 115   1.000   d    N3-C7-C14-H17       -106.568
 116   1.000   d    C5-C7-C14-H15       -166.687
 117   1.000   d    C5-C7-C14-H16        -44.959
 118   1.000   d    C5-C7-C14-H17         73.127
 119   1.000   d    O2-C8-C18-H19          9.198
 120   1.000   d    O2-C8-C18-H20        130.846
 121   1.000   d    C5-C8-C18-H19       -170.855
 122   1.000   d    O2-C8-C18-H21       -110.330
 123   1.000   d    C5-C8-C18-H20        -49.208
 124   1.000   d    C5-C8-C18-H21         69.616
 125   1.000   d    H10-C9-C12-C6       -148.077
 126   1.000   d    H10-C9-C12-C13        35.217
 127   1.000   d    H11-C9-C12-C6         98.177
 128   1.000   d    H11-C9-C12-C13       -78.529
 129   1.000   d    C5-C9-C12-C6         -25.483
 130   1.000   d    C5-C9-C12-C13        157.811
 131   1.000   d    C9-C12-C13-O1          8.323
 132   1.000   d    C9-C12-C13-C22      -169.550
 133   1.000   d    C6-C12-C13-O1       -168.117
 134   1.000   d    C6-C12-C13-C22        14.011
 135   1.000   d    O1-C13-C22-H23        97.293
 136   1.000   d    C12-C13-C22-H23      -84.821
 137   1.000   d    C12-C13-C22-H24       36.601
 138   1.000   d    C12-C13-C22-H25      157.828
 139   1.000   d    O1-C13-C22-H24      -141.285
 140   1.000   d    O1-C13-C22-H25       -20.058
 ------------------------------------------------------
  b: Angstroms | a,d: degrees
 

NOTE: Writing IC set to file: internal_coords_set.dat                                                     
 


 ========================================== 
  SUBROUTINE: WILSON_B
   Compute matrix the Wilson B matrix       
   elements for bonds, angles, dihedrals    
   and impropre dihedrals.                  
                                            
  References:                               
   Wilson,Decius&Cross, Molcular Vibrations 
 ========================================== 
 

BONDS   29

ANGLES   51

DIHEDRALS   60

IMPROPERS    0




 ========================================== 
  SUBROUTINE: redundant2nonredundant
   Get a non-redundant set from a redundant 
   one from the non-zero eigenvalues of the 
   G matrix                  
                                            
  References:                               
   Reimers, J Chem Phys, 115, 6130 (2011)   
 ========================================== 
 
 Internal-space dimension: 81



 ================================
  VIBRATIONAL ANALYSIS ON STATE2
 ================================

 -------------------------
   F MATRIX (diagonal)
 -------------------------
     1     0.47835
     2     0.58681
     3     0.37800
     4     0.38375
     5     0.32555
     6     0.07796
     7     0.15882
     8     0.31977
     9     0.37575
    10     0.03740
    11     0.11011
    12     0.34634
    13     0.31447
    14     0.41676
    15     0.35993
    16     0.38644
    17     0.33431
    18     0.04511
    19     0.40213
    20     0.38738
    21     0.05214
    22     0.34785
    23     0.31426
    24     0.32037
    25     0.29419
    26     0.29602
    27     0.14683
    28     0.16191
    29     0.13326
    30     0.19012
    31     0.15764
    32     0.16313
    33     0.11772
    34     0.22420
    35     0.21305
    36     0.09639
    37     0.19791
    38     0.22428
    39     0.18706
    40     0.24012
    41     0.05233
    42     0.03792
    43     0.05377
    44     0.00862
    45     0.01846
    46     0.13264
    47     0.13291
    48     0.13704
    49     0.13270
    50     0.02193
    51     0.07332
    52     0.13128
    53     0.09287
    54     0.19181
    55     0.27360
    56     0.26966
    57     0.27684
    58     0.27284
    59     0.28461
    60     0.28459
    61     0.27596
    62     0.27630
    63     0.33033
    64     0.33599
    65     0.33908
    66     0.32621
    67     0.34225
    68     0.46705
    69     0.06007
    70     0.10045
    71     0.13793
    72     0.13397
    73     0.13077
    74     0.12992
    75     0.12798
    76     0.12240
    77     0.12092
    78     0.09575
    79     0.06204
    80     0.05885
    81     0.01537
 -------------------------



 ==========================================   
  SUBROUTINE: GF_METHOD
   Solves GF method by orthogonalization      
                                              
  References:                                 
   Wilson,Decius&Cross, Molcular Vibrations   
 ==========================================   
 

 ------------------------
   FREQUENCIES (cm-1)
 ------------------------
     1    32.31476
     2    49.85242
     3    68.14908
     4    75.49074
     5   141.70921
     6   151.48263
     7   172.87243
     8   181.26516
     9   209.35555
    10   232.46532
    11   259.99914
    12   270.65409
    13   280.48741
    14   329.74532
    15   338.06983
    16   353.71855
    17   397.97016
    18   448.17112
    19   517.70693
    20   542.61340
    21   562.71509
    22   576.07808
    23   611.19034
    24   629.34999
    25   643.68219
    26   661.37439
    27   690.98739
    28   717.01051
    29   746.72510
    30   957.19727
    31   976.47807
    32   995.44405
    33  1002.68416
    34  1036.14550
    35  1046.08771
    36  1049.69883
    37  1051.54051
    38  1067.15621
    39  1072.23968
    40  1101.05873
    41  1150.28717
    42  1188.53127
    43  1257.69381
    44  1265.20309
    45  1303.27517
    46  1340.69460
    47  1369.56245
    48  1397.49173
    49  1407.61120
    50  1414.35943
    51  1430.77321
    52  1433.62792
    53  1467.42920
    54  1471.08373
    55  1472.90328
    56  1477.19850
    57  1479.58008
    58  1492.82437
    59  1496.20468
    60  1504.57888
    61  1512.63172
    62  1525.23463
    63  1649.18263
    64  1691.64340
    65  1720.99845
    66  1752.92763
    67  2991.82126
    68  3064.86667
    69  3073.81552
    70  3074.16062
    71  3075.35649
    72  3125.15676
    73  3127.28405
    74  3130.64603
    75  3137.84976
    76  3146.65164
    77  3170.98451
    78  3172.36731
    79  3176.49851
    80  3205.65565
    81  3648.69945
 ------------------------

 
 ---------------------------------------
   n type  label                 Delta
 ---------------------------------------
   1   b   O1-C13               -0.0143
   2   b   O2-C8                -0.0121
   3   b   N3-H4                -0.0055
   4   b   N3-C6                 0.0160
   5   b   N3-C7                 0.0285
   6   b   C5-C7                -0.0572
   7   b   C5-C8                 0.0151
   8   b   C5-C9                 0.0393
   9   b   C6-C12               -0.0510
  10   b   C6-C26                0.0051
  11   b   C7-C14                0.0033
  12   b   C8-C18               -0.0035
  13   b   C9-H10               -0.0105
  14   b   C9-H11               -0.0104
  15   b   C9-C12                0.0382
  16   b   C12-C13               0.0136
  17   b   C13-C22              -0.0002
  18   b   C14-H15              -0.0007
  19   b   C14-H16              -0.0031
  20   b   C14-H17               0.0012
  21   b   C18-H19              -0.0007
  22   b   C18-H20               0.0021
  23   b   C18-H21              -0.0012
  24   b   C22-H23              -0.0010
  25   b   C22-H24              -0.0000
  26   b   C22-H25              -0.0007
  27   b   C26-H27              -0.0010
  28   b   C26-H28              -0.0048
  29   b   C26-H29              -0.0008
  30   a   O1-C13-C12            -1.092
  31   a   O1-C13-C22            -0.059
  32   a   O2-C8-C5               1.000
  33   a   O2-C8-C18              0.644
  34   a   N3-C6-C12              1.551
  35   a   N3-C6-C26             -2.569
  36   a   N3-C7-C5               1.604
  37   a   N3-C7-C14             -1.975
  38   a   H4-N3-C6               1.590
  39   a   H4-N3-C7               1.540
  40   a   C5-C7-C14              0.379
  41   a   C5-C8-C18             -1.622
  42   a   C5-C9-H10             -0.103
  43   a   C5-C9-H11              1.260
  44   a   C5-C9-C12             -6.000
  45   a   C6-N3-C7              -4.836
  46   a   C6-C12-C9              0.736
  47   a   C6-C12-C13            -0.954
  48   a   C6-C26-H27            -1.730
  49   a   C6-C26-H28             1.329
  50   a   C6-C26-H29            -0.828
  51   a   C7-C5-C8              -0.963
  52   a   C7-C5-C9               0.714
  53   a   C7-C14-H15             0.006
  54   a   C7-C14-H16             0.125
  55   a   C7-C14-H17            -0.861
  56   a   C8-C5-C9               0.130
  57   a   C8-C18-H19             0.806
  58   a   C8-C18-H20            -2.028
  59   a   C8-C18-H21             0.221
  60   a   C9-C12-C13             0.159
  61   a   H10-C9-H11             4.545
  62   a   H10-C9-C12            -1.258
  63   a   H11-C9-C12             2.892
  64   a   C12-C6-C26             1.049
  65   a   C12-C13-C22            1.153
  66   a   C13-C22-H23           -0.379
  67   a   C13-C22-H24           -0.177
  68   a   C13-C22-H25            0.037
  69   a   H15-C14-H16            0.783
  70   a   H15-C14-H17           -0.100
  71   a   H16-C14-H17            0.068
  72   a   H19-C18-H20            0.703
  73   a   H19-C18-H21            0.936
  74   a   H20-C18-H21           -0.546
  75   a   H23-C22-H24            0.055
  76   a   H23-C22-H25            0.142
  77   a   H24-C22-H25            0.344
  78   a   H27-C26-H28            0.836
  79   a   H27-C26-H29            0.226
  80   a   H28-C26-H29            0.220
  81   d   H4-N3-C6-C12          -1.342
  82   d   H4-N3-C6-C26           0.658
  83   d   C7-N3-C6-C12          14.489
  84   d   C7-N3-C6-C26          16.488
  85   d   C6-N3-C7-C5          -14.299
  86   d   C6-N3-C7-C14         -15.558
  87   d   H4-N3-C7-C5            1.515
  88   d   H4-N3-C7-C14           0.256
  89   d   C8-C5-C7-N3            1.705
  90   d   C8-C5-C7-C14           3.126
  91   d   C9-C5-C7-N3           -2.629
  92   d   C9-C5-C7-C14          -1.208
  93   d   C7-C5-C8-O2           -5.709
  94   d   C7-C5-C8-C18          -7.376
  95   d   C9-C5-C8-O2           -1.369
  96   d   C9-C5-C8-C18          -3.037
  97   d   C8-C5-C9-H11          11.781
  98   d   C8-C5-C9-C12          12.201
  99   d   C7-C5-C9-H10           9.901
 100   d   C7-C5-C9-H11          16.021
 101   d   C7-C5-C9-C12          16.442
 102   d   C8-C5-C9-H10           5.661
 103   d   N3-C6-C12-C9           2.241
 104   d   N3-C6-C12-C13          0.775
 105   d   C26-C6-C12-C9         -0.060
 106   d   C26-C6-C12-C13        -1.526
 107   d   N3-C6-C26-H29         -8.297
 108   d   C12-C6-C26-H27        -7.417
 109   d   C12-C6-C26-H28        -6.626
 110   d   C12-C6-C26-H29        -6.045
 111   d   N3-C6-C26-H27         -9.668
 112   d   N3-C6-C26-H28         -8.878
 113   d   N3-C7-C14-H15         10.888
 114   d   N3-C7-C14-H16         11.966
 115   d   N3-C7-C14-H17         11.575
 116   d   C5-C7-C14-H15          9.494
 117   d   C5-C7-C14-H16         10.572
 118   d   C5-C7-C14-H17         10.181
 119   d   O2-C8-C18-H19        -12.434
 120   d   O2-C8-C18-H20        -12.305
 121   d   C5-C8-C18-H19        -10.826
 122   d   O2-C8-C18-H21        -14.183
 123   d   C5-C8-C18-H20        -10.697
 124   d   C5-C8-C18-H21        -12.575
 125   d   H10-C9-C12-C6        -10.518
 126   d   H10-C9-C12-C13        -9.191
 127   d   H11-C9-C12-C6        -16.583
 128   d   H11-C9-C12-C13       -15.256
 129   d   C5-C9-C12-C6         -16.255
 130   d   C5-C9-C12-C13        -14.928
 131   d   C9-C12-C13-O1         -4.685
 132   d   C9-C12-C13-C22        -4.767
 133   d   C6-C12-C13-O1         -3.292
 134   d   C6-C12-C13-C22        -3.375
 135   d   O1-C13-C22-H23         5.306
 136   d   C12-C13-C22-H23        5.366
 137   d   C12-C13-C22-H24        5.035
 138   d   C12-C13-C22-H25        5.382
 139   d   O1-C13-C22-H24         4.975
 140   d   O1-C13-C22-H25         5.322
 ---------------------------------------
  b: Angstroms | a,d: degrees
 

 --------------------------------------------------
   Extrapolated State2 Gradient (Q1-space) x1e5
 --------------------------------------------------
     1    -0.10563
     2   -58.20867
     3     9.39899
     4    25.98058
     5    62.62286
     6     8.70057
     7   -14.49903
     8    15.66670
     9   -51.98055
    10    -8.35904
    11     5.75798
    12     0.88264
    13     0.59745
    14    -2.14497
    15    11.21816
    16    -2.50597
    17    -4.71237
    18     5.23654
    19    10.47568
    20    -3.91328
    21     3.32049
    22    -0.29033
    23     7.10943
    24    11.40116
    25     3.19294
    26     6.17402
    27    10.83155
    28    -0.34357
    29    -0.51245
    30    19.56707
    31    -8.59481
    32    -4.78439
    33    -5.26363
    34    -3.63563
    35   -12.70625
    36    -4.64161
    37     5.84282
    38    -6.53922
    39    -7.98036
    40    16.02441
    41    -1.80691
    42     2.21139
    43   -29.86533
    44    17.15825
    45    13.86665
    46   -28.99340
    47   -38.13833
    48   -22.30751
    49    -7.33266
    50     6.53023
    51    -6.99268
    52    -7.23351
    53   -16.38124
    54   -17.60980
    55     7.58653
    56    -6.90668
    57   -22.49061
    58     6.41534
    59    22.94758
    60   -21.93089
    61   -30.09121
    62    41.92617
    63   155.34695
    64    86.29051
    65    -8.77298
    66   -33.45546
    67   -44.03683
    68    76.08174
    69    -0.58356
    70     0.86064
    71     2.63744
    72    -0.53520
    73    -3.91191
    74     4.07473
    75    56.37135
    76    -0.96628
    77    -0.10108
    78    40.79400
    79   -63.28002
    80   -26.87934
    81  -281.97389
 --------------------------------------------------




                 ASSIGNMENTS AND ANALYSIS OF 1 WITH RESPECT TO 2
 STATE 1                              MODES STATE 2
IND DEF    FREQUENCY     SHIFT    I21 C21  I22 C22   I23 C23     FR(I21)  I90 I95 I99
   1  M2      21.89   -23.18377    4 0.87    1 0.04    3 0.03     -53.60   2   4   5
   2  M>3     43.28   129.92022    1 0.71    3 0.12    2 0.06      10.97   4   6   9
   3  M2      56.02    30.34704    2 0.65    3 0.25    4 0.06       6.17   2   3   5
   4  M>3     89.27   -65.25564    8 0.62    3 0.17    9 0.03     -92.00   7  11  20
   5  M>3    114.82   -63.24938    3 0.34    8 0.20    2 0.18      46.67   9  13  18
   6  M>3    122.99    -8.39496    6 0.34   10 0.26    5 0.25     -28.49   5   6  11
   7  M>3    148.12    33.91878    7 0.33    6 0.30    5 0.19     -24.75   5   7   9
   8  M3     160.34   -42.57347    7 0.41    5 0.33    9 0.23     -12.54   3   3   4
   9  M>3    186.14    43.18990    9 0.67   11 0.09    7 0.07     -23.21   9  17  53
  10  M>3    220.56     1.30814   10 0.62    5 0.15    6 0.08     -11.91   5   7  10
  11  M>3    252.09    27.91172   11 0.66   13 0.14    9 0.06      -7.91   6  11  37
  12  M>3    262.36   -11.08601   13 0.74   11 0.09   10 0.05     -18.13   5   8  19
  13  M2     268.86    11.61783   12 0.86    6 0.10   15 0.02      -1.79   2   2   6
  14  M3     316.72   -14.77635   14 0.73   15 0.10   16 0.09     -13.03   3   6  13
  15  M3     336.21    -3.92945   15 0.49   16 0.22   14 0.21      -1.86   3   5   8
  16  M2     338.98     2.41563   16 0.61   15 0.33   13 0.01     -14.74   2   3   8
  17  P      377.75    -4.34185   17 0.94   21 0.03   16 0.02     -20.22   1   2   4
  18  M>3    408.99    -2.16196   20 0.46   21 0.27   18 0.11    -133.62   5   6   8
  19  M2     448.94   -18.10169   18 0.86   20 0.07   21 0.03       0.77   2   3  17
  20  M>3    499.71    11.44680   23 0.35   25 0.25   26 0.13    -111.48   6  14  81
  21  M>3    552.42    -8.70253   21 0.46   20 0.39   23 0.04     -10.30   4   7  81
  22  P      559.20    -2.74635   22 0.94   25 0.02   28 0.01     -16.87   1   2   5
  23  M>3    588.94    -7.90541   23 0.52   25 0.27   22 0.05     -22.25   6   8  13
  24  M3     616.80     1.27389   26 0.71   25 0.18   21 0.06     -44.57   3   3   9
  25  P      624.14    -1.39595   24 0.91   25 0.04   29 0.01      -5.21   1   2  36
  26  M2     677.14    -0.59869   27 0.87   25 0.07   26 0.05     -13.85   2   3   4
  27  P      701.54     3.50539   28 0.92   25 0.02   27 0.02     -15.47   1   3  10
  28  P      748.14    -0.55669   29 0.92   19 0.02   28 0.01       1.42   1   3  35
  29  M2     755.98    -6.24072   19 0.87   20 0.04   21 0.02     238.27   2   7  27
  30  M>3    826.46    -7.79553   31 0.42   32 0.26   33 0.07    -150.02  11  81  81
  31  M2     957.94     1.13304   30 0.84   34 0.07   43 0.02       0.74   2   4  13
  32  M2     989.15     3.70242   32 0.56   31 0.35   35 0.04      -6.30   2   3  13
  33  M3     999.66    -5.30357   33 0.82   32 0.05   31 0.05      -3.03   3   5   8
  34  M>3   1016.05    -0.99434   37 0.67   34 0.19   46 0.03     -35.49   4   7  15
  35  M>3   1024.07    -2.88467   35 0.59   36 0.13   44 0.07     -22.02   6   8  15
  36  M>3   1037.75     0.19810   36 0.63   38 0.13   35 0.11     -11.95   4   7  16
  37  M>3   1048.26    -0.55684   39 0.56   34 0.14   35 0.14     -23.98   5   8  14
  38  M>3   1051.30    -0.28577   34 0.45   39 0.27   37 0.13      15.15   5   7  81
  39  M3    1056.88    -1.14847   38 0.77   36 0.13   39 0.02     -10.28   3   5  14
  40  M>3   1088.44     0.33915   40 0.33   44 0.31   43 0.13     -12.62   6   8  12
  41  M>3   1099.65     0.44653   40 0.54   44 0.19   43 0.10      -1.41   5   8  12
  42  M>3   1161.90    -2.37391   41 0.75   44 0.11   37 0.02      11.61   4   7  15
  43  M2    1195.40     4.42967   42 0.89   44 0.03   61 0.02       6.87   2   4  11
  44  M>3   1242.32     0.45607   46 0.35   44 0.16   43 0.08     -98.37  10  13  19
  45  M>3   1304.59     1.03166   43 0.33   46 0.16   45 0.09      46.90  10  15  24
  46  M>3   1335.24    -5.06601   61 0.68   45 0.13   43 0.06    -177.39   4   7  10
  47  M>3   1340.28     0.66660   45 0.65   46 0.14   61 0.08      37.01   5   8  17
  48  M>3   1361.88     1.62772   50 0.17   46 0.16   60 0.14     -52.48  14  18  81
  49  M2    1393.11    -0.07580   47 0.75   49 0.15   48 0.06      23.54   2   3   7
  50  M3    1402.24     0.53636   48 0.62   50 0.25   47 0.07       4.75   3   4  20
  51  M2    1408.75     0.46637   49 0.79   47 0.13   46 0.01       1.14   2   5  13
  52  M>3   1437.94    -0.18259   51 0.73   52 0.09   50 0.07       7.17   4   8  18
  53  M3    1440.20    -0.90347   52 0.73   51 0.16   50 0.02       6.57   3   6  14
  54  M>3   1450.22    -0.63557   50 0.17   55 0.16   43 0.11      35.86  14  17  23
  55  M3    1457.07     0.12047   53 0.86   55 0.04   60 0.03     -10.36   3   5   9
  56  M3    1472.80    -1.84161   54 0.76   55 0.09   56 0.07       1.71   3   4   9
  57  M>3   1474.93    -0.59058   56 0.71   62 0.10   54 0.06      -2.27   4   6  12
  58  M>3   1476.29     1.25472   55 0.63   54 0.10   59 0.07       3.38   6  10  16
  59  M3    1490.05     0.76930   57 0.83   61 0.07   56 0.04      10.47   3   4   9
  60  M>3   1493.82    -2.25967   59 0.54   62 0.18   58 0.14      -2.38   4   5  10
  61  M>3   1499.25    -1.75349   58 0.60   62 0.14   59 0.06       6.42   6   8  13
  62  M>3   1514.09     2.86385   62 0.34   60 0.32   59 0.09     -11.14   6   9  14
  63  M>3   1552.37    11.46385   63 0.40   65 0.38   66 0.08     -96.82   4   6  18
  64  M>3   1595.34     5.62008   63 0.32   64 0.26   66 0.23     -53.84   5   7  19
  65  M>3   1635.92     4.95464   64 0.40   65 0.31   63 0.07     -55.73   6   9  17
  66  M>3   1658.21     2.89854   66 0.54   64 0.29   60 0.06     -94.72   4   7  14
  67  P     2897.08    -0.67234   67 0.98   72 0.02   31 0.00     -94.74   1   1   2
  68  P     3013.17     0.24066   72 0.95   73 0.02   67 0.02    -111.99   1   2   3
  69  M2    3052.86    -0.17599   69 0.64   71 0.33   74 0.02     -20.95   2   2   3
  70  P     3058.82    -0.06135   68 0.94   73 0.06   69 0.00      -6.04   1   2   2
  71  P     3062.54     0.01807   70 0.97   75 0.02   78 0.01     -11.63   1   1   3
  72  M2    3065.03    -0.11507   71 0.65   69 0.34   76 0.00     -10.33   2   2   2
  73  P     3111.47     0.00318   74 0.91   80 0.06   76 0.01     -19.18   1   2   4
  74  M2    3130.44     0.07309   73 0.83   77 0.09   68 0.05       3.16   2   3   4
  75  M2    3135.58     0.00864   78 0.83   75 0.16   76 0.01     -36.79   2   2   3
  76  P     3135.75     0.03332   76 0.93   74 0.02   79 0.02     -10.90   1   2   5
  77  M2    3138.76    -0.07925   75 0.82   78 0.15   70 0.03       0.91   2   2   3
  78  P     3151.75    -0.03095   80 0.91   74 0.05   76 0.03     -53.91   1   2   5
  79  P     3166.88    -0.01174   77 0.91   73 0.09   68 0.00      -4.11   1   2   2
  80  P     3171.24     0.02585   79 0.98   76 0.01   80 0.01      -5.26   1   1   3
  81  P     3581.37    -0.48711   81 1.00   70 0.00   75 0.00     -67.33   1   1   1
   
 *********************************************************** 
  
  AVERAGE MAX PROJECTION     0.670925    St Dev   0.212714
  AVERAGE FREQ DIFF        -19.209047    St Dev  67.510603
  AVERAGE ABS FREQ DIFF     32.236746    St Dev  43.715121
  AVERAGE ABS DISPLACE       0.256181    St Dev  20.440552
  SUM DISPL**2           33848.424212
  
 *********************************************************** 
  



                 ASSIGNMENTS AND ANALYSIS OF 2 WITH RESPECT TO 1
 STATE 2                              MODES STATE 1
IND DEF    FREQUENCY     SHIFT    I11 C11  I12 C12   I13 C13     FR(I11)  I90 I95 I99
   1  M2      32.31   181.04457    2 0.85    5 0.15   63 0.07     -10.97   2   2   2
   2  M3      49.85    16.95926    3 0.64    5 0.24    2 0.04      -6.17   3   4   6
   3  M3      68.15    55.48934    5 0.45    4 0.24    3 0.23     -46.67   3   4   4
   4  M3      75.49    23.57902    1 0.83    3 0.06    2 0.04      53.60   3   4   6
   5  M>3    141.71     8.30519    8 0.31    6 0.25    7 0.21     -18.63   4   5   6
   6  M>3    151.48   -13.75509    6 0.35    7 0.30   13 0.09      28.49   5   7   9
   7  M3     172.87    44.17137    8 0.36    7 0.31    9 0.26      12.54   3   4   4
   8  M>3    181.27   -31.45097    4 0.63    5 0.22    8 0.04      92.00   4   5   8
   9  M>3    209.36   -24.91200    9 0.69   11 0.09    8 0.07      23.21   6  10  15
  10  M3     232.47     1.51974   10 0.62    6 0.27   12 0.05      11.91   3   4   8
  11  M3     260.00    -2.60262   11 0.73   12 0.09    9 0.09       7.91   3   5   7
  12  M3     270.65     1.28430   13 0.83    6 0.04   10 0.04       1.79   3   7  13
  13  M2     280.49    -0.53027   12 0.77   11 0.14    7 0.03      18.13   2   4   8
  14  M2     329.75   -14.35073   14 0.72   15 0.21   18 0.01      13.03   2   3  10
  15  M3     338.07   -14.77103   15 0.49   16 0.33   14 0.10       1.86   3   5   9
  16  M>3    353.72    10.50349   16 0.58   15 0.19   14 0.10      14.74   4   6  20
  17  P      397.97    -2.01048   17 0.91   18 0.03   15 0.01      20.22   1   3  23
  18  M2     448.17   -20.63566   19 0.87   18 0.09   20 0.01      -0.77   2   2  15
  19  P      517.71    -3.87410   29 0.91   21 0.05   28 0.02    -238.27   1   2   5
  20  M3     542.61    -5.77463   18 0.44   21 0.41   19 0.07     133.62   3   6  16
  21  M>3    562.72     3.98400   21 0.46   18 0.25   20 0.10      10.30   5   8  23
  22  P      576.08    -6.05506   22 0.92   23 0.05   20 0.01      16.87   1   2  19
  23  M3     611.19     1.85142   23 0.49   20 0.38   18 0.04      22.25   3   5  17
  24  P      629.35     0.81518   25 0.93   24 0.01   23 0.01       5.21   1   3   7
  25  M>3    643.68    -4.17214   20 0.28   23 0.27   24 0.17     143.98   7   8  10
  26  M>3    661.37     2.08527   24 0.70   20 0.14   26 0.05      44.57   4   6  15
  27  M2     690.99     1.39223   26 0.85   20 0.06   23 0.02      13.85   2   4  81
  28  M2     717.01    -5.73196   27 0.89   23 0.02   28 0.02      15.47   2   8  81
  29  P      746.73     2.28115   28 0.94   29 0.02   27 0.01      -1.42   1   2   5
  30  M3     957.20    -0.48746   31 0.86   38 0.04   33 0.03      -0.74   3   4  10
  31  M3     976.48     0.19623   30 0.50   32 0.36   33 0.04     150.02   3   5   7
  32  M>3    995.44     6.13784   32 0.56   30 0.28   33 0.05       6.30   4   5  11
  33  M2    1002.68     5.75210   33 0.81   30 0.09   37 0.03       3.03   2   5  10
  34  M>3   1036.15     1.51204   38 0.45   34 0.19   37 0.13     -15.15   6  10  29
  35  M>3   1046.09    -0.17028   35 0.59   37 0.14   36 0.11      22.02   4   6  14
  36  M>3   1049.70    -3.31119   36 0.62   39 0.12   35 0.12      11.95   4   6  13
  37  M>3   1051.54    -0.88799   34 0.66   38 0.13   37 0.05      35.49   6   9  18
  38  M2    1067.16    -0.33535   39 0.77   36 0.13   41 0.02      10.28   2   5  11
  39  M3    1072.24    -0.38390   37 0.55   38 0.29   35 0.06      23.98   3   5  11
  40  M>3   1101.06    -2.62099   41 0.53   40 0.32   30 0.04       1.41   4   7  81
  41  M>3   1150.29    -0.61237   42 0.76   41 0.06   44 0.05     -11.61   4   6  12
  42  M2    1188.53    -3.69692   43 0.90   44 0.03   46 0.02      -6.87   2   4   8
  43  M>3   1257.69     0.51462   45 0.33   54 0.11   40 0.11     -46.90  14  20  81
  44  M>3   1265.20     0.68801   40 0.28   41 0.18   44 0.16     176.76   9  16  81
  45  M>3   1303.28     1.63196   47 0.64   46 0.13   45 0.10     -37.01   4   6  22
  46  M>3   1340.69    -1.40836   44 0.35   45 0.17   48 0.17      98.37   7  11  19
  47  M3    1369.56     0.11301   49 0.74   51 0.13   50 0.07     -23.54   3   5  81
  48  M>3   1397.49    -0.22575   50 0.63   48 0.07   54 0.07      -4.75   6  11  23
  49  M2    1407.61    -1.16558   51 0.79   49 0.15   48 0.02      -1.14   2   3   8
  50  M>3   1414.36     1.90276   50 0.25   48 0.18   54 0.17      12.12  10  14  25
  51  M3    1430.77     0.04245   52 0.74   53 0.16   54 0.03      -7.17   3   4  12
  52  M3    1433.63    -0.24512   53 0.74   54 0.11   52 0.09      -6.57   3   4  11
  53  M2    1467.43    -0.73888   55 0.85   54 0.06   48 0.02      10.36   2   5  13
  54  M3    1471.08     0.38436   56 0.76   58 0.10   57 0.06      -1.71   3   5  11
  55  M>3   1472.90    -1.10958   58 0.63   54 0.16   56 0.09      -3.38   4   5  10
  56  M>3   1477.20     1.18082   57 0.71   56 0.07   62 0.04       2.27   6  10  16
  57  M3    1479.58    -1.05523   59 0.83   57 0.06   46 0.04     -10.47   3   5  13
  58  M>3   1492.82    -0.06829   61 0.60   60 0.14   62 0.09      -6.42   6   9  15
  59  M>3   1496.20    -0.58862   60 0.54   62 0.09   58 0.07       2.38   8  12  19
  60  M>3   1504.58    -0.66843   62 0.32   48 0.14   60 0.07      -9.51  12  14  22
  61  M>3   1512.63     4.44532   46 0.65   47 0.08   59 0.07     177.39   7  12  81
  62  M>3   1525.23     1.09166   62 0.33   60 0.18   61 0.14      11.14   9  12  81
  63  M>3   1649.18    -6.96617   63 0.40   64 0.32   65 0.07      96.82   5   9  16
  64  M3    1691.64     9.54527   65 0.40   66 0.29   64 0.26      55.73   3   4   8
  65  M>3   1721.00     5.92646   63 0.38   65 0.31   48 0.07     168.63   6   9  17
  66  M>3   1752.93     6.41027   66 0.54   64 0.23   63 0.08      94.72   5   7  14
  67  P     2991.82     0.69032   67 0.98   68 0.02   30 0.00      94.74   1   1   2
  68  P     3064.87     0.06416   70 0.94   74 0.05   68 0.01       6.04   1   2   3
  69  M2    3073.82    -0.08021   69 0.65   72 0.34   78 0.00      20.95   2   2   4
  70  P     3074.16     0.06013   71 0.97   77 0.03   75 0.00      11.63   1   1   2
  71  M2    3075.36     0.17728   72 0.65   69 0.33   73 0.01      10.33   2   2   3
  72  P     3125.16    -0.37029   68 0.95   74 0.03   67 0.02     111.99   1   2   3
  73  M2    3127.28    -0.04877   74 0.83   79 0.09   70 0.06      -3.16   2   3   4
  74  P     3130.65     0.02273   73 0.91   78 0.05   76 0.02      19.18   1   2   4
  75  M2    3137.85     0.00378   77 0.82   75 0.16   71 0.02      -0.91   2   2   3
  76  P     3146.65    -0.02568   76 0.93   78 0.03   73 0.01      10.90   1   2   5
  77  P     3170.98    -0.02175   79 0.91   74 0.09   68 0.00       4.11   1   2   2
  78  M2    3172.37     0.03075   75 0.83   77 0.15   71 0.01      36.79   2   2   4
  79  P     3176.50    -0.00761   80 0.98   76 0.02   78 0.01       5.26   1   1   2
  80  P     3205.66     0.10742   78 0.91   73 0.06   76 0.01      53.91   1   2   4
  81  P     3648.70    -0.48567   81 1.00   71 0.00   75 0.00      67.33   1   1   1
   
 *********************************************************** 
  
  AVERAGE MAX PROJECTION     0.675540    St Dev   0.207815
  AVERAGE FREQ DIFF         22.345264    St Dev  51.269083
  AVERAGE ABS FREQ DIFF     35.182348    St Dev  49.635956
  AVERAGE ABS DISPLACE       2.783754    St Dev  22.605839
  SUM DISPL**2           42020.634168
  
 *********************************************************** 
  

 ADDITIONAL ANALYSIS ON DUSCHINSKY MATRIX
 ----------------------------------------
  Determinant:     0.8956

  ** A = GM·GMT **
  Det(A)     :     1.0000
  Trace(A)   :    81.0000
  Det(A-I)   :     0.0000
  Trace(A-I) :    -0.0000
 ----------------------------------------

   
   
 STATE1 MODES SORTED BY DECREASING DIMENSIONLESS SHIFT
   IND    MODE    FREQUENCY   DIMENSIONLESS SHIFT
     1       2      43.28195       0.18245E+01
     2       5     114.81980      -0.14467E+01
     3       4      89.26689      -0.13160E+01
     4       9     186.14236       0.12578E+01
     5       8     160.33535      -0.11507E+01
     6      63    1552.36733       0.96413E+00
     7      11     252.08834       0.94596E+00
     8       7     148.11931       0.88116E+00
     9      19     448.93762      -0.81869E+00
    10      14     316.71669      -0.56132E+00
    11      20     499.70565       0.54620E+00
    12       3      56.01805       0.48483E+00
    13      64    1595.34084       0.47916E+00
    14      30     826.45917      -0.47837E+00
    15      21     552.41558      -0.43660E+00
    16      65    1635.91738       0.42776E+00
    17      23     588.93722      -0.40951E+00
    18      13     268.86359       0.40663E+00
    19      46    1335.24378      -0.39514E+00
    20      12     262.35689      -0.38329E+00
    21      29     755.97896      -0.36627E+00
    22      33     999.65837      -0.35793E+00
    23      43    1195.40041       0.32692E+00
    24      66    1658.20824       0.25195E+00
    25      32     989.14869       0.24856E+00
    26      62    1514.09376       0.23787E+00
    27       1      21.88803      -0.23152E+00
    28       6     122.98900      -0.19873E+00
    29      27     701.53869       0.19818E+00
    30      35    1024.06528      -0.19705E+00
    31      60    1493.82209      -0.18642E+00
    32      17     377.75223      -0.18013E+00
    33      42    1161.89792      -0.17273E+00
    34      15     336.21111      -0.15380E+00
    35      56    1472.79752      -0.15086E+00
    36      61    1499.24786      -0.14493E+00
    37      22     559.20322      -0.13863E+00
    38      48    1361.88055       0.12822E+00
    39      58    1476.28811       0.10291E+00
    40      16     338.98313       0.94935E-01
    41      18     408.98989      -0.93328E-01
    42      39    1056.87677      -0.79697E-01
    43      45    1304.58973       0.79539E-01
    44      67    2897.07964      -0.77247E-01
    45      31     957.94118       0.74855E-01
    46      25     624.14148      -0.74442E-01
    47      53    1440.19860      -0.73187E-01
    48      34    1016.04572      -0.67655E-01
    49      24     616.80110       0.67532E-01
    50      59    1490.05107       0.63387E-01
    51      81    3581.37427      -0.62224E-01
    52      47    1340.28150       0.52092E-01
    53      54    1450.22039      -0.51664E-01
    54      57    1474.92620      -0.48414E-01
    55      50    1402.23930       0.42872E-01
    56      10     220.55834       0.41469E-01
    57      37    1048.25759      -0.38483E-01
    58      51    1408.74899       0.37364E-01
    59      44    1242.31989       0.34313E-01
    60      26     677.14083      -0.33255E-01
    61      28     748.14028      -0.32502E-01
    62      41    1099.64621       0.31607E-01
    63      68    3013.16911       0.28198E-01
    64      40    1088.43906       0.23884E-01
    65      69    3052.86170      -0.20756E-01
    66      38    1051.29656      -0.19778E-01
    67      52    1437.93888      -0.14780E-01
    68      36    1037.75203       0.13622E-01
    69      72    3065.03023      -0.13599E-01
    70      55    1457.07042       0.98162E-02
    71      77    3138.75810      -0.94769E-02
    72      74    3130.44247       0.87287E-02
    73      70    3058.82201      -0.72432E-02
    74      49    1393.10737      -0.60387E-02
    75      76    3135.75496       0.39826E-02
    76      78    3151.74776      -0.37095E-02
    77      80    3171.23675       0.31074E-02
    78      71    3062.53514       0.21341E-02
    79      79    3166.87570      -0.14097E-02
    80      75    3135.58024       0.10331E-02
    81      73    3111.46802       0.37861E-03
   
   
 MODES OF STATE1 IN ORDER OF DECREASING FR COUPL
 ESTIMATED BY THE MAGNITUDE OF THE  0-0 INTEGRAL FC(0,0)
 1D MODEL WITH THE MODE OF STATE2 WITH LARGEST PROJECTION
 ONLY FREQ CHANGE (NO DUSCHINSKY NO DISPLACEMENT). WE PRINT OUT 1/FC(0,0)
    IND   MODE1   FREQ        MODE2      FR           FR. SHIFT        1/FC(0,0)
     1     1    21.88803         4    75.49074       -53.60271         1.09444
     2     4    89.26689         8   181.26516       -91.99828         1.03120
     3     5   114.81980         3    68.14908        46.67072         1.01696
     4    29   755.97896        19   517.70693       238.27203         1.00895
     5     2    43.28195         1    32.31476        10.96719         1.00533
     6    18   408.98989        20   542.61340      -133.62351         1.00499
     7     6   122.98900         6   151.48263       -28.49364         1.00271
     8    20   499.70565        23   611.19034      -111.48469         1.00253
     9    30   826.45917        31   976.47807      -150.01890         1.00174
    10     7   148.11931         7   172.87243       -24.75312         1.00149
    11    46  1335.24378        61  1512.63172      -177.38794         1.00097
    12     9   186.14236         9   209.35555       -23.21319         1.00086
    13     3    56.01805         2    49.85242         6.16563         1.00085
    14    44  1242.31989        46  1340.69460       -98.37471         1.00036
    15     8   160.33535         7   172.87243       -12.53708         1.00035
    16    24   616.80110        26   661.37439       -44.57330         1.00030
    17    12   262.35689        13   280.48741       -18.13052         1.00028
    18    63  1552.36733        63  1649.18263       -96.81530         1.00023
    19    66  1658.20824        66  1752.92763       -94.71939         1.00019
    20    10   220.55834        10   232.46532       -11.90698         1.00017
    21    17   377.75223        17   397.97016       -20.21793         1.00017
    22    16   338.98313        16   353.71855       -14.73543         1.00011
    23    14   316.71669        14   329.74532       -13.02863         1.00010
    24    48  1361.88055        50  1414.35943       -52.47888         1.00009
    25    23   588.93722        23   611.19034       -22.25313         1.00009
    26    45  1304.58973        43  1257.69381        46.89592         1.00008
    27    68  3013.16911        72  3125.15676      -111.98765         1.00008
    28    34  1016.04572        37  1051.54051       -35.49478         1.00007
    29    65  1635.91738        64  1691.64340       -55.72602         1.00007
    30    64  1595.34084        63  1649.18263       -53.84179         1.00007
    31    67  2897.07964        67  2991.82126       -94.74162         1.00006
    32    11   252.08834        11   259.99914        -7.91079         1.00006
    33    22   559.20322        22   576.07808       -16.87485         1.00006
    34    47  1340.28150        45  1303.27517        37.00633         1.00005
    35    54  1450.22039        50  1414.35943        35.86096         1.00004
    36    37  1048.25759        39  1072.23968       -23.98208         1.00003
    37    27   701.53869        28   717.01051       -15.47182         1.00003
    38    35  1024.06528        35  1046.08771       -22.02243         1.00003
    39    26   677.14083        27   690.98739       -13.84656         1.00003
    40    81  3581.37427        81  3648.69945       -67.32518         1.00002
    41    21   552.41558        21   562.71509       -10.29952         1.00002
    42    49  1393.10737        47  1369.56245        23.54492         1.00002
    43    78  3151.74776        80  3205.65565       -53.90789         1.00002
    44    38  1051.29656        34  1036.14550        15.15106         1.00001
    45    75  3135.58024        78  3172.36731       -36.78706         1.00001
    46    40  1088.43906        40  1101.05873       -12.61968         1.00001
    47    36  1037.75203        36  1049.69883       -11.94680         1.00001
    48    42  1161.89792        41  1150.28717        11.61075         1.00001
    49    39  1056.87677        38  1067.15621       -10.27944         1.00001
    50    25   624.14148        24   629.34999        -5.20851         1.00000
    51    62  1514.09376        62  1525.23463       -11.14087         1.00000
    52    55  1457.07042        53  1467.42920       -10.35878         1.00000
    53    59  1490.05107        57  1479.58008        10.47099         1.00000
    54    69  3052.86170        69  3073.81552       -20.95382         1.00000
    55    13   268.86359        12   270.65409        -1.79050         1.00000
    56    32   989.14869        32   995.44405        -6.29536         1.00000
    57    73  3111.46802        74  3130.64603       -19.17801         1.00000
    58    43  1195.40041        42  1188.53127         6.86913         1.00000
    59    15   336.21111        15   338.06983        -1.85872         1.00000
    60    52  1437.93888        51  1430.77321         7.16567         1.00000
    61    53  1440.19860        52  1433.62792         6.57068         1.00000
    62    61  1499.24786        58  1492.82437         6.42349         1.00000
    63    71  3062.53514        70  3074.16062       -11.62548         1.00000
    64    76  3135.75496        76  3146.65164       -10.89668         1.00000
    65    50  1402.23930        48  1397.49173         4.74756         1.00000
    66    72  3065.03023        71  3075.35649       -10.32626         1.00000
    67    33   999.65837        33  1002.68416        -3.02579         1.00000
    68    58  1476.28811        55  1472.90328         3.38483         1.00000
    69    70  3058.82201        68  3064.86667        -6.04466         1.00000
    70    28   748.14028        29   746.72510         1.41518         1.00000
    71    19   448.93762        18   448.17112         0.76651         1.00000
    72    80  3171.23675        79  3176.49851        -5.26177         1.00000
    73    60  1493.82209        59  1496.20468        -2.38259         1.00000
    74    57  1474.92620        56  1477.19850        -2.27230         1.00000
    75    79  3166.87570        77  3170.98451        -4.10880         1.00000
    76    41  1099.64621        40  1101.05873        -1.41252         1.00000
    77    56  1472.79752        54  1471.08373         1.71379         1.00000
    78    74  3130.44247        73  3127.28405         3.15842         1.00000
    79    51  1408.74899        49  1407.61120         1.13779         1.00000
    80    31   957.94118        30   957.19727         0.74392         1.00000
    81    77  3138.75810        75  3137.84976         0.90834         1.00000
   
   
   
   
 STATE2 MODES SORTED BY DECREASING DIMENSIONLESS SHIFT
   IND    MODE    FREQUENCY   DIMENSIONLESS SHIFT
     1       1      32.31476       0.21968E+01
     2       7     172.87243       0.12397E+01
     3       3      68.14908       0.97779E+00
     4      18     448.17112      -0.93250E+00
     5       8     181.26516      -0.90386E+00
     6      64    1691.64340       0.83801E+00
     7       9     209.35555      -0.76941E+00
     8      63    1649.18263      -0.60386E+00
     9      15     338.06983      -0.57972E+00
    10      66    1752.92763       0.57288E+00
    11      14     329.74532      -0.55625E+00
    12      65    1720.99845       0.52480E+00
    13       4      75.49074       0.43730E+00
    14      16     353.71855       0.42167E+00
    15      32     995.44405       0.41336E+00
    16      33    1002.68416       0.38879E+00
    17      61    1512.63172       0.36904E+00
    18       6     151.48263      -0.36137E+00
    19      28     717.01051      -0.32762E+00
    20      22     576.07808      -0.31022E+00
    21      20     542.61340      -0.28713E+00
    22      42    1188.53127      -0.27205E+00
    23       2      49.85242       0.25560E+00
    24      36    1049.69883      -0.22899E+00
    25      25     643.68219      -0.22594E+00
    26       5     141.70921       0.21104E+00
    27      21     562.71509       0.20173E+00
    28      19     517.70693      -0.18816E+00
    29      40    1101.05873      -0.18564E+00
    30      50    1414.35943       0.15275E+00
    31      29     746.72510       0.13306E+00
    32      45    1303.27517       0.12576E+00
    33      26     661.37439       0.11447E+00
    34      46    1340.69460      -0.11007E+00
    35      34    1036.14550       0.10389E+00
    36      23     611.19034       0.97701E-01
    37      56    1477.19850       0.96875E-01
    38      49    1407.61120      -0.93345E-01
    39      62    1525.23463       0.91005E-01
    40      55    1472.90328      -0.90898E-01
    41      11     259.99914      -0.89579E-01
    42      57    1479.58008      -0.86641E-01
    43      17     397.97016      -0.85612E-01
    44      67    2991.82126       0.80599E-01
    45      27     690.98739       0.78118E-01
    46      81    3648.69945      -0.62621E-01
    47      37    1051.54051      -0.61465E-01
    48      53    1467.42920      -0.60417E-01
    49      60    1504.57888      -0.55344E-01
    50      44    1265.20309       0.52237E-01
    51      10     232.46532       0.49460E-01
    52      59    1496.20468      -0.48600E-01
    53      12     270.65409       0.45101E-01
    54      41    1150.28717      -0.44333E-01
    55      72    3125.15676      -0.44186E-01
    56      24     629.34999       0.43652E-01
    57      43    1257.69381       0.38957E-01
    58      30     957.19727      -0.32192E-01
    59      54    1471.08373       0.31468E-01
    60      39    1072.23968      -0.26833E-01
    61      38    1067.15621      -0.23384E-01
    62      71    3075.35649       0.20985E-01
    63      52    1433.62792      -0.19811E-01
    64      13     280.48741      -0.18957E-01
    65      48    1397.49173      -0.18014E-01
    66      31     976.47807       0.13089E-01
    67      80    3205.65565       0.12982E-01
    68      35    1046.08771      -0.11756E-01
    69      69    3073.81552      -0.94920E-02
    70      47    1369.56245       0.89271E-02
    71      68    3064.86667       0.75816E-02
    72      70    3074.16062       0.71165E-02
    73      73    3127.28405      -0.58222E-02
    74      58    1492.82437      -0.56321E-02
    75      78    3172.36731       0.36974E-02
    76      51    1430.77321       0.34272E-02
    77      76    3146.65164      -0.30751E-02
    78      74    3130.64603       0.27150E-02
    79      77    3170.98451      -0.26146E-02
    80      79    3176.49851      -0.91527E-03
    81      75    3137.84976       0.45150E-03
   
   
 MODES OF STATE2 IN ORDER OF DECREASING FR COUPL
 ESTIMATED BY THE MAGNITUDE OF THE  0-0 INTEGRAL FC(0,0)
 1D MODEL WITH THE MODE OF STATE1 WITH LARGEST PROJECTION
 ONLY FREQ CHANGE (NO DUSCHINSKY NO DISPLACEMENT). WE PRINT OUT 1/FC(0,0)
    IND   MODE2   FREQ        MODE1      FR           FR. SHIFT        1/FC(0,0)
     1     4    75.49074         1    21.88803        53.60271         1.09444
     2     8   181.26516         4    89.26689        91.99828         1.03120
     3     3    68.14908         5   114.81980       -46.67072         1.01696
     4    19   517.70693        29   755.97896      -238.27203         1.00895
     5     1    32.31476         2    43.28195       -10.96719         1.00533
     6    20   542.61340        18   408.98989       133.62351         1.00499
     7    25   643.68219        20   499.70565       143.97654         1.00400
     8     6   151.48263         6   122.98900        28.49364         1.00271
     9    31   976.47807        30   826.45917       150.01890         1.00174
    10    44  1265.20309        40  1088.43906       176.76403         1.00142
    11    61  1512.63172        46  1335.24378       177.38794         1.00097
    12     5   141.70921         8   160.33535       -18.62614         1.00095
    13     9   209.35555         9   186.14236        23.21319         1.00086
    14     2    49.85242         3    56.01805        -6.16563         1.00085
    15    65  1720.99845        63  1552.36733       168.63112         1.00066
    16    46  1340.69460        44  1242.31989        98.37471         1.00036
    17     7   172.87243         8   160.33535        12.53708         1.00035
    18    26   661.37439        24   616.80110        44.57330         1.00030
    19    13   280.48741        12   262.35689        18.13052         1.00028
    20    63  1649.18263        63  1552.36733        96.81530         1.00023
    21    66  1752.92763        66  1658.20824        94.71939         1.00019
    22    10   232.46532        10   220.55834        11.90698         1.00017
    23    17   397.97016        17   377.75223        20.21793         1.00017
    24    16   353.71855        16   338.98313        14.73543         1.00011
    25    14   329.74532        14   316.71669        13.02863         1.00010
    26    23   611.19034        23   588.93722        22.25313         1.00009
    27    43  1257.69381        45  1304.58973       -46.89592         1.00008
    28    72  3125.15676        68  3013.16911       111.98765         1.00008
    29    37  1051.54051        34  1016.04572        35.49478         1.00007
    30    64  1691.64340        65  1635.91738        55.72602         1.00007
    31    67  2991.82126        67  2897.07964        94.74162         1.00006
    32    11   259.99914        11   252.08834         7.91079         1.00006
    33    22   576.07808        22   559.20322        16.87485         1.00006
    34    45  1303.27517        47  1340.28150       -37.00633         1.00005
    35    39  1072.23968        37  1048.25759        23.98208         1.00003
    36    28   717.01051        27   701.53869        15.47182         1.00003
    37    35  1046.08771        35  1024.06528        22.02243         1.00003
    38    27   690.98739        26   677.14083        13.84656         1.00003
    39    81  3648.69945        81  3581.37427        67.32518         1.00002
    40    21   562.71509        21   552.41558        10.29952         1.00002
    41    47  1369.56245        49  1393.10737       -23.54492         1.00002
    42    80  3205.65565        78  3151.74776        53.90789         1.00002
    43    34  1036.14550        38  1051.29656       -15.15106         1.00001
    44    78  3172.36731        75  3135.58024        36.78706         1.00001
    45    36  1049.69883        36  1037.75203        11.94680         1.00001
    46    41  1150.28717        42  1161.89792       -11.61075         1.00001
    47    38  1067.15621        39  1056.87677        10.27944         1.00001
    48    50  1414.35943        50  1402.23930        12.12014         1.00000
    49    24   629.34999        25   624.14148         5.20851         1.00000
    50    62  1525.23463        62  1514.09376        11.14087         1.00000
    51    53  1467.42920        55  1457.07042        10.35878         1.00000
    52    57  1479.58008        59  1490.05107       -10.47099         1.00000
    53    69  3073.81552        69  3052.86170        20.95382         1.00000
    54    12   270.65409        13   268.86359         1.79050         1.00000
    55    32   995.44405        32   989.14869         6.29536         1.00000
    56    60  1504.57888        62  1514.09376        -9.51488         1.00000
    57    74  3130.64603        73  3111.46802        19.17801         1.00000
    58    42  1188.53127        43  1195.40041        -6.86913         1.00000
    59    15   338.06983        15   336.21111         1.85872         1.00000
    60    51  1430.77321        52  1437.93888        -7.16567         1.00000
    61    52  1433.62792        53  1440.19860        -6.57068         1.00000
    62    58  1492.82437        61  1499.24786        -6.42349         1.00000
    63    70  3074.16062        71  3062.53514        11.62548         1.00000
    64    76  3146.65164        76  3135.75496        10.89668         1.00000
    65    48  1397.49173        50  1402.23930        -4.74756         1.00000
    66    71  3075.35649        72  3065.03023        10.32626         1.00000
    67    33  1002.68416        33   999.65837         3.02579         1.00000
    68    55  1472.90328        58  1476.28811        -3.38483         1.00000
    69    68  3064.86667        70  3058.82201         6.04466         1.00000
    70    29   746.72510        28   748.14028        -1.41518         1.00000
    71    18   448.17112        19   448.93762        -0.76651         1.00000
    72    79  3176.49851        80  3171.23675         5.26177         1.00000
    73    59  1496.20468        60  1493.82209         2.38259         1.00000
    74    56  1477.19850        57  1474.92620         2.27230         1.00000
    75    77  3170.98451        79  3166.87570         4.10880         1.00000
    76    40  1101.05873        41  1099.64621         1.41252         1.00000
    77    54  1471.08373        56  1472.79752        -1.71379         1.00000
    78    73  3127.28405        74  3130.44247        -3.15842         1.00000
    79    49  1407.61120        51  1408.74899        -1.13779         1.00000
    80    30   957.19727        31   957.94118        -0.74392         1.00000
    81    75  3137.84976        77  3138.75810        -0.90834         1.00000
   
   
  
  
 DIMENSIONLESS SHIFTS 
   IND     STATE1       STATE2
     1    -0.23152E+00     0.21968E+01
     2     0.18245E+01     0.25560E+00
     3     0.48483E+00     0.97779E+00
     4    -0.13160E+01     0.43730E+00
     5    -0.14467E+01     0.21104E+00
     6    -0.19873E+00    -0.36137E+00
     7     0.88116E+00     0.12397E+01
     8    -0.11507E+01    -0.90386E+00
     9     0.12578E+01    -0.76941E+00
    10     0.41469E-01     0.49460E-01
    11     0.94596E+00    -0.89579E-01
    12    -0.38329E+00     0.45101E-01
    13     0.40663E+00    -0.18957E-01
    14    -0.56132E+00    -0.55625E+00
    15    -0.15380E+00    -0.57972E+00
    16     0.94935E-01     0.42167E+00
    17    -0.18013E+00    -0.85612E-01
    18    -0.93328E-01    -0.93250E+00
    19    -0.81869E+00    -0.18816E+00
    20     0.54620E+00    -0.28713E+00
    21    -0.43660E+00     0.20173E+00
    22    -0.13863E+00    -0.31022E+00
    23    -0.40951E+00     0.97701E-01
    24     0.67532E-01     0.43652E-01
    25    -0.74442E-01    -0.22594E+00
    26    -0.33255E-01     0.11447E+00
    27     0.19818E+00     0.78118E-01
    28    -0.32502E-01    -0.32762E+00
    29    -0.36627E+00     0.13306E+00
    30    -0.47837E+00    -0.32192E-01
    31     0.74855E-01     0.13089E-01
    32     0.24856E+00     0.41336E+00
    33    -0.35793E+00     0.38879E+00
    34    -0.67655E-01     0.10389E+00
    35    -0.19705E+00    -0.11756E-01
    36     0.13622E-01    -0.22899E+00
    37    -0.38483E-01    -0.61465E-01
    38    -0.19778E-01    -0.23384E-01
    39    -0.79697E-01    -0.26833E-01
    40     0.23884E-01    -0.18564E+00
    41     0.31607E-01    -0.44333E-01
    42    -0.17273E+00    -0.27205E+00
    43     0.32692E+00     0.38957E-01
    44     0.34313E-01     0.52237E-01
    45     0.79539E-01     0.12576E+00
    46    -0.39514E+00    -0.11007E+00
    47     0.52092E-01     0.89271E-02
    48     0.12822E+00    -0.18014E-01
    49    -0.60387E-02    -0.93345E-01
    50     0.42872E-01     0.15275E+00
    51     0.37364E-01     0.34272E-02
    52    -0.14780E-01    -0.19811E-01
    53    -0.73187E-01    -0.60417E-01
    54    -0.51664E-01     0.31468E-01
    55     0.98162E-02    -0.90898E-01
    56    -0.15086E+00     0.96875E-01
    57    -0.48414E-01    -0.86641E-01
    58     0.10291E+00    -0.56321E-02
    59     0.63387E-01    -0.48600E-01
    60    -0.18642E+00    -0.55344E-01
    61    -0.14493E+00     0.36904E+00
    62     0.23787E+00     0.91005E-01
    63     0.96413E+00    -0.60386E+00
    64     0.47916E+00     0.83801E+00
    65     0.42776E+00     0.52480E+00
    66     0.25195E+00     0.57288E+00
    67    -0.77247E-01     0.80599E-01
    68     0.28198E-01     0.75816E-02
    69    -0.20756E-01    -0.94920E-02
    70    -0.72432E-02     0.71165E-02
    71     0.21341E-02     0.20985E-01
    72    -0.13599E-01    -0.44186E-01
    73     0.37861E-03    -0.58222E-02
    74     0.87287E-02     0.27150E-02
    75     0.10331E-02     0.45150E-03
    76     0.39826E-02    -0.30751E-02
    77    -0.94769E-02    -0.26146E-02
    78    -0.37095E-02     0.36974E-02
    79    -0.14097E-02    -0.91527E-03
    80     0.31074E-02     0.12982E-01
    81    -0.62224E-01    -0.62621E-01
  SUM SQUARED DIMENSIONLESS DISPL STATE1       16.6719
  SUM SQUARED DIMENSIONLESS DISPL STATE2       13.7647
  VALUE STATE1 GROUND VIB WAVEFUN AT GEO2       0.0002
  VALUE STATE2 GROUND VIB WAVEFUN AT GEO1       0.0010
  VALUE STATE1 GROUND VIB WAVEFUN AT (GEO1+GEO2)/2      0.1244
  VALUE STATE2 GROUND VIB WAVEFUN AT (GEO1+GEO2)/2      0.1790

 Printing Duschinski matrix to 'duschinsky.dat'


 Printing Shift vector to 'displacement.dat'


NOTE: DE derived from state files:   3.150 (eV)                                                           
 


 ===========================
  REORGANIZATION ENERGY
 ===========================
     0.012586  (Hartree)
     0.342490  (eV)



 ===============================
  ZERO-POINT ENERGY CORRECTIONS 
 ===============================


                    ZERO POINT ENERGY (CM-1)
    E01=     52680.42    E02=     53622.14


                    0-0 ENERGY DIFFERENCE
       3.03348 eV


                    ADIABATIC ENERGY (DIFFERENCE BETWEEN En AT MINIMA) 
       3.15024 eV


 An Internal Conversion Rate will be computed


 =====================================

  NON ADIABATIC COUPLING (NAC) VECTOR 

 =====================================
 Model for NAC expansion: ICi
 NAC in Cartessian coordinates (from input), (au)
  Atom       d/dx        d/dy        d/dz  
 ---------------------------------------------
   1     -0.070858    0.218326    0.010252
   2     -0.246318   -0.005928   -0.003076
   3     -0.705150   -0.217788   -0.055884
   4     -0.010229   -0.003661    0.004254
   5     -0.138459   -0.510829   -0.001546
   6      0.390473   -0.206193    0.024414
   7      0.172343    0.368249    0.003002
   8      0.301918    0.224729    0.015347
   9      0.076229    0.017424    0.036834
  10      0.029137    0.020014    0.003965
  11      0.076508    0.039985    0.015927
  12     -0.396204    0.279158   -0.102631
  13      0.321602   -0.214977    0.021750
  14      0.016313    0.020885   -0.001557
  15      0.004480    0.002177    0.001086
  16      0.009634   -0.011552    0.006938
  17      0.010865   -0.012885   -0.003894
  18      0.012688   -0.006835    0.005075
  19      0.000037   -0.004279   -0.003013
  20      0.005031   -0.008996   -0.004933
  21      0.002445   -0.007656    0.002980
  22     -0.023511   -0.032890    0.026742
  23     -0.015548   -0.003157   -0.005752
  24     -0.005592   -0.001152   -0.005052
  25     -0.000652    0.000378   -0.005225
  26      0.018263   -0.010712    0.007660
  27      0.000929    0.014611    0.002165
  28      0.003254    0.011013   -0.003838
  29      0.002748    0.001451   -0.004481
 
 NAC in internal coordinates, (au)
  S       d/dS1     
 -------------------
   1     -0.034838
   2      0.127592
   3     -0.034046
   4      0.015440
   5      0.074086
   6     -0.031848
   7      0.019546
   8     -0.188060
   9      0.138940
  10     -0.056933
  11      0.054046
  12     -0.135127
  13      0.014959
  14     -0.098012
  15      0.272891
  16     -0.202223
  17     -0.063469
  18      0.208209
  19     -0.030320
  20     -0.000881
  21      0.032269
  22      0.030398
  23     -0.117234
  24     -0.011642
  25      0.174402
  26     -0.157153
  27      0.269257
  28     -0.017237
  29     -0.045128
  30      0.380074
  31      0.126965
  32     -0.055505
  33      0.005967
  34      0.043377
  35      0.081522
  36     -0.044199
  37     -0.085548
  38      0.072167
  39      0.342165
  40      0.091308
  41     -0.046860
  42      0.007429
  43     -0.013411
  44      0.012743
  45      0.000588
  46      0.002422
  47     -0.003951
  48     -0.004977
  49     -0.001335
  50     -0.032905
  51      0.021707
  52      0.091962
  53     -0.003098
  54     -0.007064
  55      0.000013
  56      0.001354
  57      0.001046
  58      0.004139
  59     -0.000956
  60     -0.000240
  61      0.000975
  62      0.007520
  63     -0.003933
  64      0.008448
  65      0.008390
  66     -0.008628
  67     -0.009974
  68     -0.001780
  69      0.010556
  70     -0.002198
  71      0.009354
  72      0.000292
  73     -0.001255
  74      0.001487
  75      0.001430
  76     -0.000975
  77      0.003047
  78     -0.000810
  79     -0.004424
  80      0.007662
  81     -0.000712
 
 NAC in State 1 normal mode coordinates (au)
  Mode    d/dQ1     
 -------------------
   1     -0.000074
   2      0.000017
   3     -0.000156
   4      0.000139
   5      0.000058
   6      0.000003
   7     -0.000010
   8      0.000014
   9      0.000115
  10     -0.000027
  11     -0.000123
  12      0.000294
  13      0.000320
  14     -0.000064
  15      0.000192
  16      0.000007
  17      0.000230
  18      0.000009
  19     -0.000441
  20     -0.000126
  21      0.000560
  22      0.000207
  23     -0.000072
  24      0.000221
  25     -0.000921
  26     -0.000070
  27      0.000099
  28     -0.000287
  29     -0.000138
  30      0.000234
  31     -0.000160
  32      0.000119
  33      0.000287
  34      0.000286
  35     -0.001031
  36      0.000151
  37      0.001592
  38      0.002727
  39      0.000476
  40      0.000960
  41      0.000413
  42      0.000790
  43      0.000369
  44      0.000494
  45     -0.002472
  46     -0.001294
  47     -0.000793
  48     -0.003597
  49      0.000742
  50     -0.000313
  51     -0.000544
  52     -0.000162
  53      0.001014
  54      0.004090
  55      0.000221
  56     -0.000028
  57     -0.000408
  58     -0.002049
  59     -0.000524
  60     -0.000034
  61     -0.001887
  62     -0.001930
  63     -0.000551
  64      0.000107
  65      0.003343
  66     -0.002436
  67     -0.000226
  68      0.000222
  69      0.000156
  70      0.000187
  71      0.000057
  72     -0.000036
  73     -0.000008
  74      0.000090
  75     -0.000089
  76      0.000085
  77     -0.000049
  78      0.000024
  79     -0.000010
  80     -0.000043
  81     -0.000038
 
 NAC in State 2 normal mode coordinates (au)
  Mode    d/dQ2     
 -------------------
   1     -0.000011
   2      0.000108
   3      0.000208
   4      0.000123
   5     -0.000018
   6      0.000129
   7     -0.000030
   8     -0.000002
   9      0.000082
  10     -0.000162
  11      0.000155
  12      0.000204
  13      0.000273
  14      0.000196
  15      0.000077
  16      0.000231
  17     -0.000124
  18      0.000422
  19      0.000021
  20     -0.000473
  21      0.000111
  22     -0.000131
  23      0.000260
  24      0.001195
  25      0.000111
  26      0.000020
  27      0.000004
  28     -0.000031
  29      0.000627
  30      0.001856
  31      0.000533
  32      0.000002
  33     -0.000712
  34      0.003475
  35      0.000120
  36     -0.000425
  37      0.001077
  38      0.000456
  39      0.000319
  40     -0.000355
  41      0.000087
  42     -0.000163
  43      0.005426
  44     -0.001376
  45      0.000091
  46     -0.000240
  47      0.000906
  48     -0.000421
  49     -0.000617
  50      0.000349
  51     -0.000559
  52     -0.000557
  53     -0.001033
  54      0.000181
  55     -0.000038
  56     -0.001070
  57      0.000004
  58      0.001612
  59      0.001692
  60     -0.003608
  61      0.000913
  62      0.001671
  63     -0.002153
  64     -0.001282
  65     -0.000052
  66     -0.000338
  67     -0.000238
  68     -0.000199
  69     -0.000163
  70     -0.000074
  71      0.000060
  72      0.000146
  73      0.000082
  74      0.000038
  75      0.000082
  76      0.000075
  77     -0.000017
  78     -0.000066
  79      0.000035
  80      0.000010
  81      0.000038
 

NOTE: Spectra resolution set to:  0.00100                                                                 
 

NOTE: Initial energy of exported spectrum (en0) estimated:   0.0000                                       
 

NOTE: Final energy of exported spectrum (enfin) estimated:   4.1873                                       
 

NOTE: To ensure exact match of TI and TD results, final spectral range reset to:    0.0000-               
           4.1870(eV)                                                                                     
 

 ----------------------------------------
 Refined spectral range for simulations: 
  nene       =      4188
  From E(eV) =    0.0000
  To   E(eV) =    4.1870
 
  Ead (eV)   =       3.1502
  E00 (eV)   =       3.0335
 
 Related time-domain parameters
 (with extended range):
  ntime        =         3595
  dt           =       0.5752
  tfin         =    2067.5461
  dE_extra(eV) =       1.5010
 ----------------------------------------


NOTE: Classic spectra only available for OPA/EMI                                                          
 

NOTE: To ensure exact match of TI and TD results, final spectral range reset to:    0.0000-               
           4.1870(eV)                                                                                     
 


 ____________________________________________
  ============================================
  PROGRAM: td_icrate
   Compute vibronic spectra with a harmonic 
   TD formulation                           
 ____________________________________________
  ============================================
 
 SUMMARY OF CALCULATION OPTIONS
 -------------------------------
 Adiabatic Energy (eV)  :   3.1502

 Tipe of transition     : EMI

 Numerical evaluation of xi(t)
         Total time (fs):  2067.546
         Nr data points : 3595
         Time step (fs) :  0.575    

 Broad. function        : LOR  
 Broad. exponent        :    3.675E-04
 Broad. order           : 1
 -------------------------------

 Computing correlation functions over 3595 points


NOTE: 2x2 block arrises in zsytrf(D)                                                                      
 

NOTE: 2x2 block arrises in zsytrf(D)                                                                      
 

NOTE: 2x2 block arrises in zsytrf(D)                                                                      
 

NOTE: 2x2 block arrises in zsytrf(D)                                                                      
 

NOTE: 2x2 block arrises in zsytrf(D)                                                                      
 

NOTE: 2x2 block arrises in zsytrf(D)                                                                      
 

NOTE: 2x2 block arrises in zsytrf(D)                                                                      
 

NOTE: 2x2 block arrises in zsytrf(D)                                                                      
 

NOTE: 2x2 block arrises in zsytrf(D)                                                                      
 

NOTE: 2x2 block arrises in zsytrf(D)                                                                      
 

NOTE: 2x2 block arrises in zsytrf(D)                                                                      
 

NOTE: 2x2 block arrises in zsytrf(D)                                                                      
 

NOTE: 2x2 block arrises in zsytrf(D)                                                                      
 

NOTE: 2x2 block arrises in zsytrf(D)                                                                      
 

NOTE: 2x2 block arrises in zsytrf(D)                                                                      
 

NOTE: 2x2 block arrises in zsytrf(D)                                                                      
 

NOTE: 2x2 block arrises in zsytrf(D)                                                                      
 

NOTE: 2x2 block arrises in zsytrf(D)                                                                      
 

NOTE: 2x2 block arrises in zsytrf(D)                                                                      
 

NOTE: 2x2 block arrises in zsytrf(D)                                                                      
 

NOTE: 2x2 block arrises in zsytrf(D)                                                                      
 

NOTE: 2x2 block arrises in zsytrf(D)                                                                      
 

NOTE: 2x2 block arrises in zsytrf(D)                                                                      
 

NOTE: 2x2 block arrises in zsytrf(D)                                                                      
 

NOTE: 2x2 block arrises in zsytrf(D)                                                                      
 

NOTE: 2x2 block arrises in zsytrf(D)                                                                      
 

NOTE: 2x2 block arrises in zsytrf(D)                                                                      
 

NOTE: 2x2 block arrises in zsytrf(D)                                                                      
 

NOTE: 2x2 block arrises in zsytrf(D)                                                                      
 

NOTE: 2x2 block arrises in zsytrf(D)                                                                      
 

NOTE: 2x2 block arrises in zsytrf(D)                                                                      
 

NOTE: 2x2 block arrises in zsytrf(D)                                                                      
 

NOTE: 2x2 block arrises in zsytrf(D)                                                                      
 

NOTE: 2x2 block arrises in zsytrf(D)                                                                      
 

NOTE: 2x2 block arrises in zsytrf(D)                                                                      
 

NOTE: 2x2 block arrises in zsytrf(D)                                                                      
 

NOTE: 2x2 block arrises in zsytrf(D)                                                                      
 

NOTE: 2x2 block arrises in zsytrf(D)                                                                      
 

 Entering in dft_calc subroutine (not FFT)
 Ndata7190
 tini and tfin -2067.546    2067.546

 df  2.417989460082602E-004
 dt  0.575197124348562     
 =========== tdspectra finished ===========  
 Timing...
  CPU (s) for tdspectra :       8.724
 ==========================================
                                           
 
 ========================================================
 IC rate constant (s-1)  4.504E+09
 (for Ead =     3.150 eV)
 ========================================================
 
 
 Integral knr vs Ead (au)
 -------------------------------------------
 From calculation    = 1.7095E-06
 Analytical value    = 1.7192E-06
 ····································
 Ratio               = 0.9943    
 
 



===============================

 SUMMARY OF NOTES AND WARNINGS

===============================
 ---------------------------------
 51 notes raised along the run
 Look for NOTE in the output
 ---------------------------------

 
 ****************** FCclasses finished *******************
 Timing...   
  CPU (s)       8.858
 *********************************************************
 
