 
                                                    \ /               
                                              ..-'''-*-               
                                              \.-'''\ \               
      _____ _____      _                             | |              
     |  ___/  __ \    | |                         __/ /               
     | |_  | /  \/ ___| | __ _ ___ ___  ___  ___ |_  '.               
     |  _| | |    / __| |/ _` / __/ __|/ _ \/ __|   `.  \             
     | |   | \__/\ (__| | (_| \__ \__ \  __/\__ \     \ '.            
     \_|    \____/\___|_|\__,_|___/___/\___||___/      , |            
                                                       | |            
                                                      / ,'            
                                              -....--'  /             
                                              `.. __..-'              
                                                                      
 ********************************************************* 
   FCCLASSES3:                                             
   A code for vibronic simulations                         
                                                           
                                                           
 ********************************************************* 


 GIT VERSION INFO
  Commit id  : v3.0.4-0-gc73a9b5
  Commit date: 2024-08-01 12:00:32 +0200

 CURRENT RUN INFO
  Date&Time  : 2026-03-10, 13:49:29
  Input file : fcc.inp
  Input type : NEW



 INPUT OPTIONS:
-------------------------------
$$$
;GENERAL OPTIONS:
; NAT        = (read from structure files)
; NVIB       = (determined vibrational analysis)
PROPERTY     =   IC    
MODEL        =   AH   
NAC_REF      =   ICi  
TEMP         =   298.15
DE           =  (read)
BROADFUN     =   LOR  
HWHM         =   0.0100
RESOL        =   0.0010  ; (default: HWHM/10)
METHOD       =   TD   
ROT          =   2
SPCMIN       =  (estimated)
SPCMAX       =  (estimated)
;VIBRATIONAL ANALYSIS
NORMALMODES  =   COMPUTE  
RM_COORD     =   NONE    
COORDS       =   INTERNAL   
RED2NONRED   =   REIMERS
IC_FORM      =   ALL    
FORCE_REAL   =   NO   
;INPUT DATA FILES
STATE1_FILE  =   S1.fcc
STATE2_FILE  =   S0.fcc
MASS_FILE    =   
ELDIP_FILE   =   
MAGDIP_FILE  =   
NAC_FILE     =   nac_S1_fchk
NRCOUP_FILE  =   
HESS1_FILE   =   S1.fcc
HESS2_FILE   =   S0.fcc
GRAD1_FILE   =   S1.fcc
GRAD2_COORD  =   CARTESIAN
GRAD2_FILE   =   S0.fcc
NAC_COORD  =   CARTESIAN
;VERBOSE LEVEL
VERBOSE      =   1
  
-------------------------------



 ==> State 1 <==

 Geometry file: S1.fcc


 Energy file: S1.fcc
 Gradient file: S1.fcc

NOTE: The calculation for this State will assume stationary point since the gradient is                   
      small (maximum atomic gradient:   0.000041 a.u.)                                                    
 
 Hessian file: S1.fcc



 ---------------------------------------
  Check effect of symmetry operations
  on Hessian elements (or gs^t\beta)
 ---------------------------------------

 Using input geometry instead of rotating to principal axis of intertia to detect symmetry


NOTE: Cannot determine symmetry. Set to C1 (no symmetric atoms)                                           
 
 
 ---------------------------------------



 =========================
  ANALYSIS OF DOFs
 =========================

 => STATE 1 <=
 Geometry (Angstroms)
 29    # Nr. of atoms
   Atom       X         Y         Z      Mass
O          1.2615    9.8371    1.2933   15.9949
O         -4.7745    9.7274   -0.4491   15.9949
N         -2.1202   12.9138    0.2747   14.0031
H         -2.4286   13.8758    0.2032    1.0078
C         -2.6998   10.6310    0.2068   12.0000
C         -0.8010   12.7424    0.5653   12.0000
C         -3.0771   11.9822    0.0765   12.0000
C         -3.6154    9.5408   -0.0499   12.0000
C         -1.3180   10.3236    0.6196   12.0000
H         -1.3374    9.8513    1.6216    1.0078
H         -0.9044    9.5065    0.0154    1.0078
C         -0.3369   11.4239    0.6857   12.0000
C          1.0297   10.9992    0.9207   12.0000
C         -4.4394   12.5051   -0.2333   12.0000
H         -4.4483   13.5945   -0.1840    1.0078
H         -4.7659   12.1994   -1.2260    1.0078
H         -5.1758   12.1183    0.4690    1.0078
C         -3.1341    8.1191    0.1366   12.0000
H         -4.0041    7.4756    0.2450    1.0078
H         -2.5795    7.7924   -0.7472    1.0078
H         -2.4839    7.9886    0.9996    1.0078
C          2.2044   11.9156    0.6790   12.0000
H          2.0302   12.6410   -0.1109    1.0078
H          2.4621   12.4592    1.5909    1.0078
H          3.0582   11.2954    0.4124    1.0078
C         -0.0306   14.0067    0.7638   12.0000
H          0.6552   13.9234    1.6037    1.0078
H          0.5529   14.2832   -0.1168    1.0078
H         -0.7084   14.8336    0.9768    1.0078
 

 ------------------------------------------------
   INERTIA TENSOR (to be multiplied by 10**5)
 ------------------------------------------------

             1           2           3
  
    1    10.30703    -3.01882    -3.39531
    2    -3.01882    17.83677    -0.40295
    3    -3.39531    -0.40295    26.24374
 ------------------------------------------------


 ------------------------------------------------
   ROTATIONAL CONSTANTS (AND ROTATION MATRIX)
 ------------------------------------------------

 ROOT NO.    1           2           3

    ************************************
  
    1     0.93128     0.31293     0.18649
    2     0.30170    -0.94946     0.08660
    3    -0.20417     0.02438     0.97863
 ------------------------------------------------

  Rotational constants (GHz)
     1.06964     0.48917     0.34194
  Rotational temperatures (K)
     0.05133     0.02348     0.01641


 -------------------
  DOF   Dimension
 -------------------
  Vib    81
  Rot    3
  Tra    3
 -------------------



 =========================
  GENERATE INTERNAL SETS
 =========================

 => STATE 1 <=

NOTE: Cannot determine symmetry. Set to C1 (no symmetric atoms)                                           
 
 

 -----------------------------------------------------------------
 COMPUTING INTERNAL SET TO DEFINE THE VIBRATIONAL SPACE
 -----------------------------------------------------------------

 ----------------------------------------------------------
  Summary of valence internal coordianate set
   Type      = ALL
   Ns        = 140
   Nic(orig) = 140
   Nbonds    = 29
   Nangles   = 51
   Ndiheds   = 60
   Nimprop   = 0
 ----------------------------------------------------------

 
 ------------------------------------------------------
   n   Coeff  type  label                 Value
 ------------------------------------------------------
   1   1.000   b    O1-C13                1.2422
   2   1.000   b    O2-C8                 1.2401
   3   1.000   b    N3-H4                 1.0127
   4   1.000   b    N3-C6                 1.3616
   5   1.000   b    N3-C7                 1.3501
   6   1.000   b    C5-C7                 1.4089
   7   1.000   b    C5-C8                 1.4466
   8   1.000   b    C5-C9                 1.4745
   9   1.000   b    C6-C12                1.4030
  10   1.000   b    C6-C26                1.4938
  11   1.000   b    C7-C14                1.4918
  12   1.000   b    C8-C18                1.5125
  13   1.000   b    C9-H10                1.1078
  14   1.000   b    C9-H11                1.0972
  15   1.000   b    C9-C12                1.4757
  16   1.000   b    C12-C13               1.4502
  17   1.000   b    C13-C22               1.5093
  18   1.000   b    C14-H15               1.0905
  19   1.000   b    C14-H16               1.0888
  20   1.000   b    C14-H17               1.0887
  21   1.000   b    C18-H19               1.0876
  22   1.000   b    C18-H20               1.0933
  23   1.000   b    C18-H21               1.0883
  24   1.000   b    C22-H23               1.0866
  25   1.000   b    C22-H24               1.0924
  26   1.000   b    C22-H25               1.0885
  27   1.000   b    C26-H27               1.0875
  28   1.000   b    C26-H28               1.0920
  29   1.000   b    C26-H29               1.0902
  30   1.000   a    O1-C13-C12           119.896
  31   1.000   a    O1-C13-C22           118.086
  32   1.000   a    O2-C8-C5             122.368
  33   1.000   a    O2-C8-C18            118.590
  34   1.000   a    N3-C6-C12            117.196
  35   1.000   a    N3-C6-C26            114.930
  36   1.000   a    N3-C7-C5             117.282
  37   1.000   a    N3-C7-C14            115.840
  38   1.000   a    H4-N3-C6             115.444
  39   1.000   a    H4-N3-C7             115.418
  40   1.000   a    C5-C7-C14            126.866
  41   1.000   a    C5-C8-C18            119.019
  42   1.000   a    C5-C9-H10            109.011
  43   1.000   a    C5-C9-H11            110.755
  44   1.000   a    C5-C9-C12            118.692
  45   1.000   a    C6-N3-C7             129.136
  46   1.000   a    C6-C12-C9            118.489
  47   1.000   a    C6-C12-C13           126.928
  48   1.000   a    C6-C26-H27           111.289
  49   1.000   a    C6-C26-H28           112.496
  50   1.000   a    C6-C26-H29           110.319
  51   1.000   a    C7-C5-C8             122.471
  52   1.000   a    C7-C5-C9             118.475
  53   1.000   a    C7-C14-H15           110.379
  54   1.000   a    C7-C14-H16           111.391
  55   1.000   a    C7-C14-H17           111.047
  56   1.000   a    C8-C5-C9             119.054
  57   1.000   a    C8-C18-H19           108.292
  58   1.000   a    C8-C18-H20           110.038
  59   1.000   a    C8-C18-H21           113.614
  60   1.000   a    C9-C12-C13           114.546
  61   1.000   a    H10-C9-H11           100.784
  62   1.000   a    H10-C9-C12           106.797
  63   1.000   a    H11-C9-C12           109.227
  64   1.000   a    C12-C6-C26           127.838
  65   1.000   a    C12-C13-C22          121.982
  66   1.000   a    C13-C22-H23          113.388
  67   1.000   a    C13-C22-H24          110.615
  68   1.000   a    C13-C22-H25          107.687
  69   1.000   a    H15-C14-H16          108.623
  70   1.000   a    H15-C14-H17          108.679
  71   1.000   a    H16-C14-H17          106.595
  72   1.000   a    H19-C18-H20          108.026
  73   1.000   a    H19-C18-H21          109.146
  74   1.000   a    H20-C18-H21          107.588
  75   1.000   a    H23-C22-H24          108.208
  76   1.000   a    H23-C22-H25          109.152
  77   1.000   a    H24-C22-H25          107.635
  78   1.000   a    H27-C26-H28          107.773
  79   1.000   a    H27-C26-H29          107.418
  80   1.000   a    H28-C26-H29          107.324
  81   1.000   d    H4-N3-C6-C12         179.403
  82   1.000   d    H4-N3-C6-C26           1.412
  83   1.000   d    C7-N3-C6-C12          -0.145
  84   1.000   d    C7-N3-C6-C26        -178.136
  85   1.000   d    C6-N3-C7-C5            1.418
  86   1.000   d    C6-N3-C7-C14        -179.766
  87   1.000   d    H4-N3-C7-C5         -178.130
  88   1.000   d    H4-N3-C7-C14           0.686
  89   1.000   d    C8-C5-C7-N3         -176.663
  90   1.000   d    C8-C5-C7-C14           4.669
  91   1.000   d    C9-C5-C7-N3            3.290
  92   1.000   d    C9-C5-C7-C14        -175.379
  93   1.000   d    C7-C5-C8-O2            2.775
  94   1.000   d    C7-C5-C8-C18        -178.987
  95   1.000   d    C9-C5-C8-O2         -177.177
  96   1.000   d    C9-C5-C8-C18           1.061
  97   1.000   d    C8-C5-C9-H11          43.549
  98   1.000   d    C8-C5-C9-C12         171.056
  99   1.000   d    C7-C5-C9-H10         113.583
 100   1.000   d    C7-C5-C9-H11        -136.405
 101   1.000   d    C7-C5-C9-C12          -8.897
 102   1.000   d    C8-C5-C9-H10         -66.463
 103   1.000   d    N3-C6-C12-C9          -5.719
 104   1.000   d    N3-C6-C12-C13        176.639
 105   1.000   d    C26-C6-C12-C9        171.974
 106   1.000   d    C26-C6-C12-C13        -5.668
 107   1.000   d    N3-C6-C26-H29         19.319
 108   1.000   d    C12-C6-C26-H27       -39.283
 109   1.000   d    C12-C6-C26-H28        81.778
 110   1.000   d    C12-C6-C26-H29      -158.418
 111   1.000   d    N3-C6-C26-H27        138.454
 112   1.000   d    N3-C6-C26-H28       -100.485
 113   1.000   d    N3-C7-C14-H15         -3.701
 114   1.000   d    N3-C7-C14-H16        117.056
 115   1.000   d    N3-C7-C14-H17       -124.299
 116   1.000   d    C5-C7-C14-H15        174.984
 117   1.000   d    C5-C7-C14-H16        -64.260
 118   1.000   d    C5-C7-C14-H17         54.386
 119   1.000   d    O2-C8-C18-H19        -21.269
 120   1.000   d    O2-C8-C18-H20         96.603
 121   1.000   d    C5-C8-C18-H19        160.426
 122   1.000   d    O2-C8-C18-H21       -142.702
 123   1.000   d    C5-C8-C18-H20        -81.703
 124   1.000   d    C5-C8-C18-H21         38.992
 125   1.000   d    H10-C9-C12-C6       -113.435
 126   1.000   d    H10-C9-C12-C13        64.492
 127   1.000   d    H11-C9-C12-C6        138.368
 128   1.000   d    H11-C9-C12-C13       -43.704
 129   1.000   d    C5-C9-C12-C6          10.145
 130   1.000   d    C5-C9-C12-C13       -171.927
 131   1.000   d    C9-C12-C13-O1        -13.404
 132   1.000   d    C9-C12-C13-C22       164.353
 133   1.000   d    C6-C12-C13-O1        164.317
 134   1.000   d    C6-C12-C13-C22       -17.926
 135   1.000   d    O1-C13-C22-H23       147.862
 136   1.000   d    C12-C13-C22-H23      -29.934
 137   1.000   d    C12-C13-C22-H24       91.829
 138   1.000   d    C12-C13-C22-H25     -150.804
 139   1.000   d    O1-C13-C22-H24       -90.374
 140   1.000   d    O1-C13-C22-H25        26.992
 ------------------------------------------------------
  b: Angstroms | a,d: degrees
 


 ========================================== 
  SUBROUTINE: WILSON_B
   Compute matrix the Wilson B matrix       
   elements for bonds, angles, dihedrals    
   and impropre dihedrals.                  
                                            
  References:                               
   Wilson,Decius&Cross, Molcular Vibrations 
 ========================================== 
 

BONDS   29

ANGLES   51

DIHEDRALS   60

IMPROPERS    0




 ========================================== 
  SUBROUTINE: redundant2nonredundant
   Get a non-redundant set from a redundant 
   one from the non-zero eigenvalues of the 
   G matrix                  
                                            
  References:                               
   Reimers, J Chem Phys, 115, 6130 (2011)   
 ========================================== 
 
 Internal-space dimension: 81



 ================================
  VIBRATIONAL ANALYSIS ON STATE1
 ================================

 -------------------------
   F MATRIX (diagonal)
 -------------------------
     1     0.44772
     2     0.52724
     3     0.42901
     4     0.39740
     5     0.33208
     6     0.04513
     7     0.08729
     8     0.28546
     9     0.35561
    10     0.01754
    11     0.06706
    12     0.31297
    13     0.32971
    14     0.41723
    15     0.33426
    16     0.40130
    17     0.32461
    18     0.38849
    19     0.03175
    20     0.38540
    21     0.05041
    22     0.33546
    23     0.29770
    24     0.32298
    25     0.25859
    26     0.27271
    27     0.23191
    28     0.09595
    29     0.11408
    30     0.20660
    31     0.20525
    32     0.11366
    33     0.12639
    34     0.21022
    35     0.20432
    36     0.16327
    37     0.12521
    38     0.18555
    39     0.19829
    40     0.21770
    41     0.07400
    42     0.01714
    43     0.03602
    44     0.00805
    45     0.01260
    46     0.13231
    47     0.13173
    48     0.13988
    49     0.13898
    50     0.05326
    51     0.01354
    52     0.14223
    53     0.08804
    54     0.18762
    55     0.27019
    56     0.26835
    57     0.27332
    58     0.27086
    59     0.26936
    60     0.27971
    61     0.27879
    62     0.27418
    63     0.33592
    64     0.33405
    65     0.33721
    66     0.33529
    67     0.30581
    68     0.45181
    69     0.04875
    70     0.08780
    71     0.13276
    72     0.13384
    73     0.12519
    74     0.12839
    75     0.12660
    76     0.11913
    77     0.12165
    78     0.10108
    79     0.05743
    80     0.04883
    81     0.02235
 -------------------------



 ==========================================   
  SUBROUTINE: GF_METHOD
   Solves GF method by orthogonalization      
                                              
  References:                                 
   Wilson,Decius&Cross, Molcular Vibrations   
 ==========================================   
 

 ------------------------
   FREQUENCIES (cm-1)
 ------------------------
     1    30.40024
     2    47.64260
     3    50.29273
     4    77.80417
     5   108.78829
     6   127.02395
     7   151.96459
     8   160.21534
     9   196.90883
    10   228.75824
    11   252.26135
    12   262.42632
    13   271.35675
    14   320.78251
    15   336.96468
    16   338.73164
    17   380.11268
    18   413.60658
    19   451.23678
    20   505.53382
    21   553.80700
    22   559.20153
    23   589.35759
    24   618.18482
    25   626.54445
    26   678.47959
    27   701.31256
    28   750.88338
    29   782.01739
    30   832.40009
    31   959.36696
    32   990.69073
    33  1008.44699
    34  1018.50340
    35  1024.83345
    36  1037.14201
    37  1050.29434
    38  1054.84837
    39  1058.04740
    40  1090.46912
    41  1101.77381
    42  1162.62393
    43  1195.20926
    44  1245.01940
    45  1315.52057
    46  1338.21724
    47  1342.98743
    48  1363.40150
    49  1393.42581
    50  1400.50296
    51  1408.71356
    52  1438.13892
    53  1439.78782
    54  1451.19039
    55  1461.17968
    56  1469.94568
    57  1474.37998
    58  1476.24948
    59  1486.67672
    60  1493.13973
    61  1502.74588
    62  1516.57643
    63  1551.20547
    64  1591.87207
    65  1626.74806
    66  1654.15140
    67  2904.34006
    68  3021.96574
    69  3055.78350
    70  3057.09058
    71  3064.30357
    72  3068.84993
    73  3114.64450
    74  3128.73312
    75  3133.82620
    76  3137.34572
    77  3142.16991
    78  3155.49872
    79  3164.18737
    80  3173.18180
    81  3583.86472
 ------------------------

 =====================
  THERMOCHEMISTRY     
 =====================
  Temperature (K):  298.15
  Pressure (atm) :    1.00
 
  Rotational constants (GHz)
     1.06964     0.48917     0.34194
  Rotational temperatures (K)
     0.05133     0.02348     0.01641
 
  Partition Functions
  qt =     0.1055E+09
  qr =     0.2052E+07
  qv =     0.1073-104
 
  Contributions to entropy
  St (cm-1/K) =   14.5777
  Sr (cm-1/K) =   11.1444
  Sv (cm-1/K) =   18.2149
 
  Thermal corrections (AU)
  Zero Point Energy =   0.240358    
  Internal Energy   =   0.255787    
  Enthalpy          =   0.256731    
  Gibbs Free Energy =   0.197044    
 
  Thermal corrections (AU) - vibrational only
  Number of vibrations:      81
  V-internal Energy   =   0.252955    
  V-enthalpy          =   0.253899    
  V-gibbs Free Energy =   0.229154    


 ==> State 2 <==

 Geometry file: S0.fcc


 Energy file: S0.fcc
 Gradient file: S0.fcc

NOTE: The calculation for this State will assume stationary point since the gradient is                   
      small (maximum atomic gradient:   0.000017 a.u.)                                                    
 
 Hessian file: S0.fcc




 =========================
  ANALYSIS OF DOFs
 =========================

 => STATE 2 <=
 Geometry (Angstroms)
 29    # Nr. of atoms
   Atom       X         Y         Z      Mass
O          2.2856   -2.2805    0.1727   15.9949
O         -3.5849   -0.2465   -0.4935   15.9949
N          0.0282    1.8000    0.2683   14.0031
H          0.0590    2.8066    0.2713    1.0078
C         -1.2899   -0.1385    0.0881   12.0000
C          1.2311    1.1360    0.1503   12.0000
C         -1.2040    1.2118    0.0892   12.0000
C         -2.5622   -0.8227   -0.1365   12.0000
C         -0.0613   -0.9551    0.4198   12.0000
H         -0.0827   -1.2724    1.4710    1.0078
H         -0.0510   -1.8794   -0.1531    1.0078
C          1.2284   -0.2164    0.1372   12.0000
C          2.3954   -1.0787   -0.0526   12.0000
C         -2.3205    2.1892   -0.0911   12.0000
H         -2.0069    3.1845    0.2232    1.0078
H         -2.6203    2.2361   -1.1381    1.0078
H         -3.1991    1.8912    0.4724    1.0078
C         -2.5958   -2.3148    0.0856   12.0000
H         -3.6270   -2.6564    0.0502    1.0078
H         -2.0274   -2.8241   -0.6954    1.0078
H         -2.1463   -2.5898    1.0402    1.0078
C          3.7239   -0.5700   -0.5560   12.0000
H          3.6256    0.2025   -1.3139    1.0078
H          4.3111   -0.1644    0.2697    1.0078
H          4.2685   -1.4166   -0.9675    1.0078
C          2.3941    2.0756    0.0485   12.0000
H          3.2822    1.6928    0.5360    1.0078
H          2.6340    2.2833   -0.9953    1.0078
H          2.1412    3.0238    0.5216    1.0078
 

 ------------------------------------------------
   INERTIA TENSOR (to be multiplied by 10**5)
 ------------------------------------------------

             1           2           3
  
    1     8.55354     0.27295    -0.13664
    2     0.27295    18.76311    -0.02472
    3    -0.13664    -0.02472    26.51019
 ------------------------------------------------


 ------------------------------------------------
   ROTATIONAL CONSTANTS (AND ROTATION MATRIX)
 ------------------------------------------------

 ROOT NO.    1           2           3

    ************************************
  
    1     0.99962    -0.02668     0.00757
    2    -0.02666    -0.99964    -0.00366
    3    -0.00766    -0.00346     0.99996
 ------------------------------------------------

  Rotational constants (GHz)
     1.07809     0.49080     0.34749
  Rotational temperatures (K)
     0.05174     0.02355     0.01668


 -------------------
  DOF   Dimension
 -------------------
  Vib    81
  Rot    3
  Tra    3
 -------------------



 =========================
  GENERATE INTERNAL SETS
 =========================

 => STATE 2 <=

NOTE: Cannot determine symmetry. Set to C1 (no symmetric atoms)                                           
 
 

 -----------------------------------------------------------------
 COMPUTING INTERNAL SET TO DEFINE THE VIBRATIONAL SPACE
 -----------------------------------------------------------------

 ----------------------------------------------------------
  Summary of valence internal coordianate set
   Type      = ALL
   Ns        = 140
   Nic(orig) = 140
   Nbonds    = 29
   Nangles   = 51
   Ndiheds   = 60
   Nimprop   = 0
 ----------------------------------------------------------

 
 ------------------------------------------------------
   n   Coeff  type  label                 Value
 ------------------------------------------------------
   1   1.000   b    O1-C13                1.2276
   2   1.000   b    O2-C8                 1.2269
   3   1.000   b    N3-H4                 1.0071
   4   1.000   b    N3-C6                 1.3790
   5   1.000   b    N3-C7                 1.3771
   6   1.000   b    C5-C7                 1.3530
   7   1.000   b    C5-C8                 1.4620
   8   1.000   b    C5-C9                 1.5120
   9   1.000   b    C6-C12                1.3525
  10   1.000   b    C6-C26                1.4986
  11   1.000   b    C7-C14                1.4948
  12   1.000   b    C8-C18                1.5089
  13   1.000   b    C9-H10                1.0982
  14   1.000   b    C9-H11                1.0876
  15   1.000   b    C9-C12                1.5129
  16   1.000   b    C12-C13               1.4634
  17   1.000   b    C13-C22               1.5091
  18   1.000   b    C14-H15               1.0898
  19   1.000   b    C14-H16               1.0901
  20   1.000   b    C14-H17               1.0856
  21   1.000   b    C18-H19               1.0868
  22   1.000   b    C18-H20               1.0920
  23   1.000   b    C18-H21               1.0904
  24   1.000   b    C22-H23               1.0867
  25   1.000   b    C22-H24               1.0913
  26   1.000   b    C22-H25               1.0875
  27   1.000   b    C26-H27               1.0830
  28   1.000   b    C26-H28               1.0910
  29   1.000   b    C26-H29               1.0894
  30   1.000   a    O1-C13-C12           118.801
  31   1.000   a    O1-C13-C22           118.031
  32   1.000   a    O2-C8-C5             123.387
  33   1.000   a    O2-C8-C18            119.251
  34   1.000   a    N3-C6-C12            118.720
  35   1.000   a    N3-C6-C26            112.389
  36   1.000   a    N3-C7-C5             118.894
  37   1.000   a    N3-C7-C14            113.872
  38   1.000   a    H4-N3-C6             117.057
  39   1.000   a    H4-N3-C7             117.043
  40   1.000   a    C5-C7-C14            127.234
  41   1.000   a    C5-C8-C18            117.361
  42   1.000   a    C5-C9-H10            110.499
  43   1.000   a    C5-C9-H11            110.558
  44   1.000   a    C5-C9-C12            112.829
  45   1.000   a    C6-N3-C7             124.312
  46   1.000   a    C6-C12-C9            119.218
  47   1.000   a    C6-C12-C13           126.078
  48   1.000   a    C6-C26-H27           112.595
  49   1.000   a    C6-C26-H28           110.794
  50   1.000   a    C6-C26-H29           109.634
  51   1.000   a    C7-C5-C8             121.498
  52   1.000   a    C7-C5-C9             119.157
  53   1.000   a    C7-C14-H15           110.332
  54   1.000   a    C7-C14-H16           110.453
  55   1.000   a    C7-C14-H17           111.252
  56   1.000   a    C8-C5-C9             119.212
  57   1.000   a    C8-C18-H19           109.097
  58   1.000   a    C8-C18-H20           110.138
  59   1.000   a    C8-C18-H21           111.659
  60   1.000   a    C9-C12-C13           114.602
  61   1.000   a    H10-C9-H11           104.996
  62   1.000   a    H10-C9-C12           109.664
  63   1.000   a    H11-C9-C12           107.972
  64   1.000   a    C12-C6-C26           128.890
  65   1.000   a    C12-C13-C22          123.139
  66   1.000   a    C13-C22-H23          113.121
  67   1.000   a    C13-C22-H24          110.280
  68   1.000   a    C13-C22-H25          107.737
  69   1.000   a    H15-C14-H16          108.471
  70   1.000   a    H15-C14-H17          109.504
  71   1.000   a    H16-C14-H17          106.725
  72   1.000   a    H19-C18-H20          108.907
  73   1.000   a    H19-C18-H21          109.901
  74   1.000   a    H20-C18-H21          107.089
  75   1.000   a    H23-C22-H24          108.191
  76   1.000   a    H23-C22-H25          109.557
  77   1.000   a    H24-C22-H25          107.829
  78   1.000   a    H27-C26-H28          108.522
  79   1.000   a    H27-C26-H29          107.612
  80   1.000   a    H28-C26-H29          107.505
  81   1.000   d    H4-N3-C6-C12        -179.735
  82   1.000   d    H4-N3-C6-C26           0.124
  83   1.000   d    C7-N3-C6-C12         -14.569
  84   1.000   d    C7-N3-C6-C26         165.290
  85   1.000   d    C6-N3-C7-C5           15.283
  86   1.000   d    C6-N3-C7-C14        -164.513
  87   1.000   d    H4-N3-C7-C5         -179.548
  88   1.000   d    H4-N3-C7-C14           0.655
  89   1.000   d    C8-C5-C7-N3         -178.162
  90   1.000   d    C8-C5-C7-C14           1.604
  91   1.000   d    C9-C5-C7-N3            6.057
  92   1.000   d    C9-C5-C7-C14        -174.176
  93   1.000   d    C7-C5-C8-O2            9.074
  94   1.000   d    C7-C5-C8-C18        -171.040
  95   1.000   d    C9-C5-C8-O2         -175.148
  96   1.000   d    C9-C5-C8-C18           4.738
  97   1.000   d    C8-C5-C9-H11          38.233
  98   1.000   d    C8-C5-C9-C12         159.259
  99   1.000   d    C7-C5-C9-H10          98.310
 100   1.000   d    C7-C5-C9-H11        -145.889
 101   1.000   d    C7-C5-C9-C12         -24.863
 102   1.000   d    C8-C5-C9-H10         -77.568
 103   1.000   d    N3-C6-C12-C9          -7.390
 104   1.000   d    N3-C6-C12-C13        176.473
 105   1.000   d    C26-C6-C12-C9        172.778
 106   1.000   d    C26-C6-C12-C13        -3.359
 107   1.000   d    N3-C6-C26-H29         25.394
 108   1.000   d    C12-C6-C26-H27       -35.002
 109   1.000   d    C12-C6-C26-H28        86.740
 110   1.000   d    C12-C6-C26-H29      -154.765
 111   1.000   d    N3-C6-C26-H27        145.157
 112   1.000   d    N3-C6-C26-H28        -93.101
 113   1.000   d    N3-C7-C14-H15        -15.652
 114   1.000   d    N3-C7-C14-H16        104.269
 115   1.000   d    N3-C7-C14-H17       -137.398
 116   1.000   d    C5-C7-C14-H15        164.571
 117   1.000   d    C5-C7-C14-H16        -75.507
 118   1.000   d    C5-C7-C14-H17         42.826
 119   1.000   d    O2-C8-C18-H19         -9.748
 120   1.000   d    O2-C8-C18-H20        109.736
 121   1.000   d    C5-C8-C18-H19        170.361
 122   1.000   d    O2-C8-C18-H21       -131.422
 123   1.000   d    C5-C8-C18-H20        -70.155
 124   1.000   d    C5-C8-C18-H21         48.687
 125   1.000   d    H10-C9-C12-C6        -98.071
 126   1.000   d    H10-C9-C12-C13        78.496
 127   1.000   d    H11-C9-C12-C6        148.051
 128   1.000   d    H11-C9-C12-C13       -35.382
 129   1.000   d    C5-C9-C12-C6          25.564
 130   1.000   d    C5-C9-C12-C13       -157.869
 131   1.000   d    C9-C12-C13-O1         -7.967
 132   1.000   d    C9-C12-C13-C22       170.029
 133   1.000   d    C6-C12-C13-O1        168.326
 134   1.000   d    C6-C12-C13-C22       -13.679
 135   1.000   d    O1-C13-C22-H23       141.041
 136   1.000   d    C12-C13-C22-H23      -36.969
 137   1.000   d    C12-C13-C22-H24       84.341
 138   1.000   d    C12-C13-C22-H25     -158.215
 139   1.000   d    O1-C13-C22-H24       -97.650
 140   1.000   d    O1-C13-C22-H25        19.795
 ------------------------------------------------------
  b: Angstroms | a,d: degrees
 

NOTE: Writing IC set to file: internal_coords_set.dat                                                     
 


 ========================================== 
  SUBROUTINE: WILSON_B
   Compute matrix the Wilson B matrix       
   elements for bonds, angles, dihedrals    
   and impropre dihedrals.                  
                                            
  References:                               
   Wilson,Decius&Cross, Molcular Vibrations 
 ========================================== 
 

BONDS   29

ANGLES   51

DIHEDRALS   60

IMPROPERS    0




 ========================================== 
  SUBROUTINE: redundant2nonredundant
   Get a non-redundant set from a redundant 
   one from the non-zero eigenvalues of the 
   G matrix                  
                                            
  References:                               
   Reimers, J Chem Phys, 115, 6130 (2011)   
 ========================================== 
 
 Internal-space dimension: 81



 ================================
  VIBRATIONAL ANALYSIS ON STATE2
 ================================

 -------------------------
   F MATRIX (diagonal)
 -------------------------
     1     0.47465
     2     0.58231
     3     0.37586
     4     0.38196
     5     0.32568
     6     0.07887
     7     0.15874
     8     0.31802
     9     0.37272
    10     0.03502
    11     0.11067
    12     0.34608
    13     0.31461
    14     0.41330
    15     0.36118
    16     0.38526
    17     0.33259
    18     0.04570
    19     0.40006
    20     0.38569
    21     0.05256
    22     0.34603
    23     0.31232
    24     0.31978
    25     0.29449
    26     0.29351
    27     0.14614
    28     0.16111
    29     0.13320
    30     0.18853
    31     0.15885
    32     0.16156
    33     0.11833
    34     0.22279
    35     0.21335
    36     0.09576
    37     0.19764
    38     0.22327
    39     0.18553
    40     0.23882
    41     0.05175
    42     0.03860
    43     0.05358
    44     0.00855
    45     0.01813
    46     0.13240
    47     0.13269
    48     0.13673
    49     0.13363
    50     0.02108
    51     0.07364
    52     0.13147
    53     0.09263
    54     0.19126
    55     0.27394
    56     0.26954
    57     0.27700
    58     0.27284
    59     0.28345
    60     0.28421
    61     0.27622
    62     0.27610
    63     0.33121
    64     0.33619
    65     0.33949
    66     0.32560
    67     0.34257
    68     0.46634
    69     0.05925
    70     0.10082
    71     0.13768
    72     0.13371
    73     0.13077
    74     0.12990
    75     0.12832
    76     0.12213
    77     0.12076
    78     0.09572
    79     0.06209
    80     0.05883
    81     0.01545
 -------------------------



 ==========================================   
  SUBROUTINE: GF_METHOD
   Solves GF method by orthogonalization      
                                              
  References:                                 
   Wilson,Decius&Cross, Molcular Vibrations   
 ==========================================   
 

 ------------------------
   FREQUENCIES (cm-1)
 ------------------------
     1    24.73293
     2    42.58771
     3    67.64359
     4    71.28647
     5   129.31303
     6   146.09624
     7   171.36466
     8   181.08357
     9   208.74860
    10   233.46198
    11   259.10076
    12   270.86236
    13   280.52909
    14   329.38740
    15   337.78793
    16   353.84948
    17   397.60944
    18   448.45033
    19   525.82249
    20   543.06399
    21   563.92672
    22   575.90420
    23   611.59212
    24   629.08968
    25   644.09236
    26   661.42293
    27   691.74994
    28   716.66762
    29   747.88750
    30   957.07525
    31   976.84799
    32   995.78851
    33  1002.56641
    34  1034.62244
    35  1045.92230
    36  1049.30281
    37  1051.84160
    38  1066.27285
    39  1071.97559
    40  1101.20259
    41  1150.18764
    42  1188.42347
    43  1253.96672
    44  1263.30270
    45  1304.80609
    46  1342.70161
    47  1369.99340
    48  1396.34028
    49  1406.62048
    50  1414.11605
    51  1428.13654
    52  1432.54113
    53  1464.18592
    54  1469.24627
    55  1471.66506
    56  1474.46341
    57  1477.50222
    58  1489.34473
    59  1493.92074
    60  1500.23622
    61  1510.13305
    62  1524.72773
    63  1643.38037
    64  1679.74539
    65  1714.43105
    66  1746.57281
    67  2988.83293
    68  3064.86362
    69  3074.44552
    70  3074.91237
    71  3077.45728
    72  3123.24015
    73  3127.56036
    74  3134.41012
    75  3136.67213
    76  3146.44489
    77  3170.15329
    78  3175.68906
    79  3176.83317
    80  3203.70011
    81  3645.15096
 ------------------------

 
 ---------------------------------------
   n type  label                 Delta
 ---------------------------------------
   1   b   O1-C13               -0.0146
   2   b   O2-C8                -0.0132
   3   b   N3-H4                -0.0056
   4   b   N3-C6                 0.0174
   5   b   N3-C7                 0.0270
   6   b   C5-C7                -0.0559
   7   b   C5-C8                 0.0154
   8   b   C5-C9                 0.0375
   9   b   C6-C12               -0.0506
  10   b   C6-C26                0.0048
  11   b   C7-C14                0.0030
  12   b   C8-C18               -0.0036
  13   b   C9-H10               -0.0096
  14   b   C9-H11               -0.0096
  15   b   C9-C12                0.0372
  16   b   C12-C13               0.0132
  17   b   C13-C22              -0.0003
  18   b   C14-H15              -0.0007
  19   b   C14-H16               0.0013
  20   b   C14-H17              -0.0031
  21   b   C18-H19              -0.0008
  22   b   C18-H20              -0.0013
  23   b   C18-H21               0.0021
  24   b   C22-H23               0.0002
  25   b   C22-H24              -0.0011
  26   b   C22-H25              -0.0010
  27   b   C26-H27              -0.0044
  28   b   C26-H28              -0.0010
  29   b   C26-H29              -0.0008
  30   a   O1-C13-C12            -1.095
  31   a   O1-C13-C22            -0.055
  32   a   O2-C8-C5               1.019
  33   a   O2-C8-C18              0.662
  34   a   N3-C6-C12              1.525
  35   a   N3-C6-C26             -2.541
  36   a   N3-C7-C5               1.612
  37   a   N3-C7-C14             -1.969
  38   a   H4-N3-C6               1.613
  39   a   H4-N3-C7               1.624
  40   a   C5-C7-C14              0.368
  41   a   C5-C8-C18             -1.658
  42   a   C5-C9-H10              1.488
  43   a   C5-C9-H11             -0.197
  44   a   C5-C9-C12             -5.863
  45   a   C6-N3-C7              -4.824
  46   a   C6-C12-C9              0.730
  47   a   C6-C12-C13            -0.850
  48   a   C6-C26-H27             1.306
  49   a   C6-C26-H28            -1.702
  50   a   C6-C26-H29            -0.685
  51   a   C7-C5-C8              -0.973
  52   a   C7-C5-C9               0.682
  53   a   C7-C14-H15            -0.047
  54   a   C7-C14-H16            -0.938
  55   a   C7-C14-H17             0.205
  56   a   C8-C5-C9               0.159
  57   a   C8-C18-H19             0.805
  58   a   C8-C18-H20             0.101
  59   a   C8-C18-H21            -1.955
  60   a   C9-C12-C13             0.056
  61   a   H10-C9-H11             4.211
  62   a   H10-C9-C12             2.867
  63   a   H11-C9-C12            -1.254
  64   a   C12-C6-C26             1.052
  65   a   C12-C13-C22            1.157
  66   a   C13-C22-H23           -0.268
  67   a   C13-C22-H24           -0.334
  68   a   C13-C22-H25            0.050
  69   a   H15-C14-H16           -0.152
  70   a   H15-C14-H17            0.825
  71   a   H16-C14-H17            0.130
  72   a   H19-C18-H20            0.880
  73   a   H19-C18-H21            0.755
  74   a   H20-C18-H21           -0.499
  75   a   H23-C22-H24           -0.017
  76   a   H23-C22-H25            0.406
  77   a   H24-C22-H25            0.194
  78   a   H27-C26-H28            0.749
  79   a   H27-C26-H29            0.193
  80   a   H28-C26-H29            0.181
  81   d   H4-N3-C6-C12           0.862
  82   d   H4-N3-C6-C26          -1.288
  83   d   C7-N3-C6-C12         -14.424
  84   d   C7-N3-C6-C26         -16.574
  85   d   C6-N3-C7-C5           13.865
  86   d   C6-N3-C7-C14          15.252
  87   d   H4-N3-C7-C5           -1.418
  88   d   H4-N3-C7-C14          -0.031
  89   d   C8-C5-C7-N3           -1.500
  90   d   C8-C5-C7-C14          -3.065
  91   d   C9-C5-C7-N3            2.767
  92   d   C9-C5-C7-C14           1.202
  93   d   C7-C5-C8-O2            6.298
  94   d   C7-C5-C8-C18           7.946
  95   d   C9-C5-C8-O2            2.029
  96   d   C9-C5-C8-C18           3.677
  97   d   C8-C5-C9-H11          -5.316
  98   d   C8-C5-C9-C12         -11.797
  99   d   C7-C5-C9-H10         -15.273
 100   d   C7-C5-C9-H11          -9.484
 101   d   C7-C5-C9-C12         -15.965
 102   d   C8-C5-C9-H10         -11.105
 103   d   N3-C6-C12-C9          -1.670
 104   d   N3-C6-C12-C13         -0.166
 105   d   C26-C6-C12-C9          0.804
 106   d   C26-C6-C12-C13         2.308
 107   d   N3-C6-C26-H29          6.075
 108   d   C12-C6-C26-H27         4.281
 109   d   C12-C6-C26-H28         4.962
 110   d   C12-C6-C26-H29         3.653
 111   d   N3-C6-C26-H27          6.703
 112   d   N3-C6-C26-H28          7.383
 113   d   N3-C7-C14-H15        -11.952
 114   d   N3-C7-C14-H16        -12.786
 115   d   N3-C7-C14-H17        -13.099
 116   d   C5-C7-C14-H15        -10.413
 117   d   C5-C7-C14-H16        -11.248
 118   d   C5-C7-C14-H17        -11.560
 119   d   O2-C8-C18-H19         11.520
 120   d   O2-C8-C18-H20         13.134
 121   d   C5-C8-C18-H19          9.935
 122   d   O2-C8-C18-H21         11.280
 123   d   C5-C8-C18-H20         11.548
 124   d   C5-C8-C18-H21          9.694
 125   d   H10-C9-C12-C6         15.364
 126   d   H10-C9-C12-C13        14.003
 127   d   H11-C9-C12-C6          9.683
 128   d   H11-C9-C12-C13         8.322
 129   d   C5-C9-C12-C6          15.419
 130   d   C5-C9-C12-C13         14.058
 131   d   C9-C12-C13-O1          5.438
 132   d   C9-C12-C13-C22         5.676
 133   d   C6-C12-C13-O1          4.009
 134   d   C6-C12-C13-C22         4.247
 135   d   O1-C13-C22-H23        -6.821
 136   d   C12-C13-C22-H23       -7.035
 137   d   C12-C13-C22-H24       -7.489
 138   d   C12-C13-C22-H25       -7.411
 139   d   O1-C13-C22-H24        -7.275
 140   d   O1-C13-C22-H25        -7.197
 ---------------------------------------
  b: Angstroms | a,d: degrees
 

 --------------------------------------------------
   Extrapolated State2 Gradient (Q1-space) x1e5
 --------------------------------------------------
     1   -41.70606
     2    27.42221
     3    16.71669
     4   -20.29883
     5    56.97655
     6    -6.96960
     7    18.53876
     8   -18.44175
     9    47.20243
    10    14.71957
    11    -0.29951
    12    -4.18597
    13     1.86517
    14     2.38340
    15   -10.27324
    16    -7.68291
    17     2.67789
    18    -4.77515
    19    -9.94780
    20     3.82458
    21    -2.37900
    22    -0.21552
    23     5.33019
    24   -12.62896
    25    -3.15257
    26     6.56231
    27   -10.20499
    28    -0.84237
    29     3.55450
    30    16.99576
    31     8.47739
    32    -2.53420
    33     6.70014
    34     4.04732
    35   -13.97007
    36     3.75962
    37    -5.77965
    38    -1.87302
    39     8.31388
    40   -10.15119
    41     0.98170
    42    -4.55997
    43    31.63425
    44   -19.58078
    45   -14.85062
    46    11.16429
    47   -43.32726
    48    20.55730
    49     9.27897
    50    -5.28547
    51     4.86771
    52     2.66507
    53    13.79827
    54    16.95905
    55    -9.96826
    56    -0.36931
    57   -23.01461
    58    -4.61859
    59   -21.74546
    60    19.80673
    61    41.33676
    62   -29.26667
    63   133.97417
    64    88.36918
    65   -32.64824
    66   -21.10731
    67   -45.39984
    68    64.73707
    69    -0.45396
    70     0.47843
    71    -2.13753
    72     1.97574
    73     4.94785
    74     0.08413
    75   -15.04582
    76   -10.79595
    77    55.77411
    78   -34.96439
    79   -60.28303
    80   -25.00251
    81  -268.98316
 --------------------------------------------------




                 ASSIGNMENTS AND ANALYSIS OF 1 WITH RESPECT TO 2
 STATE 1                              MODES STATE 2
IND DEF    FREQUENCY     SHIFT    I21 C21  I22 C22   I23 C23     FR(I21)  I90 I95 I99
   1  M>3     30.40   118.61659    1 0.73    2 0.09    8 0.04       5.67   5   6   9
   2  M>3     47.64   -20.01338    2 0.41    4 0.36    3 0.10       5.05   4   4   6
   3  M>3     50.29    -8.40664    4 0.52    2 0.15    3 0.15     -20.99   4   5   6
   4  M>3     77.80    79.36389    8 0.65    3 0.17    1 0.04    -103.28   5   9  17
   5  M>3    108.79   -68.87738    3 0.45    2 0.17    8 0.10      41.14  10  15  21
   6  M>3    127.02     3.76805    6 0.52   10 0.28    5 0.08     -19.07   4   6  10
   7  M>3    151.96   -32.81539    5 0.39    7 0.13    6 0.09      22.65   9  12  38
   8  M2     160.22    45.91098    7 0.68    9 0.27    5 0.15     -11.15   2   2   3
   9  M>3    196.91   -33.55532    9 0.55   11 0.11    5 0.08     -11.84  10  17  26
  10  M>3    228.76    -1.55634   10 0.48    6 0.15    5 0.11      -4.70   6   8  12
  11  M>3    252.26    27.44126   11 0.60    9 0.12   13 0.07      -6.84   7  14  51
  12  M>3    262.43     4.83640   13 0.78   10 0.08   12 0.02     -18.10   4   7  13
  13  M3     271.36   -15.68936   12 0.81    6 0.07   14 0.03       0.49   3   5   8
  14  M3     320.78    14.67801   14 0.68   15 0.12   16 0.11      -8.60   3   7  17
  15  M2     336.96     2.73786   15 0.75   14 0.16   19 0.02      -0.82   2   6  12
  16  M2     338.73     4.94870   16 0.82   14 0.09   15 0.05     -15.12   2   3   6
  17  P      380.11     4.68223   17 0.96   21 0.03   16 0.01     -17.50   1   1   3
  18  M>3    413.61     3.95016   20 0.47   21 0.27   18 0.14    -129.46   4   6   8
  19  M2     451.24    18.18247   18 0.84   20 0.08   21 0.03       2.79   2   3  17
  20  M>3    505.53   -12.17351   23 0.36   25 0.25   26 0.13    -106.06   6  19  81
  21  M>3    553.81     8.80197   21 0.48   20 0.38   23 0.04     -10.12   4   6  81
  22  P      559.20     2.62329   22 0.94   25 0.03   28 0.01     -16.70   1   2   5
  23  M>3    589.36    -7.64238   23 0.52   25 0.25   26 0.05     -22.23   6   8  14
  24  M2     618.18    -0.62969   26 0.69   25 0.21   21 0.06     -43.24   2   3   8
  25  P      626.54     1.45384   24 0.92   25 0.03   29 0.01      -2.55   1   2  81
  26  M2     678.48    -0.49885   27 0.87   25 0.07   26 0.05     -13.27   2   3   4
  27  P      701.31    -3.58846   28 0.93   25 0.02   27 0.02     -15.36   1   2   7
  28  P      750.88     1.38181   29 0.94   28 0.01   24 0.01       3.00   1   2  38
  29  M2     782.02     4.77515   19 0.88   20 0.03   21 0.01     256.19   2   6  21
  30  M>3    832.40    -7.99154   31 0.41   32 0.26   33 0.06    -144.45  11  81  81
  31  M2     959.37    -0.78593   30 0.85   34 0.07   43 0.02       2.29   2   4  15
  32  M2     990.69     3.90288   32 0.55   31 0.37   35 0.04      -5.10   2   3  14
  33  M3    1008.45     5.13067   33 0.84   32 0.06   31 0.04       5.88   3   4   7
  34  M>3   1018.50     0.35646   37 0.73   34 0.09   35 0.04     -33.34   5   8  16
  35  M>3   1024.83    -2.77220   35 0.59   36 0.11   39 0.06     -21.09   6   8  19
  36  M>3   1037.14    -0.17512   36 0.63   38 0.15   35 0.10     -12.16   4   7  15
  37  M>3   1050.29     0.20871   39 0.65   35 0.12   34 0.10     -21.68   5   7  14
  38  M>3   1054.85    -0.21651   34 0.53   39 0.19   37 0.11      20.23   5   6  19
  39  M3    1058.05     1.13043   38 0.68   36 0.17   34 0.06      -8.23   3   6  16
  40  M>3   1090.47    -0.14431   40 0.56   44 0.22   35 0.05     -10.73   6   8  13
  41  M>3   1101.77     0.57131   44 0.38   40 0.32   43 0.10    -161.53   6   9  13
  42  M>3   1162.62     2.23031   41 0.75   44 0.12   40 0.02      12.44   4   7  16
  43  M2    1195.21    -4.19932   42 0.89   44 0.03   61 0.02       6.79   2   4  11
  44  M>3   1245.02    -0.37597   46 0.33   43 0.14   44 0.14     -97.68  10  13  18
  45  M>3   1315.52    -0.49105   43 0.29   46 0.17   45 0.13      61.55  11  16  25
  46  M3    1338.22     4.74197   61 0.49   45 0.38   43 0.03    -171.92   3   5  12
  47  M>3   1342.99    -0.99540   45 0.38   61 0.29   46 0.13      38.18   6   9  17
  48  M>3   1363.40    -1.25843   50 0.19   46 0.14   60 0.11     -50.71  14  19  81
  49  M2    1393.43    -0.15726   47 0.72   49 0.20   48 0.03      23.43   2   4   8
  50  M3    1400.50    -0.57968   48 0.64   50 0.25   47 0.04       4.16   3   5  21
  51  M3    1408.71    -0.37780   49 0.69   47 0.17   50 0.04       2.09   3   6  15
  52  M>3   1438.14    -0.15798   51 0.49   52 0.28   50 0.10      10.00   4   8  17
  53  M2    1439.79     0.86650   52 0.54   51 0.39   53 0.02       7.25   2   4  16
  54  M>3   1451.19     0.57147   55 0.20   50 0.12   43 0.12     -20.47  13  16  23
  55  M>3   1461.18    -0.37561   53 0.80   60 0.05   55 0.04      -3.01   4   6  10
  56  M2    1469.95     1.51721   54 0.87   55 0.08   50 0.01       0.70   2   3   8
  57  M3    1474.38    -0.90184   56 0.82   62 0.08   59 0.03      -0.08   3   5  11
  58  M>3   1476.25    -1.36894   55 0.61   59 0.11   54 0.05       4.58   7  10  15
  59  M2    1486.68    -0.75924   57 0.84   61 0.06   58 0.04       9.17   2   3  10
  60  M>3   1493.14     2.46035   59 0.53   62 0.23   60 0.11      -0.78   4   5   9
  61  M>3   1502.75     2.93702   58 0.49   62 0.24   65 0.07      13.40   5   7  12
  62  M>3   1516.58    -2.10444   62 0.29   60 0.26   58 0.20      -8.15   7   9  16
  63  M>3   1551.21    10.84288   65 0.41   63 0.39   66 0.06    -163.23   4   6  17
  64  M>3   1591.87     6.42105   66 0.36   64 0.31   63 0.23    -154.70   4   6  15
  65  M>3   1626.75     5.33403   64 0.47   65 0.20   63 0.19     -53.00   4   7  16
  66  M>3   1654.15     2.10471   66 0.45   64 0.19   60 0.11     -92.42   6   8  15
  67  P     2904.34    -0.58739   67 0.98   72 0.02   32 0.00     -84.49   1   1   2
  68  P     3021.97     0.20859   72 0.97   67 0.02   68 0.01    -101.27   1   1   3
  69  M2    3055.78     0.13514   71 0.58   69 0.35   68 0.06     -21.67   2   3   5
  70  M2    3057.09     0.10370   68 0.88   73 0.05   71 0.03      -7.77   2   3   4
  71  M2    3064.30     0.11137   69 0.61   71 0.36   70 0.01     -10.14   2   2   3
  72  P     3068.85     0.07362   70 0.95   78 0.02   75 0.01      -6.06   1   1   4
  73  P     3114.64    -0.00912   74 0.93   80 0.05   76 0.01     -19.77   1   2   3
  74  M2    3128.73     0.06041   73 0.84   77 0.10   68 0.05       1.17   2   3   3
  75  P     3133.83    -0.03146   76 0.95   79 0.03   74 0.02     -12.62   1   1   3
  76  M2    3137.35    -0.07073   75 0.70   78 0.27   70 0.03       0.67   2   2   3
  77  M2    3142.17     0.01496   78 0.71   75 0.28   70 0.00     -33.52   2   2   2
  78  P     3155.50     0.05887   80 0.94   74 0.04   76 0.01     -48.20   1   2   4
  79  M2    3164.19    -0.02491   77 0.90   73 0.10   68 0.01      -5.97   2   2   2
  80  P     3173.18     0.01445   79 0.97   76 0.02   80 0.01      -3.65   1   1   3
  81  P     3583.86    -0.49147   81 1.00   75 0.00   19 0.00     -61.29   1   1   1
   
 *********************************************************** 
  
  AVERAGE MAX PROJECTION     0.660068    St Dev   0.211378
  AVERAGE FREQ DIFF        -20.825921    St Dev  74.548730
  AVERAGE ABS FREQ DIFF     34.677493    St Dev  49.768305
  AVERAGE ABS DISPLACE       2.066807    St Dev  19.850347
  SUM DISPL**2           32262.944180
  
 *********************************************************** 
  



                 ASSIGNMENTS AND ANALYSIS OF 2 WITH RESPECT TO 1
 STATE 2                              MODES STATE 1
IND DEF    FREQUENCY     SHIFT    I11 C11  I12 C12   I13 C13     FR(I11)  I90 I95 I99
   1  M2      24.73   167.74542    1 0.82    2 0.11    4 0.06      -5.67   2   3   3
   2  M>3     42.59    18.02536    2 0.45    5 0.26    3 0.16      -5.05   4   4   5
   3  M3      67.64   -72.00961    5 0.60    4 0.23    3 0.14     -41.14   3   3   4
   4  M>3     71.29   -26.65179    3 0.50    2 0.33    7 0.06      20.99   4   5   7
   5  M>3    129.31    14.71591    7 0.34    9 0.15    8 0.14     -22.65   6   7   8
   6  M>3    146.10     6.99974    6 0.53   10 0.16    7 0.11      19.07   5   6   8
   7  M3     171.36   -45.50847    8 0.62    7 0.22    9 0.15      11.15   3   3   4
   8  M>3    181.08   -27.46590    4 0.66    5 0.11    3 0.08     103.28   5   6  10
   9  M>3    208.75   -27.55555    9 0.56   11 0.17    8 0.09      11.84   6   9  15
  10  M>3    233.46     4.28711   10 0.48    6 0.28   12 0.09       4.70   4   5   9
  11  M>3    259.10    -2.82540   11 0.67   10 0.11    9 0.11       6.84   4   5   7
  12  M>3    270.86    -0.33100   13 0.78    9 0.04   14 0.03      -0.49   5   8  13
  13  M3     280.53    -1.27955   12 0.81   11 0.07   13 0.03      18.10   3   5   9
  14  M3     329.39    15.07356   14 0.68   15 0.17   16 0.08       8.60   3   4  10
  15  M3     337.79   -14.82642   15 0.75   14 0.11   16 0.05       0.82   3   6  12
  16  M3     353.85    10.16804   16 0.77   14 0.12   10 0.04      15.12   3   6  28
  17  P      397.61     1.51400   17 0.92   18 0.02   19 0.01      17.50   1   3  19
  18  M2     448.45   -20.20020   19 0.85   18 0.11   20 0.01      -2.79   2   2  15
  19  P      525.82    -2.81125   29 0.91   21 0.04   30 0.03    -256.19   1   2   4
  20  M3     543.06     5.60250   18 0.44   21 0.39   19 0.08     129.46   3   6  18
  21  M>3    563.93     4.02122   21 0.48   18 0.25   20 0.09      10.12   5   8  25
  22  P      575.90    -6.24959   22 0.92   23 0.05   20 0.01      16.70   1   2  31
  23  M3     611.59     1.90344   23 0.50   20 0.38   21 0.03      22.23   3   4  14
  24  P      629.09     0.73553   25 0.95   24 0.01   23 0.01       2.55   1   2   7
  25  M>3    644.09    -4.17205   20 0.28   23 0.25   24 0.21     138.56   7   8  10
  26  M>3    661.42     2.10852   24 0.68   20 0.14   23 0.06      43.24   4   6  16
  27  M2     691.75     1.37766   26 0.84   20 0.06   23 0.03      13.27   2   4  81
  28  M2     716.67    -5.43241   27 0.90   23 0.02   28 0.01      15.36   2   7  81
  29  P      747.89     2.21332   28 0.96   48 0.01   27 0.01      -3.00   1   1   5
  30  M2     957.08    -0.44582   31 0.86   38 0.04   33 0.02      -2.29   2   5  11
  31  M3     976.85     0.14674   30 0.48   32 0.38   33 0.04     144.45   3   5   7
  32  M>3    995.79    -6.14151   32 0.54   30 0.29   33 0.05       5.10   4   6  11
  33  M2    1002.57    -5.90007   33 0.83   30 0.08   37 0.02      -5.88   2   4  10
  34  M>3   1034.62    -1.24165   38 0.53   34 0.09   37 0.09     -20.23   7  11  29
  35  M>3   1045.92     0.10361   35 0.60   37 0.12   36 0.10      21.09   5   7  13
  36  M3    1049.30     3.56205   36 0.63   39 0.17   35 0.11      12.16   3   5  12
  37  M>3   1051.84    -0.23862   34 0.72   38 0.11   35 0.04      33.34   5   7  18
  38  M>3   1066.27    -0.37491   39 0.69   36 0.15   38 0.06       8.23   4   7  13
  39  M3    1071.98    -0.26810   37 0.65   38 0.21   35 0.06      21.68   3   4  11
  40  M>3   1101.20    -2.67608   40 0.54   41 0.31   30 0.04      10.73   4   7  81
  41  M>3   1150.19    -0.56768   42 0.76   41 0.07   44 0.05     -12.44   4   6  12
  42  M2    1188.42    -3.48433   43 0.90   44 0.03   47 0.02      -6.79   2   4   7
  43  M>3   1253.97     0.23978   45 0.29   44 0.13   54 0.12     -61.55  14  20  81
  44  M>3   1263.30     0.64964   41 0.35   40 0.20   44 0.13     161.53   9  14  81
  45  M>3   1304.81     1.70206   47 0.37   46 0.37   45 0.13     -38.18   4   5  23
  46  M>3   1342.70    -1.21396   44 0.33   45 0.18   48 0.14      97.68   9  12  18
  47  M3    1369.99     0.06278   49 0.71   51 0.17   50 0.03     -23.43   3   5  81
  48  M>3   1396.34     0.12673   50 0.66   48 0.07   54 0.06      -4.16   6  11  21
  49  M3    1406.62    -1.40304   51 0.69   49 0.21   48 0.04      -2.09   3   4   9
  50  M>3   1414.12     1.68353   50 0.25   48 0.19   54 0.12      13.61  11  14  27
  51  M3    1428.14     0.13277   52 0.50   53 0.39   54 0.02     -10.00   3   5  14
  52  M3    1432.54    -0.12233   53 0.54   52 0.28   54 0.11      -7.25   3   4  12
  53  M3    1464.19    -0.97932   55 0.80   54 0.09   48 0.03       3.01   3   6  13
  54  M2    1469.25     0.20854   56 0.87   58 0.05   54 0.03      -0.70   2   4  12
  55  M>3   1471.67     1.13070   58 0.61   54 0.20   56 0.08      -4.58   4   5  11
  56  M>3   1474.46     1.17524   57 0.82   61 0.03   55 0.03       0.08   4   8  15
  57  M>3   1477.50     1.03805   59 0.85   58 0.03   46 0.02      -9.17   4   6  12
  58  M>3   1489.34     0.06386   61 0.49   62 0.20   60 0.07     -13.40   7   9  16
  59  M>3   1493.92     0.58115   60 0.52   58 0.11   62 0.07       0.78   9  11  19
  60  M>3   1500.24     0.94640   62 0.26   48 0.11   66 0.11     -16.34  10  12  22
  61  M>3   1510.13    -4.14844   46 0.46   47 0.28   45 0.08     171.92   5  10  81
  62  M>3   1524.73    -0.72086   62 0.29   61 0.24   60 0.23       8.15   7  10  45
  63  M>3   1643.38     7.18171   63 0.39   64 0.23   65 0.19      92.17   6   9  17
  64  M3    1679.75    -8.66953   65 0.47   64 0.31   66 0.19      53.00   3   3   8
  65  M>3   1714.43    -6.54741   63 0.41   65 0.20   66 0.09     163.23   7   9  20
  66  M>3   1746.57    -6.34308   66 0.46   64 0.36   63 0.07      92.42   4   7  16
  67  P     2988.83     0.62862   67 0.98   68 0.02   30 0.00      84.49   1   1   2
  68  M2    3064.86     0.05702   70 0.88   69 0.06   74 0.05       7.77   2   3   4
  69  M2    3074.45    -0.01473   71 0.61   69 0.35   70 0.03      10.14   2   2   4
  70  P     3074.91     0.05888   72 0.95   76 0.03   71 0.01       6.06   1   1   3
  71  M2    3077.46     0.19082   69 0.58   71 0.36   70 0.03      21.67   2   3   5
  72  P     3123.24    -0.31544   68 0.97   67 0.02   74 0.01     101.27   1   1   3
  73  M2    3127.56    -0.02131   74 0.84   79 0.10   70 0.05      -1.17   2   3   3
  74  P     3134.41    -0.01512   73 0.93   78 0.04   75 0.02      19.77   1   2   4
  75  M2    3136.67    -0.01303   76 0.70   77 0.28   72 0.01      -0.67   2   2   3
  76  P     3146.44     0.03796   75 0.95   80 0.02   73 0.01      12.62   1   1   4
  77  M2    3170.15    -0.02790   79 0.89   74 0.10   68 0.00       5.97   2   2   2
  78  M2    3175.69    -0.02089   77 0.71   76 0.27   72 0.02      33.52   2   2   3
  79  P     3176.83    -0.00452   80 0.97   75 0.03   78 0.01       3.65   1   1   2
  80  P     3203.70    -0.10273   78 0.94   73 0.05   80 0.01      48.20   1   2   3
  81  P     3645.15     0.48037   81 1.00   77 0.00   29 0.00      61.29   1   1   1
   
 *********************************************************** 
  
  AVERAGE MAX PROJECTION     0.662610    St Dev   0.208849
  AVERAGE FREQ DIFF         19.542687    St Dev  51.152410
  AVERAGE ABS FREQ DIFF     33.797721    St Dev  49.125991
  AVERAGE ABS DISPLACE      -0.378534    St Dev  22.137179
  SUM DISPL**2           39706.035666
  
 *********************************************************** 
  

 ADDITIONAL ANALYSIS ON DUSCHINSKY MATRIX
 ----------------------------------------
  Determinant:     0.9016

  ** A = GM·GMT **
  Det(A)     :     1.0000
  Trace(A)   :    81.0000
  Det(A-I)   :     0.0000
  Trace(A-I) :    -0.0000
 ----------------------------------------

   
   
 STATE1 MODES SORTED BY DECREASING DIMENSIONLESS SHIFT
   IND    MODE    FREQUENCY   DIMENSIONLESS SHIFT
     1       5     108.78829      -0.15335E+01
     2       4      77.80417       0.14943E+01
     3       1      30.40024       0.13960E+01
     4       8     160.21534       0.12404E+01
     5       9     196.90883      -0.10051E+01
     6      11     252.26135       0.93033E+00
     7      63    1551.20547       0.91156E+00
     8       7     151.96459      -0.86349E+00
     9      19     451.23678       0.82445E+00
    10      20     505.53382      -0.58425E+00
    11      14     320.78251       0.56115E+00
    12      13     271.35675      -0.55168E+00
    13      64    1591.87207       0.54685E+00
    14      30     832.40009      -0.49216E+00
    15      65    1626.74806       0.45922E+00
    16      21     553.80700       0.44215E+00
    17      23     589.35759      -0.39603E+00
    18      46    1338.21724       0.37028E+00
    19      33    1008.44699       0.34778E+00
    20      43    1195.20926      -0.30989E+00
    21       2      47.64260      -0.29487E+00
    22      29     782.01739       0.28504E+00
    23      32     990.69073       0.26222E+00
    24      61    1502.74588       0.24303E+00
    25      60    1493.13973       0.20293E+00
    26      27     701.31256      -0.20285E+00
    27      17     380.11268       0.19486E+00
    28      16     338.73164       0.19441E+00
    29      35    1024.83345      -0.18943E+00
    30      66    1654.15140       0.18272E+00
    31      62    1516.57643      -0.17494E+00
    32      18     413.60658       0.17148E+00
    33      12     262.42632       0.16724E+00
    34      42    1162.62393       0.16233E+00
    35      22     559.20153       0.13242E+00
    36       3      50.29273      -0.12726E+00
    37      56    1469.94568       0.12417E+00
    38      58    1476.24948      -0.11227E+00
    39      15     336.96468       0.10728E+00
    40      48    1363.40150      -0.99185E-01
    41       6     127.02395       0.90650E-01
    42      28     750.88338       0.80825E-01
    43      39    1058.04740       0.78488E-01
    44      47    1342.98743      -0.77865E-01
    45      25     626.54445       0.77678E-01
    46      57    1474.37998      -0.73916E-01
    47      53    1439.78782       0.70182E-01
    48      67    2904.34006      -0.67571E-01
    49      81    3583.86472      -0.62803E-01
    50      59    1486.67672      -0.62488E-01
    51      31     959.36696      -0.51962E-01
    52      10     228.75824      -0.50246E-01
    53      54    1451.19039       0.46469E-01
    54      50    1400.50296      -0.46306E-01
    55      41    1101.77381       0.40479E-01
    56      45    1315.52057      -0.38017E-01
    57      24     618.18482      -0.33419E-01
    58      55    1461.17968      -0.30648E-01
    59      51    1408.71356      -0.30268E-01
    60      44    1245.01940      -0.28317E-01
    61      26     678.47959      -0.27736E-01
    62      68    3021.96574       0.24476E-01
    63      34    1018.50340       0.24283E-01
    64      69    3055.78350       0.15946E-01
    65      38    1054.84837      -0.15010E-01
    66      37    1050.29434       0.14438E-01
    67      71    3064.30357       0.13159E-01
    68      52    1438.13892      -0.12788E-01
    69      49    1393.42581      -0.12531E-01
    70      70    3057.09058       0.12239E-01
    71      36    1037.14201      -0.12039E-01
    72      40    1090.46912      -0.10172E-01
    73      72    3068.84993       0.87056E-02
    74      76    3137.34572      -0.84571E-02
    75      74    3128.73312       0.72131E-02
    76      78    3155.49872       0.70587E-02
    77      75    3133.82620      -0.37592E-02
    78      79    3164.18737      -0.29909E-02
    79      77    3142.16991       0.17906E-02
    80      80    3173.18180       0.17381E-02
    81      73    3114.64450      -0.10860E-02
   
   
 MODES OF STATE1 IN ORDER OF DECREASING FR COUPL
 ESTIMATED BY THE MAGNITUDE OF THE  0-0 INTEGRAL FC(0,0)
 1D MODEL WITH THE MODE OF STATE2 WITH LARGEST PROJECTION
 ONLY FREQ CHANGE (NO DUSCHINSKY NO DISPLACEMENT). WE PRINT OUT 1/FC(0,0)
    IND   MODE1   FREQ        MODE2      FR           FR. SHIFT        1/FC(0,0)
     1     4    77.80417         8   181.08357      -103.27939         1.04429
     2     5   108.78829         3    67.64359        41.14470         1.01408
     3    29   782.01739        19   525.82249       256.19491         1.00983
     4     3    50.29273         4    71.28647       -20.99375         1.00760
     5    18   413.60658        20   543.06399      -129.45741         1.00463
     6     1    30.40024         1    24.73293         5.66731         1.00266
     7    20   505.53382        23   611.59212      -106.05830         1.00227
     8     7   151.96459         5   129.31303        22.65156         1.00163
     9    30   832.40009        31   976.84799      -144.44790         1.00160
    10     6   127.02395         6   146.09624       -19.07229         1.00122
    11    41  1101.77381        44  1263.30270      -161.52889         1.00117
    12    46  1338.21724        61  1510.13305      -171.91581         1.00091
    13     2    47.64260         2    42.58771         5.05489         1.00079
    14    63  1551.20547        65  1714.43105      -163.22558         1.00063
    15    64  1591.87207        66  1746.57281      -154.70074         1.00054
    16    44  1245.01940        46  1342.70161       -97.68221         1.00036
    17    24   618.18482        26   661.42293       -43.23811         1.00029
    18     8   160.21534         7   171.36466       -11.14932         1.00028
    19    12   262.42632        13   280.52909       -18.10277         1.00028
    20     9   196.90883         9   208.74860       -11.83977         1.00021
    21    66  1654.15140        66  1746.57281       -92.42141         1.00018
    22    45  1315.52057        43  1253.96672        61.55386         1.00014
    23    17   380.11268        17   397.60944       -17.49675         1.00013
    24    16   338.73164        16   353.84948       -15.11784         1.00012
    25    23   589.35759        23   611.59212       -22.23453         1.00009
    26    48  1363.40150        50  1414.11605       -50.71455         1.00008
    27    68  3021.96574        72  3123.24015      -101.27441         1.00007
    28    34  1018.50340        37  1051.84160       -33.33820         1.00006
    29    65  1626.74806        64  1679.74539       -52.99733         1.00006
    30    22   559.20153        22   575.90420       -16.70267         1.00005
    31    47  1342.98743        45  1304.80609        38.18134         1.00005
    32    67  2904.34006        67  2988.83293       -84.49287         1.00005
    33    11   252.26135        11   259.10076        -6.83942         1.00004
    34    14   320.78251        14   329.38740        -8.60489         1.00004
    35    27   701.31256        28   716.66762       -15.35506         1.00003
    36    37  1050.29434        39  1071.97559       -21.68125         1.00003
    37    35  1024.83345        35  1045.92230       -21.08885         1.00003
    38    10   228.75824        10   233.46198        -4.70374         1.00003
    39    26   678.47959        27   691.74994       -13.27034         1.00002
    40    38  1054.84837        34  1034.62244        20.22593         1.00002
    41    21   553.80700        21   563.92672       -10.11971         1.00002
    42    49  1393.42581        47  1369.99340        23.43241         1.00002
    43    81  3583.86472        81  3645.15096       -61.28624         1.00002
    44    78  3155.49872        80  3203.70011       -48.20139         1.00001
    45    54  1451.19039        55  1471.66506       -20.47467         1.00001
    46    36  1037.14201        36  1049.30281       -12.16080         1.00001
    47    42  1162.62393        41  1150.18764        12.43629         1.00001
    48    77  3142.16991        78  3175.68906       -33.51916         1.00001
    49    40  1090.46912        40  1101.20259       -10.73347         1.00001
    50    61  1502.74588        58  1489.34473        13.40115         1.00001
    51    39  1058.04740        38  1066.27285        -8.22546         1.00000
    52    69  3055.78350        71  3077.45728       -21.67378         1.00000
    53    52  1438.13892        51  1428.13654        10.00238         1.00000
    54    73  3114.64450        74  3134.41012       -19.76562         1.00000
    55    19   451.23678        18   448.45033         2.78646         1.00000
    56    59  1486.67672        57  1477.50222         9.17450         1.00000
    57    33  1008.44699        33  1002.56641         5.88057         1.00000
    58    43  1195.20926        42  1188.42347         6.78580         1.00000
    59    62  1516.57643        62  1524.72773        -8.15130         1.00000
    60    32   990.69073        32   995.78851        -5.09778         1.00000
    61    53  1439.78782        52  1432.54113         7.24669         1.00000
    62    25   626.54445        24   629.08968        -2.54523         1.00000
    63    75  3133.82620        76  3146.44489       -12.61868         1.00000
    64    28   750.88338        29   747.88750         2.99589         1.00000
    65    71  3064.30357        69  3074.44552       -10.14194         1.00000
    66    58  1476.24948        55  1471.66506         4.58443         1.00000
    67    50  1400.50296        48  1396.34028         4.16268         1.00000
    68    70  3057.09058        68  3064.86362        -7.77303         1.00000
    69    15   336.96468        15   337.78793        -0.82325         1.00000
    70    31   959.36696        30   957.07525         2.29170         1.00000
    71    55  1461.17968        53  1464.18592        -3.00624         1.00000
    72    72  3068.84993        70  3074.91237        -6.06244         1.00000
    73    79  3164.18737        77  3170.15329        -5.96592         1.00000
    74    13   271.35675        12   270.86236         0.49439         1.00000
    75    51  1408.71356        49  1406.62048         2.09309         1.00000
    76    80  3173.18180        79  3176.83317        -3.65136         1.00000
    77    60  1493.13973        59  1493.92074        -0.78102         1.00000
    78    56  1469.94568        54  1469.24627         0.69941         1.00000
    79    74  3128.73312        73  3127.56036         1.17276         1.00000
    80    76  3137.34572        75  3136.67213         0.67360         1.00000
    81    57  1474.37998        56  1474.46341        -0.08343         1.00000
   
   
   
   
 STATE2 MODES SORTED BY DECREASING DIMENSIONLESS SHIFT
   IND    MODE    FREQUENCY   DIMENSIONLESS SHIFT
     1       1      24.73293       0.17807E+01
     2       7     171.36466      -0.12716E+01
     3       3      67.64359      -0.12642E+01
     4      18     448.45033      -0.91310E+00
     5       9     208.74860      -0.84982E+00
     6       8     181.08357      -0.78894E+00
     7      64    1679.74539      -0.75845E+00
     8      63    1643.38037       0.62145E+00
     9      14     329.38740       0.58395E+00
    10      15     337.78793      -0.58166E+00
    11      65    1714.43105      -0.57868E+00
    12      66    1746.57281      -0.56585E+00
    13       4      71.28647      -0.48033E+00
    14      32     995.78851      -0.41368E+00
    15      16     353.84948       0.40828E+00
    16      33    1002.56641      -0.39877E+00
    17       5     129.31303       0.35720E+00
    18      61    1510.13305      -0.34411E+00
    19      22     575.90420      -0.32014E+00
    20      28     716.66762      -0.31043E+00
    21      20     543.06399       0.27869E+00
    22      42    1188.42347      -0.25640E+00
    23       2      42.58771       0.25109E+00
    24      36    1049.30281       0.24630E+00
    25      25     644.09236      -0.22601E+00
    26      21     563.92672       0.20383E+00
    27      40    1101.20259      -0.18956E+00
    28       6     146.09624       0.18060E+00
    29      10     233.46198       0.13982E+00
    30      19     525.82249      -0.13760E+00
    31      50    1414.11605       0.13514E+00
    32      45    1304.80609       0.13124E+00
    33      29     747.88750       0.12920E+00
    34      26     661.42293       0.11575E+00
    35      49    1406.62048      -0.11232E+00
    36      23     611.59212       0.10048E+00
    37      11     259.10076      -0.97078E-01
    38      56    1474.46341       0.96328E-01
    39      46    1342.70161      -0.94952E-01
    40      55    1471.66506       0.92589E-01
    41      34    1034.62244      -0.85251E-01
    42      57    1477.50222       0.85171E-01
    43      53    1464.18592      -0.79989E-01
    44      60    1500.23622       0.78246E-01
    45      27     691.74994       0.77344E-01
    46      67    2988.83293       0.73358E-01
    47      17     397.60944       0.64441E-01
    48      81    3645.15096       0.61908E-01
    49      62    1524.72773      -0.60084E-01
    50      44    1263.30270       0.49287E-01
    51      59    1493.92074       0.47947E-01
    52      13     280.52909      -0.45746E-01
    53      41    1150.18764      -0.41096E-01
    54      24     629.08968       0.39379E-01
    55      72    3123.24015      -0.37630E-01
    56      30     957.07525      -0.29440E-01
    57      38    1066.27285      -0.26132E-01
    58      71    3077.45728       0.22596E-01
    59      39    1071.97559      -0.18737E-01
    60      43    1253.96672       0.18124E-01
    61      54    1469.24627       0.17063E-01
    62      37    1051.84160      -0.16519E-01
    63      80    3203.70011      -0.12412E-01
    64      12     270.86236      -0.11628E-01
    65      51    1428.13654       0.10710E-01
    66      48    1396.34028       0.10108E-01
    67      52    1432.54113      -0.98832E-02
    68      31     976.84799       0.97898E-02
    69      35    1045.92230       0.71525E-02
    70      70    3074.91237       0.69689E-02
    71      68    3064.86362       0.67376E-02
    72      58    1489.34473       0.52605E-02
    73      47    1369.99340       0.49599E-02
    74      76    3146.44489       0.45457E-02
    75      77    3170.15329      -0.33536E-02
    76      73    3127.56036      -0.25433E-02
    77      78    3175.68906      -0.25129E-02
    78      74    3134.41012      -0.18068E-02
    79      69    3074.44552      -0.17432E-02
    80      75    3136.67213      -0.15580E-02
    81      79    3176.83317      -0.54412E-03
   
   
 MODES OF STATE2 IN ORDER OF DECREASING FR COUPL
 ESTIMATED BY THE MAGNITUDE OF THE  0-0 INTEGRAL FC(0,0)
 1D MODEL WITH THE MODE OF STATE1 WITH LARGEST PROJECTION
 ONLY FREQ CHANGE (NO DUSCHINSKY NO DISPLACEMENT). WE PRINT OUT 1/FC(0,0)
    IND   MODE2   FREQ        MODE1      FR           FR. SHIFT        1/FC(0,0)
     1     8   181.08357         4    77.80417       103.27939         1.04429
     2     3    67.64359         5   108.78829       -41.14470         1.01408
     3    19   525.82249        29   782.01739      -256.19491         1.00983
     4     4    71.28647         3    50.29273        20.99375         1.00760
     5    20   543.06399        18   413.60658       129.45741         1.00463
     6    25   644.09236        20   505.53382       138.55854         1.00366
     7     1    24.73293         1    30.40024        -5.66731         1.00266
     8     5   129.31303         7   151.96459       -22.65156         1.00163
     9    31   976.84799        30   832.40009       144.44790         1.00160
    10     6   146.09624         6   127.02395        19.07229         1.00122
    11    44  1263.30270        41  1101.77381       161.52889         1.00117
    12    61  1510.13305        46  1338.21724       171.91581         1.00091
    13     2    42.58771         2    47.64260        -5.05489         1.00079
    14    65  1714.43105        63  1551.20547       163.22558         1.00063
    15    46  1342.70161        44  1245.01940        97.68221         1.00036
    16    26   661.42293        24   618.18482        43.23811         1.00029
    17     7   171.36466         8   160.21534        11.14932         1.00028
    18    13   280.52909        12   262.42632        18.10277         1.00028
    19     9   208.74860         9   196.90883        11.83977         1.00021
    20    63  1643.38037        63  1551.20547        92.17490         1.00021
    21    66  1746.57281        66  1654.15140        92.42141         1.00018
    22    43  1253.96672        45  1315.52057       -61.55386         1.00014
    23    17   397.60944        17   380.11268        17.49675         1.00013
    24    16   353.84948        16   338.73164        15.11784         1.00012
    25    23   611.59212        23   589.35759        22.23453         1.00009
    26    72  3123.24015        68  3021.96574       101.27441         1.00007
    27    37  1051.84160        34  1018.50340        33.33820         1.00006
    28    64  1679.74539        65  1626.74806        52.99733         1.00006
    29    22   575.90420        22   559.20153        16.70267         1.00005
    30    45  1304.80609        47  1342.98743       -38.18134         1.00005
    31    67  2988.83293        67  2904.34006        84.49287         1.00005
    32    11   259.10076        11   252.26135         6.83942         1.00004
    33    14   329.38740        14   320.78251         8.60489         1.00004
    34    28   716.66762        27   701.31256        15.35506         1.00003
    35    39  1071.97559        37  1050.29434        21.68125         1.00003
    36    35  1045.92230        35  1024.83345        21.08885         1.00003
    37    10   233.46198        10   228.75824         4.70374         1.00003
    38    27   691.74994        26   678.47959        13.27034         1.00002
    39    34  1034.62244        38  1054.84837       -20.22593         1.00002
    40    21   563.92672        21   553.80700        10.11971         1.00002
    41    47  1369.99340        49  1393.42581       -23.43241         1.00002
    42    81  3645.15096        81  3583.86472        61.28624         1.00002
    43    80  3203.70011        78  3155.49872        48.20139         1.00001
    44    36  1049.30281        36  1037.14201        12.16080         1.00001
    45    60  1500.23622        62  1516.57643       -16.34021         1.00001
    46    41  1150.18764        42  1162.62393       -12.43629         1.00001
    47    78  3175.68906        77  3142.16991        33.51916         1.00001
    48    40  1101.20259        40  1090.46912        10.73347         1.00001
    49    50  1414.11605        50  1400.50296        13.61309         1.00001
    50    58  1489.34473        61  1502.74588       -13.40115         1.00001
    51    38  1066.27285        39  1058.04740         8.22546         1.00000
    52    71  3077.45728        69  3055.78350        21.67378         1.00000
    53    51  1428.13654        52  1438.13892       -10.00238         1.00000
    54    74  3134.41012        73  3114.64450        19.76562         1.00000
    55    18   448.45033        19   451.23678        -2.78646         1.00000
    56    57  1477.50222        59  1486.67672        -9.17450         1.00000
    57    33  1002.56641        33  1008.44699        -5.88057         1.00000
    58    42  1188.42347        43  1195.20926        -6.78580         1.00000
    59    62  1524.72773        62  1516.57643         8.15130         1.00000
    60    32   995.78851        32   990.69073         5.09778         1.00000
    61    52  1432.54113        53  1439.78782        -7.24669         1.00000
    62    24   629.08968        25   626.54445         2.54523         1.00000
    63    76  3146.44489        75  3133.82620        12.61868         1.00000
    64    29   747.88750        28   750.88338        -2.99589         1.00000
    65    69  3074.44552        71  3064.30357        10.14194         1.00000
    66    55  1471.66506        58  1476.24948        -4.58443         1.00000
    67    48  1396.34028        50  1400.50296        -4.16268         1.00000
    68    68  3064.86362        70  3057.09058         7.77303         1.00000
    69    15   337.78793        15   336.96468         0.82325         1.00000
    70    30   957.07525        31   959.36696        -2.29170         1.00000
    71    53  1464.18592        55  1461.17968         3.00624         1.00000
    72    70  3074.91237        72  3068.84993         6.06244         1.00000
    73    77  3170.15329        79  3164.18737         5.96592         1.00000
    74    12   270.86236        13   271.35675        -0.49439         1.00000
    75    49  1406.62048        51  1408.71356        -2.09309         1.00000
    76    79  3176.83317        80  3173.18180         3.65136         1.00000
    77    59  1493.92074        60  1493.13973         0.78102         1.00000
    78    54  1469.24627        56  1469.94568        -0.69941         1.00000
    79    73  3127.56036        74  3128.73312        -1.17276         1.00000
    80    75  3136.67213        76  3137.34572        -0.67360         1.00000
    81    56  1474.46341        57  1474.37998         0.08343         1.00000
   
   
  
  
 DIMENSIONLESS SHIFTS 
   IND     STATE1       STATE2
     1     0.13960E+01     0.17807E+01
     2    -0.29487E+00     0.25109E+00
     3    -0.12726E+00    -0.12642E+01
     4     0.14943E+01    -0.48033E+00
     5    -0.15335E+01     0.35720E+00
     6     0.90650E-01     0.18060E+00
     7    -0.86349E+00    -0.12716E+01
     8     0.12404E+01    -0.78894E+00
     9    -0.10051E+01    -0.84982E+00
    10    -0.50246E-01     0.13982E+00
    11     0.93033E+00    -0.97078E-01
    12     0.16724E+00    -0.11628E-01
    13    -0.55168E+00    -0.45746E-01
    14     0.56115E+00     0.58395E+00
    15     0.10728E+00    -0.58166E+00
    16     0.19441E+00     0.40828E+00
    17     0.19486E+00     0.64441E-01
    18     0.17148E+00    -0.91310E+00
    19     0.82445E+00    -0.13760E+00
    20    -0.58425E+00     0.27869E+00
    21     0.44215E+00     0.20383E+00
    22     0.13242E+00    -0.32014E+00
    23    -0.39603E+00     0.10048E+00
    24    -0.33419E-01     0.39379E-01
    25     0.77678E-01    -0.22601E+00
    26    -0.27736E-01     0.11575E+00
    27    -0.20285E+00     0.77344E-01
    28     0.80825E-01    -0.31043E+00
    29     0.28504E+00     0.12920E+00
    30    -0.49216E+00    -0.29440E-01
    31    -0.51962E-01     0.97898E-02
    32     0.26222E+00    -0.41368E+00
    33     0.34778E+00    -0.39877E+00
    34     0.24283E-01    -0.85251E-01
    35    -0.18943E+00     0.71525E-02
    36    -0.12039E-01     0.24630E+00
    37     0.14438E-01    -0.16519E-01
    38    -0.15010E-01    -0.26132E-01
    39     0.78488E-01    -0.18737E-01
    40    -0.10172E-01    -0.18956E+00
    41     0.40479E-01    -0.41096E-01
    42     0.16233E+00    -0.25640E+00
    43    -0.30989E+00     0.18124E-01
    44    -0.28317E-01     0.49287E-01
    45    -0.38017E-01     0.13124E+00
    46     0.37028E+00    -0.94952E-01
    47    -0.77865E-01     0.49599E-02
    48    -0.99185E-01     0.10108E-01
    49    -0.12531E-01    -0.11232E+00
    50    -0.46306E-01     0.13514E+00
    51    -0.30268E-01     0.10710E-01
    52    -0.12788E-01    -0.98832E-02
    53     0.70182E-01    -0.79989E-01
    54     0.46469E-01     0.17063E-01
    55    -0.30648E-01     0.92589E-01
    56     0.12417E+00     0.96328E-01
    57    -0.73916E-01     0.85171E-01
    58    -0.11227E+00     0.52605E-02
    59    -0.62488E-01     0.47947E-01
    60     0.20293E+00     0.78246E-01
    61     0.24303E+00    -0.34411E+00
    62    -0.17494E+00    -0.60084E-01
    63     0.91156E+00     0.62145E+00
    64     0.54685E+00    -0.75845E+00
    65     0.45922E+00    -0.57868E+00
    66     0.18272E+00    -0.56585E+00
    67    -0.67571E-01     0.73358E-01
    68     0.24476E-01     0.67376E-02
    69     0.15946E-01    -0.17432E-02
    70     0.12239E-01     0.69689E-02
    71     0.13159E-01     0.22596E-01
    72     0.87056E-02    -0.37630E-01
    73    -0.10860E-02    -0.25433E-02
    74     0.72131E-02    -0.18068E-02
    75    -0.37592E-02    -0.15580E-02
    76    -0.84571E-02     0.45457E-02
    77     0.17906E-02    -0.33536E-02
    78     0.70587E-02    -0.25129E-02
    79    -0.29909E-02    -0.54412E-03
    80     0.17381E-02    -0.12412E-01
    81    -0.62803E-01     0.61908E-01
  SUM SQUARED DIMENSIONLESS DISPL STATE1       15.4199
  SUM SQUARED DIMENSIONLESS DISPL STATE2       12.6899
  VALUE STATE1 GROUND VIB WAVEFUN AT GEO2       0.0004
  VALUE STATE2 GROUND VIB WAVEFUN AT GEO1       0.0018
  VALUE STATE1 GROUND VIB WAVEFUN AT (GEO1+GEO2)/2      0.1455
  VALUE STATE2 GROUND VIB WAVEFUN AT (GEO1+GEO2)/2      0.2047

 Printing Duschinski matrix to 'duschinsky.dat'


 Printing Shift vector to 'displacement.dat'


NOTE: DE derived from state files:   3.106 (eV)                                                           
 


 ===========================
  REORGANIZATION ENERGY
 ===========================
     0.012133  (Hartree)
     0.330148  (eV)



 ===============================
  ZERO-POINT ENERGY CORRECTIONS 
 ===============================


                    ZERO POINT ENERGY (CM-1)
    E01=     52752.41    E02=     53574.80


                    0-0 ENERGY DIFFERENCE
       3.00419 eV


                    ADIABATIC ENERGY (DIFFERENCE BETWEEN En AT MINIMA) 
       3.10615 eV


 An Internal Conversion Rate will be computed


 =====================================

  NON ADIABATIC COUPLING (NAC) VECTOR 

 =====================================
 Model for NAC expansion: ICi
 NAC in Cartessian coordinates (from input), (au)
  Atom       d/dx        d/dy        d/dz  
 ---------------------------------------------
   1     -0.070915    0.230815   -0.042499
   2     -0.252072   -0.007014   -0.079357
   3     -0.705443   -0.227865   -0.162105
   4     -0.008451   -0.003633   -0.007850
   5     -0.136203   -0.532110   -0.030066
   6      0.392304   -0.219733    0.106111
   7      0.171338    0.393351    0.042825
   8      0.313941    0.233183    0.079235
   9      0.079807    0.012828   -0.013292
  10      0.079516    0.039725    0.007812
  11      0.027087    0.019044    0.004225
  12     -0.420896    0.296934   -0.030496
  13      0.327629   -0.227480    0.088124
  14      0.014344    0.020395    0.006543
  15      0.004342    0.001493   -0.000037
  16      0.008795   -0.011808    0.006933
  17      0.011044   -0.011014   -0.003374
  18      0.013446   -0.005999   -0.000202
  19     -0.001297   -0.004975    0.002936
  20      0.003759   -0.008193   -0.001579
  21      0.003486   -0.009122    0.006051
  22     -0.014995   -0.033618   -0.032433
  23     -0.007080   -0.001277    0.002944
  24     -0.017172   -0.003628    0.001432
  25     -0.002848    0.000545    0.005710
  26      0.020172   -0.009535   -0.003002
  27      0.001699    0.010766    0.004154
  28      0.001396    0.014330   -0.001712
  29      0.000770    0.001727    0.005363
 
 NAC in internal coordinates, (au)
  S       d/dS1     
 -------------------
   1      0.027373
   2     -0.118686
   3     -0.038875
   4     -0.015824
   5      0.076220
   6     -0.037386
   7     -0.016590
   8     -0.195983
   9      0.145892
  10      0.058789
  11     -0.061761
  12      0.136557
  13     -0.012524
  14      0.098196
  15     -0.266804
  16      0.207642
  17      0.068515
  18     -0.217843
  19      0.031543
  20      0.003551
  21     -0.037068
  22     -0.039949
  23      0.119683
  24      0.010841
  25     -0.183005
  26      0.169371
  27     -0.278213
  28     -0.028117
  29      0.048652
  30     -0.392566
  31     -0.130742
  32      0.055508
  33     -0.002770
  34     -0.048721
  35     -0.083147
  36      0.049754
  37      0.087011
  38     -0.080285
  39     -0.357974
  40     -0.096833
  41      0.050549
  42      0.006677
  43      0.014302
  44      0.015154
  45     -0.000885
  46      0.003220
  47     -0.003122
  48      0.003418
  49      0.002754
  50      0.035406
  51     -0.024623
  52     -0.092577
  53     -0.001655
  54     -0.007097
  55      0.000305
  56      0.001678
  57     -0.001479
  58      0.003937
  59     -0.000452
  60     -0.000109
  61      0.001787
  62      0.006558
  63     -0.004327
  64     -0.008794
  65     -0.008413
  66      0.008338
  67     -0.009918
  68      0.001346
  69     -0.011664
  70      0.001809
  71     -0.009721
  72      0.000049
  73      0.001145
  74     -0.001821
  75     -0.000506
  76      0.000216
  77     -0.003306
  78      0.001187
  79      0.004124
  80     -0.007601
  81      0.001084
 
 NAC in State 1 normal mode coordinates (au)
  Mode    d/dQ1     
 -------------------
   1     -0.000014
   2     -0.000146
   3      0.000039
   4     -0.000152
   5      0.000098
   6     -0.000021
   7     -0.000047
   8     -0.000021
   9     -0.000145
  10     -0.000035
  11     -0.000163
  12     -0.000310
  13     -0.000241
  14      0.000062
  15     -0.000196
  16     -0.000065
  17     -0.000231
  18      0.000003
  19      0.000458
  20      0.000110
  21     -0.000511
  22     -0.000166
  23     -0.000119
  24     -0.000226
  25      0.000918
  26     -0.000056
  27     -0.000075
  28      0.000289
  29      0.000147
  30      0.000233
  31      0.000064
  32      0.000129
  33     -0.000254
  34      0.000318
  35     -0.000783
  36     -0.000274
  37     -0.001192
  38      0.002729
  39     -0.001186
  40     -0.000937
  41      0.000674
  42     -0.000729
  43     -0.000332
  44     -0.000804
  45      0.001936
  46      0.000745
  47     -0.001121
  48      0.003876
  49     -0.000649
  50      0.000386
  51      0.000530
  52      0.000553
  53     -0.000773
  54     -0.004126
  55     -0.000294
  56      0.000215
  57     -0.000409
  58      0.002263
  59      0.000750
  60     -0.000230
  61      0.001796
  62      0.002770
  63     -0.001192
  64      0.001168
  65      0.002649
  66     -0.003196
  67     -0.000232
  68      0.000226
  69     -0.000118
  70     -0.000216
  71      0.000020
  72      0.000094
  73      0.000000
  74      0.000096
  75     -0.000093
  76     -0.000025
  77     -0.000086
  78     -0.000011
  79      0.000000
  80     -0.000044
  81     -0.000028
 
 NAC in State 2 normal mode coordinates (au)
  Mode    d/dQ2     
 -------------------
   1      0.000018
   2     -0.000121
   3     -0.000197
   4     -0.000134
   5     -0.000072
   6     -0.000106
   7      0.000023
   8      0.000003
   9      0.000106
  10     -0.000188
  11      0.000127
  12      0.000205
  13      0.000259
  14     -0.000202
  15      0.000063
  16      0.000241
  17      0.000141
  18      0.000440
  19      0.000058
  20      0.000476
  21      0.000092
  22     -0.000085
  23      0.000311
  24      0.001182
  25      0.000106
  26      0.000010
  27      0.000012
  28     -0.000013
  29      0.000636
  30      0.002101
  31      0.000502
  32      0.000097
  33      0.000561
  34     -0.003633
  35     -0.000207
  36      0.000278
  37      0.001114
  38      0.000539
  39      0.000336
  40     -0.000322
  41      0.000165
  42     -0.000168
  43      0.005847
  44     -0.000526
  45      0.000119
  46     -0.000290
  47      0.000938
  48      0.000348
  49     -0.000717
  50      0.000291
  51     -0.000468
  52     -0.000668
  53     -0.001406
  54      0.000157
  55      0.000160
  56     -0.000985
  57     -0.000141
  58     -0.001677
  59     -0.002019
  60      0.003721
  61     -0.000706
  62     -0.001431
  63      0.002064
  64      0.001294
  65      0.000209
  66      0.000288
  67     -0.000233
  68     -0.000207
  69     -0.000129
  70     -0.000109
  71      0.000103
  72      0.000152
  73      0.000067
  74     -0.000018
  75     -0.000067
  76     -0.000087
  77     -0.000032
  78      0.000061
  79      0.000042
  80     -0.000003
  81     -0.000027
 

NOTE: Spectra resolution set to:  0.00100                                                                 
 

NOTE: Initial energy of exported spectrum (en0) estimated:   0.0000                                       
 

NOTE: Final energy of exported spectrum (enfin) estimated:   4.1692                                       
 

NOTE: To ensure exact match of TI and TD results, final spectral range reset to:    0.0000-               
           4.1690(eV)                                                                                     
 

 ----------------------------------------
 Refined spectral range for simulations: 
  nene       =      4170
  From E(eV) =    0.0000
  To   E(eV) =    4.1690
 
  Ead (eV)   =       3.1062
  E00 (eV)   =       3.0042
 
 Related time-domain parameters
 (with extended range):
  ntime        =         3586
  dt           =       0.5766
  tfin         =    2067.5453
  dE_extra(eV) =       1.5010
 ----------------------------------------


NOTE: Classic spectra only available for OPA/EMI                                                          
 

NOTE: To ensure exact match of TI and TD results, final spectral range reset to:    0.0000-               
           4.1690(eV)                                                                                     
 


 ____________________________________________
  ============================================
  PROGRAM: td_icrate
   Compute vibronic spectra with a harmonic 
   TD formulation                           
 ____________________________________________
  ============================================
 
 SUMMARY OF CALCULATION OPTIONS
 -------------------------------
 Adiabatic Energy (eV)  :   3.1062

 Tipe of transition     : EMI

 Numerical evaluation of xi(t)
         Total time (fs):  2067.545
         Nr data points : 3586
         Time step (fs) :  0.577    

 Broad. function        : LOR  
 Broad. exponent        :    3.675E-04
 Broad. order           : 1
 -------------------------------

 Computing correlation functions over 3586 points


 Entering in dft_calc subroutine (not FFT)
 Ndata7172
 tini and tfin -2067.545    2067.545

 df  2.417989460082602E-004
 dt  0.576640731186024     
 =========== tdspectra finished ===========  
 Timing...
  CPU (s) for tdspectra :       8.593
 ==========================================
                                           
 
 ========================================================
 IC rate constant (s-1)  1.278E+09
 (for Ead =     3.106 eV)
 ========================================================
 
 
 Integral knr vs Ead (au)
 -------------------------------------------
 From calculation    = 1.8664E-06
 Analytical value    = 1.8781E-06
 ····································
 Ratio               = 0.9938    
 
 



===============================

 SUMMARY OF NOTES AND WARNINGS

===============================
 ---------------------------------
 13 notes raised along the run
 Look for NOTE in the output
 ---------------------------------

 
 ****************** FCclasses finished *******************
 Timing...   
  CPU (s)       8.726
 *********************************************************
 
